Log file open, 01/19/20 04:07:14
LogWindows: Failed to load 'aqProf.dll' (GetLastError=126)
LogWindows: File 'aqProf.dll' does not exist
LogWindows: Failed to load 'VtuneApi.dll' (GetLastError=126)
LogWindows: File 'VtuneApi.dll' does not exist
LogWindows: Failed to load 'VtuneApi32e.dll' (GetLastError=126)
LogWindows: File 'VtuneApi32e.dll' does not exist
LogConsoleResponse: Display: Failed to find resolution value strings in scalability ini. Falling back to default.
LogInit: Display: Running engine for game: ModernGladiator
LogPlatformFile: Not using cached read wrapper
LogTaskGraph: Started task graph with 5 named threads and 35 total threads with 3 sets of task threads.
LogStats: Stats thread started at 0.073791
LogD3D11RHI: Loaded GFSDK_Aftermath_Lib.x64.dll
LogICUInternationalization: ICU TimeZone Detection - Raw Offset: -5:00, Platform Override: ''
LogPluginManager: Mounting plugin Paper2D
LogPluginManager: Mounting plugin AISupport
LogPluginManager: Mounting plugin LightPropagationVolume
LogPluginManager: Mounting plugin ActorLayerUtilities
LogPluginManager: Mounting plugin AnimationSharing
LogPluginManager: Mounting plugin CLionSourceCodeAccess
LogPluginManager: Mounting plugin CodeLiteSourceCodeAccess
LogPluginManager: Mounting plugin GitSourceControl
LogPluginManager: Mounting plugin KDevelopSourceCodeAccess
LogPluginManager: Mounting plugin NullSourceCodeAccess
LogPluginManager: Mounting plugin PerforceSourceControl
LogPluginManager: Mounting plugin PlasticSourceControl
LogPluginManager: Mounting plugin SubversionSourceControl
LogPluginManager: Mounting plugin UObjectPlugin
LogPluginManager: Mounting plugin VisualStudioCodeSourceCodeAccess
LogPluginManager: Mounting plugin VisualStudioSourceCodeAccess
LogPluginManager: Mounting plugin XCodeSourceCodeAccess
LogPluginManager: Mounting plugin AssetManagerEditor
LogPluginManager: Mounting plugin CryptoKeys
LogPluginManager: Mounting plugin CurveEditorTools
LogPluginManager: Mounting plugin DataValidation
LogPluginManager: Mounting plugin FacialAnimation
LogPluginManager: Mounting plugin GameplayTagsEditor
LogPluginManager: Mounting plugin MacGraphicsSwitching
LogPluginManager: Mounting plugin MaterialAnalyzer
LogPluginManager: Mounting plugin MobileLauncherProfileWizard
LogPluginManager: Mounting plugin PluginBrowser
LogPluginManager: Mounting plugin SpeedTreeImporter
LogPluginManager: Mounting plugin DatasmithContent
LogPluginManager: Mounting plugin VariantManagerContent
LogPluginManager: Mounting plugin AlembicImporter
LogPluginManager: Mounting plugin AutomationUtils
LogPluginManager: Mounting plugin BackChannel
LogPluginManager: Mounting plugin CharacterAI
LogPluginManager: Mounting plugin GeometryCache
LogPluginManager: Mounting plugin PlatformCrypto
LogPluginManager: Mounting plugin ProxyLODPlugin
LogPluginManager: Mounting plugin SkeletalReduction
LogPluginManager: Mounting plugin MagicLeap
LogPluginManager: Mounting plugin MagicLeapMedia
LogPluginManager: Mounting plugin MLSDK
LogPluginManager: Mounting plugin AndroidMedia
LogPluginManager: Mounting plugin AvfMedia
LogPluginManager: Mounting plugin ImgMedia
LogPluginManager: Mounting plugin MediaCompositing
LogPluginManager: Mounting plugin MediaPlayerEditor
LogPluginManager: Mounting plugin WebMMedia
LogPluginManager: Mounting plugin WmfMedia
LogPluginManager: Mounting plugin TcpMessaging
LogPluginManager: Mounting plugin UdpMessaging
LogPluginManager: Mounting plugin ActorSequence
LogPluginManager: Mounting plugin LevelSequenceEditor
LogPluginManager: Mounting plugin MatineeToLevelSequence
LogPluginManager: Mounting plugin NetcodeUnitTest
LogPluginManager: Mounting plugin NUTUnrealEngine4
LogPluginManager: Mounting plugin OnlineSubsystemGooglePlay
LogPluginManager: Mounting plugin OnlineSubsystemIOS
LogPluginManager: Mounting plugin OnlineSubsystem
LogPluginManager: Mounting plugin OnlineSubsystemNull
LogPluginManager: Mounting plugin OnlineSubsystemUtils
LogPluginManager: Mounting plugin LauncherChunkInstaller
LogPluginManager: Mounting plugin AndroidDeviceProfileSelector
LogPluginManager: Mounting plugin AndroidMoviePlayer
LogPluginManager: Mounting plugin AndroidPermission
LogPluginManager: Mounting plugin AppleImageUtils
LogPluginManager: Mounting plugin AppleMoviePlayer
LogPluginManager: Mounting plugin ArchVisCharacter
LogPluginManager: Mounting plugin AssetTags
LogPluginManager: Mounting plugin AudioCapture
LogPluginManager: Mounting plugin CableComponent
LogPluginManager: Mounting plugin CustomMeshComponent
LogPluginManager: Mounting plugin EditableMesh
LogPluginManager: Mounting plugin ExampleDeviceProfileSelector
LogPluginManager: Mounting plugin GoogleCloudMessaging
LogPluginManager: Mounting plugin IOSDeviceProfileSelector
LogPluginManager: Mounting plugin LinuxDeviceProfileSelector
LogPluginManager: Mounting plugin LocationServicesBPLibrary
LogPluginManager: Mounting plugin MobilePatchingUtils
LogPluginManager: Mounting plugin OculusVR
LogPluginManager: Mounting plugin PhysXVehicles
LogPluginManager: Mounting plugin PostSplashScreen
LogPluginManager: Mounting plugin ProceduralMeshComponent
LogPluginManager: Mounting plugin RuntimePhysXCooking
LogPluginManager: Mounting plugin SignificanceManager
LogPluginManager: Mounting plugin SteamVR
LogPluginManager: Mounting plugin WebMMoviePlayer
LogPluginManager: Mounting plugin WindowsMoviePlayer
LogPluginManager: Mounting plugin ScreenshotTools
LogInit: Using libcurl 7.55.1-DEV
LogInit:  - built for x86_64-pc-win32
LogInit:  - supports SSL with OpenSSL/1.1.1
LogInit:  - supports HTTP deflate (compression) using libz 1.2.8
LogInit:  - other features:
LogInit:      CURL_VERSION_SSL
LogInit:      CURL_VERSION_LIBZ
LogInit:      CURL_VERSION_IPV6
LogInit:      CURL_VERSION_ASYNCHDNS
LogInit:      CURL_VERSION_LARGEFILE
LogInit:      CURL_VERSION_IDN
LogInit:  CurlRequestOptions (configurable via config and command line):
LogInit:  - bVerifyPeer = true  - Libcurl will verify peer certificate
LogInit:  - bUseHttpProxy = false  - Libcurl will NOT use HTTP proxy
LogInit:  - bDontReuseConnections = false  - Libcurl will reuse connections
LogInit:  - MaxHostConnections = 16  - Libcurl will limit the number of connections to a host
LogInit:  - LocalHostAddr = Default
LogInit:  - BufferSize = 65536
LogOnline: OSS: Creating online subsystem instance for: NULL
LogInit: WinSock: version 1.1 (2.2), MaxSocks=32767, MaxUdp=65467
LogOnline: OSS: TryLoadSubsystemAndSetDefault: Loaded subsystem for module [NULL]
LogInit: Build: ++UE4+Release-4.24-CL-10757647
LogInit: Engine Version: 4.24.1-10757647+++UE4+Release-4.24
LogInit: Compatible Engine Version: 4.24.0-10570792+++UE4+Release-4.24
LogInit: Net CL: 10570792
LogInit: OS: Windows 10 (Release 1903) (), CPU: Intel(R) Core(TM) i7-8750H CPU @ 2.20GHz, GPU: Intel(R) UHD Graphics 630
LogInit: Compiled (64-bit): Dec 17 2019 02:08:03
LogInit: Compiled with Visual C++: 19.16.27032.01
LogInit: Build Configuration: Development
LogInit: Branch Name: ++UE4+Release-4.24
LogInit: Command Line:  -EpicPortal -epicusername=lesupermomo -epicuserid=859de334226d43be99f89fefc41d3d37 -epiclocale=en-US
LogInit: Base Directory: D:/Program Files/Epic Games/UE_4.24/Engine/Binaries/Win64/
LogInit: Installed Engine Build: 1
LogDevObjectVersion: Number of dev versions registered: 25
LogDevObjectVersion:   Dev-Blueprints (B0D832E4-1F89-4F0D-ACCF-7EB736FD4AA2): 10
LogDevObjectVersion:   Dev-Build (E1C64328-A22C-4D53-A36C-8E866417BD8C): 0
LogDevObjectVersion:   Dev-Core (375EC13C-06E4-48FB-B500-84F0262A717E): 3
LogDevObjectVersion:   Dev-Editor (E4B068ED-F494-42E9-A231-DA0B2E46BB41): 37
LogDevObjectVersion:   Dev-Framework (CFFC743F-43B0-4480-9391-14DF171D2073): 36
LogDevObjectVersion:   Dev-Mobile (B02B49B5-BB20-44E9-A304-32B752E40360): 2
LogDevObjectVersion:   Dev-Networking (A4E4105C-59A1-49B5-A7C5-40C4547EDFEE): 0
LogDevObjectVersion:   Dev-Online (39C831C9-5AE6-47DC-9A44-9C173E1C8E7C): 0
LogDevObjectVersion:   Dev-Physics (78F01B33-EBEA-4F98-B9B4-84EACCB95AA2): 2
LogDevObjectVersion:   Dev-Platform (6631380F-2D4D-43E0-8009-CF276956A95A): 0
LogDevObjectVersion:   Dev-Rendering (12F88B9F-8875-4AFC-A67C-D90C383ABD29): 36
LogDevObjectVersion:   Dev-Sequencer (7B5AE74C-D270-4C10-A958-57980B212A5A): 11
LogDevObjectVersion:   Dev-VR (D7296918-1DD6-4BDD-9DE2-64A83CC13884): 2
LogDevObjectVersion:   Dev-LoadTimes (C2A15278-BFE7-4AFE-6C17-90FF531DF755): 1
LogDevObjectVersion:   Private-Geometry (6EACA3D4-40EC-4CC1-B786-8BED09428FC5): 3
LogDevObjectVersion:   Dev-AnimPhys (29E575DD-E0A3-4627-9D10-D276232CDCEA): 17
LogDevObjectVersion:   Dev-Anim (AF43A65D-7FD3-4947-9873-3E8ED9C1BB05): 2
LogDevObjectVersion:   Dev-ReflectionCapture (6B266CEC-1EC7-4B8F-A30B-E4D90942FC07): 1
LogDevObjectVersion:   Dev-Automation (0DF73D61-A23F-47EA-B727-89E90C41499A): 1
LogDevObjectVersion:   FortniteMain (601D1886-AC64-4F84-AA16-D3DE0DEAC7D6): 31
LogDevObjectVersion:   Dev-Enterprise (9DFFBCD6-494F-0158-E221-12823C92A888): 8
LogDevObjectVersion:   Dev-Niagara (F2AED0AC-9AFE-416F-8664-AA7FFA26D6FC): 1
LogDevObjectVersion:   Dev-Destruction (174F1F0B-B4C6-45A5-B13F-2EE8D0FB917D): 9
LogDevObjectVersion:   Dev-Physics-Ext (35F94A83-E258-406C-A318-09F59610247C): 8
LogDevObjectVersion:   Dev-CineCamera (B2E18506-4273-CFC2-A54E-F4BB758BBA07): 1
LogInit: Presizing for max 25165824 objects, including 0 objects not considered by GC, pre-allocating 0 bytes for permanent pool.
LogInit: Object subsystem initialized
LogConfig: Setting CVar [[con.DebugEarlyDefault:1]]
LogConfig: Setting CVar [[r.setres:1280x720]]
[2020.01.19-09.07.14:597][  0]LogConfig: Setting CVar [[r.VSync:0]]
[2020.01.19-09.07.14:597][  0]LogConfig: Setting CVar [[r.RHICmdBypass:0]]
[2020.01.19-09.07.14:597][  0]LogConfig: Applying CVar settings from Section [/Script/Engine.RendererSettings] File [D:/lesupermomo/git2/Modern_Gladiator/ModernGladiator/Saved/Config/Windows/Engine.ini]
[2020.01.19-09.07.14:597][  0]LogConfig: Setting CVar [[r.GPUCrashDebugging:0]]
[2020.01.19-09.07.14:597][  0]LogConfig: Applying CVar settings from Section [/Script/Engine.RendererOverrideSettings] File [D:/lesupermomo/git2/Modern_Gladiator/ModernGladiator/Saved/Config/Windows/Engine.ini]
[2020.01.19-09.07.14:597][  0]LogConfig: Applying CVar settings from Section [/Script/Engine.StreamingSettings] File [D:/lesupermomo/git2/Modern_Gladiator/ModernGladiator/Saved/Config/Windows/Engine.ini]
[2020.01.19-09.07.14:597][  0]LogConfig: Setting CVar [[s.MinBulkDataSizeForAsyncLoading:131072]]
[2020.01.19-09.07.14:597][  0]LogConfig: Setting CVar [[s.AsyncLoadingThreadEnabled:0]]
[2020.01.19-09.07.14:597][  0]LogConfig: Setting CVar [[s.EventDrivenLoaderEnabled:1]]
[2020.01.19-09.07.14:597][  0]LogConfig: Setting CVar [[s.WarnIfTimeLimitExceeded:0]]
[2020.01.19-09.07.14:597][  0]LogConfig: Setting CVar [[s.TimeLimitExceededMultiplier:1.5]]
[2020.01.19-09.07.14:597][  0]LogConfig: Setting CVar [[s.TimeLimitExceededMinTime:0.005]]
[2020.01.19-09.07.14:597][  0]LogConfig: Setting CVar [[s.UseBackgroundLevelStreaming:1]]
[2020.01.19-09.07.14:597][  0]LogConfig: Setting CVar [[s.PriorityAsyncLoadingExtraTime:15.0]]
[2020.01.19-09.07.14:597][  0]LogConfig: Setting CVar [[s.LevelStreamingActorsUpdateTimeLimit:5.0]]
[2020.01.19-09.07.14:597][  0]LogConfig: Setting CVar [[s.PriorityLevelStreamingActorsUpdateExtraTime:5.0]]
[2020.01.19-09.07.14:597][  0]LogConfig: Setting CVar [[s.LevelStreamingComponentsRegistrationGranularity:10]]
[2020.01.19-09.07.14:597][  0]LogConfig: Setting CVar [[s.UnregisterComponentsTimeLimit:1.0]]
[2020.01.19-09.07.14:597][  0]LogConfig: Setting CVar [[s.LevelStreamingComponentsUnregistrationGranularity:5]]
[2020.01.19-09.07.14:597][  0]LogConfig: Setting CVar [[s.FlushStreamingOnExit:1]]
[2020.01.19-09.07.14:597][  0]LogConfig: Applying CVar settings from Section [/Script/Engine.GarbageCollectionSettings] File [D:/lesupermomo/git2/Modern_Gladiator/ModernGladiator/Saved/Config/Windows/Engine.ini]
[2020.01.19-09.07.14:597][  0]LogConfig: Setting CVar [[gc.MaxObjectsNotConsideredByGC:1]]
[2020.01.19-09.07.14:597][  0]LogConfig: Setting CVar [[gc.SizeOfPermanentObjectPool:0]]
[2020.01.19-09.07.14:597][  0]LogConfig: Setting CVar [[gc.FlushStreamingOnGC:0]]
[2020.01.19-09.07.14:597][  0]LogConfig: Setting CVar [[gc.NumRetriesBeforeForcingGC:10]]
[2020.01.19-09.07.14:597][  0]LogConfig: Setting CVar [[gc.AllowParallelGC:1]]
[2020.01.19-09.07.14:597][  0]LogConfig: Setting CVar [[gc.TimeBetweenPurgingPendingKillObjects:61.1]]
[2020.01.19-09.07.14:597][  0]LogConfig: Setting CVar [[gc.MaxObjectsInEditor:25165824]]
[2020.01.19-09.07.14:597][  0]LogConfig: Setting CVar [[gc.IncrementalBeginDestroyEnabled:1]]
[2020.01.19-09.07.14:597][  0]LogConfig: Setting CVar [[gc.CreateGCClusters:1]]
[2020.01.19-09.07.14:597][  0]LogConfig: Setting CVar [[gc.MinGCClusterSize:5]]
[2020.01.19-09.07.14:597][  0]LogConfig: Setting CVar [[gc.ActorClusteringEnabled:0]]
[2020.01.19-09.07.14:597][  0]LogConfig: Setting CVar [[gc.BlueprintClusteringEnabled:0]]
[2020.01.19-09.07.14:597][  0]LogConfig: Setting CVar [[gc.UseDisregardForGCOnDedicatedServers:0]]
[2020.01.19-09.07.14:597][  0]LogConfig: Applying CVar settings from Section [/Script/Engine.NetworkSettings] File [D:/lesupermomo/git2/Modern_Gladiator/ModernGladiator/Saved/Config/Windows/Engine.ini]
[2020.01.19-09.07.14:597][  0]LogConfig: Applying CVar settings from Section [/Script/UnrealEd.CookerSettings] File [D:/lesupermomo/git2/Modern_Gladiator/ModernGladiator/Saved/Config/Windows/Engine.ini]
[2020.01.19-09.07.14:600][  0]LogConfig: Applying CVar settings from Section [ViewDistanceQuality@3] File [D:/lesupermomo/git2/Modern_Gladiator/ModernGladiator/Saved/Config/Windows/Scalability.ini]
[2020.01.19-09.07.14:600][  0]LogConfig: Setting CVar [[r.SkeletalMeshLODBias:0]]
[2020.01.19-09.07.14:600][  0]LogConfig: Setting CVar [[r.ViewDistanceScale:1.0]]
[2020.01.19-09.07.14:600][  0]LogConfig: Applying CVar settings from Section [AntiAliasingQuality@3] File [D:/lesupermomo/git2/Modern_Gladiator/ModernGladiator/Saved/Config/Windows/Scalability.ini]
[2020.01.19-09.07.14:600][  0]LogConfig: Setting CVar [[r.PostProcessAAQuality:4]]
[2020.01.19-09.07.14:600][  0]LogConfig: Applying CVar settings from Section [ShadowQuality@3] File [D:/lesupermomo/git2/Modern_Gladiator/ModernGladiator/Saved/Config/Windows/Scalability.ini]
[2020.01.19-09.07.14:600][  0]LogConfig: Setting CVar [[r.LightFunctionQuality:1]]
[2020.01.19-09.07.14:600][  0]LogConfig: Setting CVar [[r.ShadowQuality:5]]
[2020.01.19-09.07.14:600][  0]LogConfig: Setting CVar [[r.Shadow.CSM.MaxCascades:10]]
[2020.01.19-09.07.14:600][  0]LogConfig: Setting CVar [[r.Shadow.MaxResolution:2048]]
[2020.01.19-09.07.14:600][  0]LogConfig: Setting CVar [[r.Shadow.MaxCSMResolution:2048]]
[2020.01.19-09.07.14:600][  0]LogConfig: Setting CVar [[r.Shadow.RadiusThreshold:0.01]]
[2020.01.19-09.07.14:600][  0]LogConfig: Setting CVar [[r.Shadow.DistanceScale:1.0]]
[2020.01.19-09.07.14:600][  0]LogConfig: Setting CVar [[r.Shadow.CSM.TransitionScale:1.0]]
[2020.01.19-09.07.14:600][  0]LogConfig: Setting CVar [[r.Shadow.PreShadowResolutionFactor:1.0]]
[2020.01.19-09.07.14:600][  0]LogConfig: Setting CVar [[r.DistanceFieldShadowing:1]]
[2020.01.19-09.07.14:600][  0]LogConfig: Setting CVar [[r.DistanceFieldAO:1]]
[2020.01.19-09.07.14:600][  0]LogConfig: Setting CVar [[r.AOQuality:2]]
[2020.01.19-09.07.14:600][  0]LogConfig: Setting CVar [[r.VolumetricFog:1]]
[2020.01.19-09.07.14:600][  0]LogConfig: Setting CVar [[r.VolumetricFog.GridPixelSize:8]]
[2020.01.19-09.07.14:600][  0]LogConfig: Setting CVar [[r.VolumetricFog.GridSizeZ:128]]
[2020.01.19-09.07.14:600][  0]LogConfig: Setting CVar [[r.VolumetricFog.HistoryMissSupersampleCount:4]]
[2020.01.19-09.07.14:600][  0]LogConfig: Setting CVar [[r.LightMaxDrawDistanceScale:1]]
[2020.01.19-09.07.14:600][  0]LogConfig: Setting CVar [[r.CapsuleShadows:1]]
[2020.01.19-09.07.14:600][  0]LogConfig: Applying CVar settings from Section [PostProcessQuality@3] File [D:/lesupermomo/git2/Modern_Gladiator/ModernGladiator/Saved/Config/Windows/Scalability.ini]
[2020.01.19-09.07.14:600][  0]LogConfig: Setting CVar [[r.MotionBlurQuality:4]]
[2020.01.19-09.07.14:600][  0]LogConfig: Setting CVar [[r.AmbientOcclusionMipLevelFactor:0.4]]
[2020.01.19-09.07.14:600][  0]LogConfig: Setting CVar [[r.AmbientOcclusionMaxQuality:100]]
[2020.01.19-09.07.14:600][  0]LogConfig: Setting CVar [[r.AmbientOcclusionLevels:-1]]
[2020.01.19-09.07.14:600][  0]LogConfig: Setting CVar [[r.AmbientOcclusionRadiusScale:1.0]]
[2020.01.19-09.07.14:600][  0]LogConfig: Setting CVar [[r.DepthOfFieldQuality:2]]
[2020.01.19-09.07.14:600][  0]LogConfig: Setting CVar [[r.RenderTargetPoolMin:400]]
[2020.01.19-09.07.14:600][  0]LogConfig: Setting CVar [[r.LensFlareQuality:2]]
[2020.01.19-09.07.14:600][  0]LogConfig: Setting CVar [[r.SceneColorFringeQuality:1]]
[2020.01.19-09.07.14:600][  0]LogConfig: Setting CVar [[r.EyeAdaptationQuality:2]]
[2020.01.19-09.07.14:600][  0]LogConfig: Setting CVar [[r.BloomQuality:5]]
[2020.01.19-09.07.14:600][  0]LogConfig: Setting CVar [[r.FastBlurThreshold:100]]
[2020.01.19-09.07.14:600][  0]LogConfig: Setting CVar [[r.Upscale.Quality:3]]
[2020.01.19-09.07.14:600][  0]LogConfig: Setting CVar [[r.Tonemapper.GrainQuantization:1]]
[2020.01.19-09.07.14:600][  0]LogConfig: Setting CVar [[r.LightShaftQuality:1]]
[2020.01.19-09.07.14:600][  0]LogConfig: Setting CVar [[r.Filter.SizeScale:1]]
[2020.01.19-09.07.14:600][  0]LogConfig: Setting CVar [[r.Tonemapper.Quality:5]]
[2020.01.19-09.07.14:600][  0]LogConfig: Setting CVar [[r.DOF.Gather.AccumulatorQuality:1        ; higher gathering accumulator quality]]
[2020.01.19-09.07.14:600][  0]LogConfig: Setting CVar [[r.DOF.Gather.PostfilterMethod:1          ; Median3x3 postfilering method]]
[2020.01.19-09.07.14:600][  0]LogConfig: Setting CVar [[r.DOF.Gather.EnableBokehSettings:0       ; no bokeh simulation when gathering]]
[2020.01.19-09.07.14:600][  0]LogConfig: Setting CVar [[r.DOF.Gather.RingCount:4                 ; medium number of samples when gathering]]
[2020.01.19-09.07.14:600][  0]LogConfig: Setting CVar [[r.DOF.Scatter.ForegroundCompositing:1    ; additive foreground scattering]]
[2020.01.19-09.07.14:600][  0]LogConfig: Setting CVar [[r.DOF.Scatter.BackgroundCompositing:2    ; additive background scattering]]
[2020.01.19-09.07.14:600][  0]LogConfig: Setting CVar [[r.DOF.Scatter.EnableBokehSettings:1      ; bokeh simulation when scattering]]
[2020.01.19-09.07.14:600][  0]LogConfig: Setting CVar [[r.DOF.Scatter.MaxSpriteRatio:0.1         ; only a maximum of 10% of scattered bokeh]]
[2020.01.19-09.07.14:600][  0]LogConfig: Setting CVar [[r.DOF.Recombine.Quality:1                ; cheap slight out of focus]]
[2020.01.19-09.07.14:600][  0]LogConfig: Setting CVar [[r.DOF.Recombine.EnableBokehSettings:0    ; no bokeh simulation on slight out of focus]]
[2020.01.19-09.07.14:600][  0]LogConfig: Setting CVar [[r.DOF.TemporalAAQuality:1                ; more stable temporal accumulation]]
[2020.01.19-09.07.14:600][  0]LogConfig: Setting CVar [[r.DOF.Kernel.MaxForegroundRadius:0.025]]
[2020.01.19-09.07.14:600][  0]LogConfig: Setting CVar [[r.DOF.Kernel.MaxBackgroundRadius:0.025]]
[2020.01.19-09.07.14:600][  0]LogConfig: Applying CVar settings from Section [TextureQuality@3] File [D:/lesupermomo/git2/Modern_Gladiator/ModernGladiator/Saved/Config/Windows/Scalability.ini]
[2020.01.19-09.07.14:600][  0]LogConfig: Setting CVar [[r.Streaming.MipBias:0]]
[2020.01.19-09.07.14:600][  0]LogConfig: Setting CVar [[r.Streaming.AmortizeCPUToGPUCopy:0]]
[2020.01.19-09.07.14:600][  0]LogConfig: Setting CVar [[r.Streaming.MaxNumTexturesToStreamPerFrame:0]]
[2020.01.19-09.07.14:600][  0]LogConfig: Setting CVar [[r.Streaming.Boost:1]]
[2020.01.19-09.07.14:600][  0]LogConfig: Setting CVar [[r.MaxAnisotropy:8]]
[2020.01.19-09.07.14:600][  0]LogConfig: Setting CVar [[r.VT.MaxAnisotropy:8]]
[2020.01.19-09.07.14:600][  0]LogConfig: Setting CVar [[r.Streaming.LimitPoolSizeToVRAM:0]]
[2020.01.19-09.07.14:600][  0]LogConfig: Setting CVar [[r.Streaming.PoolSize:1000]]
[2020.01.19-09.07.14:600][  0]LogConfig: Setting CVar [[r.Streaming.MaxEffectiveScreenSize:0]]
[2020.01.19-09.07.14:600][  0]LogConfig: Applying CVar settings from Section [EffectsQuality@3] File [D:/lesupermomo/git2/Modern_Gladiator/ModernGladiator/Saved/Config/Windows/Scalability.ini]
[2020.01.19-09.07.14:600][  0]LogConfig: Setting CVar [[r.TranslucencyLightingVolumeDim:64]]
[2020.01.19-09.07.14:600][  0]LogConfig: Setting CVar [[r.RefractionQuality:2]]
[2020.01.19-09.07.14:600][  0]LogConfig: Setting CVar [[r.SSR.Quality:3]]
[2020.01.19-09.07.14:601][  0]LogConfig: Setting CVar [[r.SSR.HalfResSceneColor:0]]
[2020.01.19-09.07.14:601][  0]LogConfig: Setting CVar [[r.SceneColorFormat:4]]
[2020.01.19-09.07.14:601][  0]LogConfig: Setting CVar [[r.DetailMode:2]]
[2020.01.19-09.07.14:601][  0]LogConfig: Setting CVar [[r.TranslucencyVolumeBlur:1]]
[2020.01.19-09.07.14:601][  0]LogConfig: Setting CVar [[r.MaterialQualityLevel:1 ; High quality]]
[2020.01.19-09.07.14:601][  0]LogConfig: Setting CVar [[r.SSS.Scale:1]]
[2020.01.19-09.07.14:601][  0]LogConfig: Setting CVar [[r.SSS.SampleSet:2]]
[2020.01.19-09.07.14:601][  0]LogConfig: Setting CVar [[r.SSS.Quality:1]]
[2020.01.19-09.07.14:601][  0]LogConfig: Setting CVar [[r.SSS.HalfRes:1]]
[2020.01.19-09.07.14:601][  0]LogConfig: Setting CVar [[r.SSGI.Quality:3]]
[2020.01.19-09.07.14:601][  0]LogConfig: Setting CVar [[r.EmitterSpawnRateScale:1.0]]
[2020.01.19-09.07.14:601][  0]LogConfig: Setting CVar [[r.ParticleLightQuality:2]]
[2020.01.19-09.07.14:601][  0]LogConfig: Setting CVar [[r.SkyAtmosphere.AerialPerspectiveLUT.FastApplyOnOpaque:1 ; Always have FastSkyLUT 1 in this case to avoid wrong sky]]
[2020.01.19-09.07.14:601][  0]LogConfig: Setting CVar [[r.SkyAtmosphere.AerialPerspectiveLUT.SampleCountPerSlice:1]]
[2020.01.19-09.07.14:601][  0]LogConfig: Setting CVar [[r.SkyAtmosphere.AerialPerspectiveLUT.DepthResolution:16.0]]
[2020.01.19-09.07.14:601][  0]LogConfig: Setting CVar [[r.SkyAtmosphere.FastSkyLUT:1]]
[2020.01.19-09.07.14:601][  0]LogConfig: Setting CVar [[r.SkyAtmosphere.FastSkyLUT.SampleCountMin:4.0]]
[2020.01.19-09.07.14:601][  0]LogConfig: Setting CVar [[r.SkyAtmosphere.FastSkyLUT.SampleCountMax:32.0]]
[2020.01.19-09.07.14:601][  0]LogConfig: Setting CVar [[r.SkyAtmosphere.SampleCountMin:4.0]]
[2020.01.19-09.07.14:601][  0]LogConfig: Setting CVar [[r.SkyAtmosphere.SampleCountMax:32.0]]
[2020.01.19-09.07.14:601][  0]LogConfig: Setting CVar [[r.SkyAtmosphere.TransmittanceLUT.UseSmallFormat:0]]
[2020.01.19-09.07.14:601][  0]LogConfig: Setting CVar [[r.SkyAtmosphere.TransmittanceLUT.SampleCount:10.0]]
[2020.01.19-09.07.14:601][  0]LogConfig: Setting CVar [[r.SkyAtmosphere.MultiScatteringLUT.SampleCount:15.0]]
[2020.01.19-09.07.14:601][  0]LogConfig: Applying CVar settings from Section [FoliageQuality@3] File [D:/lesupermomo/git2/Modern_Gladiator/ModernGladiator/Saved/Config/Windows/Scalability.ini]
[2020.01.19-09.07.14:601][  0]LogConfig: Setting CVar [[foliage.DensityScale:1.0]]
[2020.01.19-09.07.14:601][  0]LogConfig: Setting CVar [[grass.DensityScale:1.0]]
[2020.01.19-09.07.14:601][  0]LogConfig: Applying CVar settings from Section [ShadingQuality@3] File [D:/lesupermomo/git2/Modern_Gladiator/ModernGladiator/Saved/Config/Windows/Scalability.ini]
[2020.01.19-09.07.14:601][  0]LogConfig: Setting CVar [[r.HairStrands.SkyLighting.SampleCount:16]]
[2020.01.19-09.07.14:601][  0]LogConfig: Setting CVar [[r.HairStrands.SkyLighting.JitterIntegration:0]]
[2020.01.19-09.07.14:601][  0]LogConfig: Setting CVar [[r.HairStrands.SkyAO.SampleCount:16]]
[2020.01.19-09.07.14:601][  0]LogInit: Selected Device Profile: [Windows]
[2020.01.19-09.07.14:601][  0]LogInit: Applying CVar settings loaded from the selected device profile: [Windows]
[2020.01.19-09.07.14:603][  0]LogHAL: Display: Platform has ~ 16 GB [16964153344 / 17179869184 / 16], which maps to Larger [LargestMinGB=32, LargerMinGB=12, DefaultMinGB=8, SmallerMinGB=6, SmallestMinGB=0)
[2020.01.19-09.07.14:603][  0]LogInit: Going up to parent DeviceProfile []
[2020.01.19-09.07.14:603][  0]LogConfig: Applying CVar settings from Section [ViewDistanceQuality@3] File [D:/lesupermomo/git2/Modern_Gladiator/ModernGladiator/Saved/Config/Windows/Scalability.ini]
[2020.01.19-09.07.14:603][  0]LogConfig: Setting CVar [[r.SkeletalMeshLODBias:0]]
[2020.01.19-09.07.14:603][  0]LogConfig: Setting CVar [[r.ViewDistanceScale:1.0]]
[2020.01.19-09.07.14:603][  0]LogConfig: Applying CVar settings from Section [AntiAliasingQuality@3] File [D:/lesupermomo/git2/Modern_Gladiator/ModernGladiator/Saved/Config/Windows/Scalability.ini]
[2020.01.19-09.07.14:603][  0]LogConfig: Setting CVar [[r.PostProcessAAQuality:4]]
[2020.01.19-09.07.14:603][  0]LogConfig: Applying CVar settings from Section [ShadowQuality@3] File [D:/lesupermomo/git2/Modern_Gladiator/ModernGladiator/Saved/Config/Windows/Scalability.ini]
[2020.01.19-09.07.14:603][  0]LogConfig: Setting CVar [[r.LightFunctionQuality:1]]
[2020.01.19-09.07.14:603][  0]LogConfig: Setting CVar [[r.ShadowQuality:5]]
[2020.01.19-09.07.14:603][  0]LogConfig: Setting CVar [[r.Shadow.CSM.MaxCascades:10]]
[2020.01.19-09.07.14:603][  0]LogConfig: Setting CVar [[r.Shadow.MaxResolution:2048]]
[2020.01.19-09.07.14:603][  0]LogConfig: Setting CVar [[r.Shadow.MaxCSMResolution:2048]]
[2020.01.19-09.07.14:603][  0]LogConfig: Setting CVar [[r.Shadow.RadiusThreshold:0.01]]
[2020.01.19-09.07.14:603][  0]LogConfig: Setting CVar [[r.Shadow.DistanceScale:1.0]]
[2020.01.19-09.07.14:603][  0]LogConfig: Setting CVar [[r.Shadow.CSM.TransitionScale:1.0]]
[2020.01.19-09.07.14:603][  0]LogConfig: Setting CVar [[r.Shadow.PreShadowResolutionFactor:1.0]]
[2020.01.19-09.07.14:603][  0]LogConfig: Setting CVar [[r.DistanceFieldShadowing:1]]
[2020.01.19-09.07.14:603][  0]LogConfig: Setting CVar [[r.DistanceFieldAO:1]]
[2020.01.19-09.07.14:603][  0]LogConfig: Setting CVar [[r.AOQuality:2]]
[2020.01.19-09.07.14:603][  0]LogConfig: Setting CVar [[r.VolumetricFog:1]]
[2020.01.19-09.07.14:603][  0]LogConfig: Setting CVar [[r.VolumetricFog.GridPixelSize:8]]
[2020.01.19-09.07.14:603][  0]LogConfig: Setting CVar [[r.VolumetricFog.GridSizeZ:128]]
[2020.01.19-09.07.14:603][  0]LogConfig: Setting CVar [[r.VolumetricFog.HistoryMissSupersampleCount:4]]
[2020.01.19-09.07.14:603][  0]LogConfig: Setting CVar [[r.LightMaxDrawDistanceScale:1]]
[2020.01.19-09.07.14:603][  0]LogConfig: Setting CVar [[r.CapsuleShadows:1]]
[2020.01.19-09.07.14:603][  0]LogConfig: Applying CVar settings from Section [PostProcessQuality@3] File [D:/lesupermomo/git2/Modern_Gladiator/ModernGladiator/Saved/Config/Windows/Scalability.ini]
[2020.01.19-09.07.14:603][  0]LogConfig: Setting CVar [[r.MotionBlurQuality:4]]
[2020.01.19-09.07.14:603][  0]LogConfig: Setting CVar [[r.AmbientOcclusionMipLevelFactor:0.4]]
[2020.01.19-09.07.14:603][  0]LogConfig: Setting CVar [[r.AmbientOcclusionMaxQuality:100]]
[2020.01.19-09.07.14:603][  0]LogConfig: Setting CVar [[r.AmbientOcclusionLevels:-1]]
[2020.01.19-09.07.14:603][  0]LogConfig: Setting CVar [[r.AmbientOcclusionRadiusScale:1.0]]
[2020.01.19-09.07.14:603][  0]LogConfig: Setting CVar [[r.DepthOfFieldQuality:2]]
[2020.01.19-09.07.14:603][  0]LogConfig: Setting CVar [[r.RenderTargetPoolMin:400]]
[2020.01.19-09.07.14:603][  0]LogConfig: Setting CVar [[r.LensFlareQuality:2]]
[2020.01.19-09.07.14:603][  0]LogConfig: Setting CVar [[r.SceneColorFringeQuality:1]]
[2020.01.19-09.07.14:603][  0]LogConfig: Setting CVar [[r.EyeAdaptationQuality:2]]
[2020.01.19-09.07.14:603][  0]LogConfig: Setting CVar [[r.BloomQuality:5]]
[2020.01.19-09.07.14:603][  0]LogConfig: Setting CVar [[r.FastBlurThreshold:100]]
[2020.01.19-09.07.14:603][  0]LogConfig: Setting CVar [[r.Upscale.Quality:3]]
[2020.01.19-09.07.14:603][  0]LogConfig: Setting CVar [[r.Tonemapper.GrainQuantization:1]]
[2020.01.19-09.07.14:603][  0]LogConfig: Setting CVar [[r.LightShaftQuality:1]]
[2020.01.19-09.07.14:603][  0]LogConfig: Setting CVar [[r.Filter.SizeScale:1]]
[2020.01.19-09.07.14:603][  0]LogConfig: Setting CVar [[r.Tonemapper.Quality:5]]
[2020.01.19-09.07.14:603][  0]LogConfig: Setting CVar [[r.DOF.Gather.AccumulatorQuality:1        ; higher gathering accumulator quality]]
[2020.01.19-09.07.14:603][  0]LogConfig: Setting CVar [[r.DOF.Gather.PostfilterMethod:1          ; Median3x3 postfilering method]]
[2020.01.19-09.07.14:604][  0]LogConfig: Setting CVar [[r.DOF.Gather.EnableBokehSettings:0       ; no bokeh simulation when gathering]]
[2020.01.19-09.07.14:604][  0]LogConfig: Setting CVar [[r.DOF.Gather.RingCount:4                 ; medium number of samples when gathering]]
[2020.01.19-09.07.14:604][  0]LogConfig: Setting CVar [[r.DOF.Scatter.ForegroundCompositing:1    ; additive foreground scattering]]
[2020.01.19-09.07.14:604][  0]LogConfig: Setting CVar [[r.DOF.Scatter.BackgroundCompositing:2    ; additive background scattering]]
[2020.01.19-09.07.14:604][  0]LogConfig: Setting CVar [[r.DOF.Scatter.EnableBokehSettings:1      ; bokeh simulation when scattering]]
[2020.01.19-09.07.14:604][  0]LogConfig: Setting CVar [[r.DOF.Scatter.MaxSpriteRatio:0.1         ; only a maximum of 10% of scattered bokeh]]
[2020.01.19-09.07.14:604][  0]LogConfig: Setting CVar [[r.DOF.Recombine.Quality:1                ; cheap slight out of focus]]
[2020.01.19-09.07.14:604][  0]LogConfig: Setting CVar [[r.DOF.Recombine.EnableBokehSettings:0    ; no bokeh simulation on slight out of focus]]
[2020.01.19-09.07.14:604][  0]LogConfig: Setting CVar [[r.DOF.TemporalAAQuality:1                ; more stable temporal accumulation]]
[2020.01.19-09.07.14:604][  0]LogConfig: Setting CVar [[r.DOF.Kernel.MaxForegroundRadius:0.025]]
[2020.01.19-09.07.14:604][  0]LogConfig: Setting CVar [[r.DOF.Kernel.MaxBackgroundRadius:0.025]]
[2020.01.19-09.07.14:604][  0]LogConfig: Applying CVar settings from Section [TextureQuality@3] File [D:/lesupermomo/git2/Modern_Gladiator/ModernGladiator/Saved/Config/Windows/Scalability.ini]
[2020.01.19-09.07.14:604][  0]LogConfig: Setting CVar [[r.Streaming.MipBias:0]]
[2020.01.19-09.07.14:604][  0]LogConfig: Setting CVar [[r.Streaming.AmortizeCPUToGPUCopy:0]]
[2020.01.19-09.07.14:604][  0]LogConfig: Setting CVar [[r.Streaming.MaxNumTexturesToStreamPerFrame:0]]
[2020.01.19-09.07.14:604][  0]LogConfig: Setting CVar [[r.Streaming.Boost:1]]
[2020.01.19-09.07.14:604][  0]LogConfig: Setting CVar [[r.MaxAnisotropy:8]]
[2020.01.19-09.07.14:604][  0]LogConfig: Setting CVar [[r.VT.MaxAnisotropy:8]]
[2020.01.19-09.07.14:604][  0]LogConfig: Setting CVar [[r.Streaming.LimitPoolSizeToVRAM:0]]
[2020.01.19-09.07.14:604][  0]LogConfig: Setting CVar [[r.Streaming.PoolSize:1000]]
[2020.01.19-09.07.14:604][  0]LogConfig: Setting CVar [[r.Streaming.MaxEffectiveScreenSize:0]]
[2020.01.19-09.07.14:604][  0]LogConfig: Applying CVar settings from Section [EffectsQuality@3] File [D:/lesupermomo/git2/Modern_Gladiator/ModernGladiator/Saved/Config/Windows/Scalability.ini]
[2020.01.19-09.07.14:604][  0]LogConfig: Setting CVar [[r.TranslucencyLightingVolumeDim:64]]
[2020.01.19-09.07.14:604][  0]LogConfig: Setting CVar [[r.RefractionQuality:2]]
[2020.01.19-09.07.14:604][  0]LogConfig: Setting CVar [[r.SSR.Quality:3]]
[2020.01.19-09.07.14:604][  0]LogConfig: Setting CVar [[r.SSR.HalfResSceneColor:0]]
[2020.01.19-09.07.14:604][  0]LogConfig: Setting CVar [[r.SceneColorFormat:4]]
[2020.01.19-09.07.14:604][  0]LogConfig: Setting CVar [[r.DetailMode:2]]
[2020.01.19-09.07.14:604][  0]LogConfig: Setting CVar [[r.TranslucencyVolumeBlur:1]]
[2020.01.19-09.07.14:604][  0]LogConfig: Setting CVar [[r.MaterialQualityLevel:1 ; High quality]]
[2020.01.19-09.07.14:604][  0]LogConfig: Setting CVar [[r.SSS.Scale:1]]
[2020.01.19-09.07.14:604][  0]LogConfig: Setting CVar [[r.SSS.SampleSet:2]]
[2020.01.19-09.07.14:604][  0]LogConfig: Setting CVar [[r.SSS.Quality:1]]
[2020.01.19-09.07.14:604][  0]LogConfig: Setting CVar [[r.SSS.HalfRes:1]]
[2020.01.19-09.07.14:604][  0]LogConfig: Setting CVar [[r.SSGI.Quality:3]]
[2020.01.19-09.07.14:604][  0]LogConfig: Setting CVar [[r.EmitterSpawnRateScale:1.0]]
[2020.01.19-09.07.14:604][  0]LogConfig: Setting CVar [[r.ParticleLightQuality:2]]
[2020.01.19-09.07.14:604][  0]LogConfig: Setting CVar [[r.SkyAtmosphere.AerialPerspectiveLUT.FastApplyOnOpaque:1 ; Always have FastSkyLUT 1 in this case to avoid wrong sky]]
[2020.01.19-09.07.14:604][  0]LogConfig: Setting CVar [[r.SkyAtmosphere.AerialPerspectiveLUT.SampleCountPerSlice:1]]
[2020.01.19-09.07.14:604][  0]LogConfig: Setting CVar [[r.SkyAtmosphere.AerialPerspectiveLUT.DepthResolution:16.0]]
[2020.01.19-09.07.14:604][  0]LogConfig: Setting CVar [[r.SkyAtmosphere.FastSkyLUT:1]]
[2020.01.19-09.07.14:604][  0]LogConfig: Setting CVar [[r.SkyAtmosphere.FastSkyLUT.SampleCountMin:4.0]]
[2020.01.19-09.07.14:604][  0]LogConfig: Setting CVar [[r.SkyAtmosphere.FastSkyLUT.SampleCountMax:32.0]]
[2020.01.19-09.07.14:604][  0]LogConfig: Setting CVar [[r.SkyAtmosphere.SampleCountMin:4.0]]
[2020.01.19-09.07.14:604][  0]LogConfig: Setting CVar [[r.SkyAtmosphere.SampleCountMax:32.0]]
[2020.01.19-09.07.14:604][  0]LogConfig: Setting CVar [[r.SkyAtmosphere.TransmittanceLUT.UseSmallFormat:0]]
[2020.01.19-09.07.14:604][  0]LogConfig: Setting CVar [[r.SkyAtmosphere.TransmittanceLUT.SampleCount:10.0]]
[2020.01.19-09.07.14:604][  0]LogConfig: Setting CVar [[r.SkyAtmosphere.MultiScatteringLUT.SampleCount:15.0]]
[2020.01.19-09.07.14:604][  0]LogConfig: Applying CVar settings from Section [FoliageQuality@3] File [D:/lesupermomo/git2/Modern_Gladiator/ModernGladiator/Saved/Config/Windows/Scalability.ini]
[2020.01.19-09.07.14:604][  0]LogConfig: Setting CVar [[foliage.DensityScale:1.0]]
[2020.01.19-09.07.14:604][  0]LogConfig: Setting CVar [[grass.DensityScale:1.0]]
[2020.01.19-09.07.14:604][  0]LogConfig: Applying CVar settings from Section [ShadingQuality@3] File [D:/lesupermomo/git2/Modern_Gladiator/ModernGladiator/Saved/Config/Windows/Scalability.ini]
[2020.01.19-09.07.14:604][  0]LogConfig: Setting CVar [[r.HairStrands.SkyLighting.SampleCount:16]]
[2020.01.19-09.07.14:604][  0]LogConfig: Setting CVar [[r.HairStrands.SkyLighting.JitterIntegration:0]]
[2020.01.19-09.07.14:604][  0]LogConfig: Setting CVar [[r.HairStrands.SkyAO.SampleCount:16]]
[2020.01.19-09.07.14:604][  0]LogConfig: Applying CVar settings from Section [Startup] File [../../../Engine/Config/ConsoleVariables.ini]
[2020.01.19-09.07.14:604][  0]LogConfig: Setting CVar [[net.UseAdaptiveNetUpdateFrequency:0]]
[2020.01.19-09.07.14:604][  0]LogConfig: Setting CVar [[p.chaos.AllowCreatePhysxBodies:1]]
[2020.01.19-09.07.14:604][  0]LogConfig: Applying CVar settings from Section [ConsoleVariables] File [D:/lesupermomo/git2/Modern_Gladiator/ModernGladiator/Saved/Config/Windows/Engine.ini]
[2020.01.19-09.07.14:604][  0]LogInit: Computer: DESKTOP-9VH3JGO
[2020.01.19-09.07.14:604][  0]LogInit: User: Admin
[2020.01.19-09.07.14:604][  0]LogInit: CPU Page size=4096, Cores=6
[2020.01.19-09.07.14:604][  0]LogInit: High frequency timer resolution =10.000000 MHz
[2020.01.19-09.07.14:605][  0]LogMemory: Memory total: Physical=15.8GB (16GB approx)
[2020.01.19-09.07.14:605][  0]LogMemory: Platform Memory Stats for Windows
[2020.01.19-09.07.14:605][  0]LogMemory: Process Physical Memory: 107.53 MB used, 107.54 MB peak
[2020.01.19-09.07.14:605][  0]LogMemory: Process Virtual Memory: 103.72 MB used, 103.72 MB peak
[2020.01.19-09.07.14:605][  0]LogMemory: Physical Memory: 9855.48 MB used,  6322.79 MB free, 16178.28 MB total
[2020.01.19-09.07.14:605][  0]LogMemory: Virtual Memory: 5135.54 MB used,  134212592.00 MB free, 134217728.00 MB total
[2020.01.19-09.07.14:608][  0]LogWindows: WindowsPlatformFeatures enabled
[2020.01.19-09.07.14:624][  0]LogInit: Using OS detected language (en-US).
[2020.01.19-09.07.14:624][  0]LogInit: Using OS detected locale (en-US).
[2020.01.19-09.07.14:625][  0]LogTextLocalizationManager: No specific localization for 'en-US' exists, so the 'en' localization will be used.
[2020.01.19-09.07.14:775][  0]LogInit: Setting process to per monitor DPI aware
[2020.01.19-09.07.14:803][  0]LogSlate: New Slate User Created.  User Index 0, Is Virtual User: 0
[2020.01.19-09.07.14:803][  0]LogSlate: Slate User Registered.  User Index 0, Is Virtual User: 0
[2020.01.19-09.07.14:968][  0]LogHMD: Failed to initialize OpenVR with code 110
[2020.01.19-09.07.14:968][  0]LogD3D11RHI: D3D11 min allowed feature level: 11_0
[2020.01.19-09.07.14:968][  0]LogD3D11RHI: D3D11 max allowed feature level: 11_0
[2020.01.19-09.07.14:968][  0]LogD3D11RHI: D3D11 adapters:
[2020.01.19-09.07.15:044][  0]LogD3D11RHI:    0. 'NVIDIA GeForce GTX 1060 with Max-Q Design' (Feature Level 11_0)
[2020.01.19-09.07.15:044][  0]LogD3D11RHI:       6052/0/8089 MB DedicatedVideo/DedicatedSystem/SharedSystem, Outputs:1, VendorId:0x10de
[2020.01.19-09.07.15:067][  0]LogD3D11RHI:    1. 'Intel(R) UHD Graphics 630' (Feature Level 11_0)
[2020.01.19-09.07.15:067][  0]LogD3D11RHI:       128/0/8089 MB DedicatedVideo/DedicatedSystem/SharedSystem, Outputs:0, VendorId:0x8086
[2020.01.19-09.07.15:070][  0]LogD3D11RHI:    2. 'Microsoft Basic Render Driver' (Feature Level 11_0)
[2020.01.19-09.07.15:070][  0]LogD3D11RHI:       0/0/8089 MB DedicatedVideo/DedicatedSystem/SharedSystem, Outputs:0, VendorId:0x1414
[2020.01.19-09.07.15:070][  0]LogD3D11RHI: Chosen D3D11 Adapter: 0
[2020.01.19-09.07.15:109][  0]LogD3D11RHI: Creating new Direct3DDevice
[2020.01.19-09.07.15:110][  0]LogD3D11RHI:     GPU DeviceId: 0x1c20 (for the marketing name, search the web for "GPU Device Id")
[2020.01.19-09.07.15:110][  0]LogWindows: EnumDisplayDevices:
[2020.01.19-09.07.15:110][  0]LogWindows:    0. 'Intel(R) UHD Graphics 630' (P:1 D:1)
[2020.01.19-09.07.15:110][  0]LogWindows:    1. 'Intel(R) UHD Graphics 630' (P:0 D:0)
[2020.01.19-09.07.15:111][  0]LogWindows:    2. 'Intel(R) UHD Graphics 630' (P:0 D:0)
[2020.01.19-09.07.15:111][  0]LogWindows:    3. 'NVIDIA GeForce GTX 1060 with Max-Q Design' (P:0 D:0)
[2020.01.19-09.07.15:111][  0]LogWindows: DebugString: PrimaryIsNotTheChoosenAdapter PrimaryIsNotTheChoosenAdapter PrimaryIsNotTheChoosenAdapter 
[2020.01.19-09.07.15:111][  0]LogD3D11RHI:     Adapter Name: NVIDIA GeForce GTX 1060 with Max-Q Design
[2020.01.19-09.07.15:111][  0]LogD3D11RHI:   Driver Version: 431.23 (internal:26.21.14.3123, unified:431.23)
[2020.01.19-09.07.15:111][  0]LogD3D11RHI:      Driver Date: 6-24-2019
[2020.01.19-09.07.15:111][  0]LogRHI: Texture pool is 4236 MB (70% of 6052 MB)
[2020.01.19-09.07.15:156][  0]LogD3D11RHI: RHI has support for 64 bit atomics
[2020.01.19-09.07.15:157][  0]LogD3D11RHI: Async texture creation enabled
[2020.01.19-09.07.15:168][  0]LogD3D11RHI: GPU Timing Frequency: 1000.000000 (Debug: 2 1)
[2020.01.19-09.07.15:555][  0]LogTargetPlatformManager: Display: Loaded TargetPlatform 'AllDesktop'
[2020.01.19-09.07.15:582][  0]LogTargetPlatformManager: Display: Loaded TargetPlatform 'Android'
[2020.01.19-09.07.15:582][  0]LogTargetPlatformManager: Display: Loaded TargetPlatform 'Android_ASTC'
[2020.01.19-09.07.15:582][  0]LogTargetPlatformManager: Display: Loaded TargetPlatform 'Android_ATC'
[2020.01.19-09.07.15:582][  0]LogTargetPlatformManager: Display: Loaded TargetPlatform 'Android_DXT'
[2020.01.19-09.07.15:582][  0]LogTargetPlatformManager: Display: Loaded TargetPlatform 'Android_ETC1'
[2020.01.19-09.07.15:582][  0]LogTargetPlatformManager: Display: Loaded TargetPlatform 'Android_ETC1a'
[2020.01.19-09.07.15:582][  0]LogTargetPlatformManager: Display: Loaded TargetPlatform 'Android_ETC2'
[2020.01.19-09.07.15:582][  0]LogTargetPlatformManager: Display: Loaded TargetPlatform 'Android_PVRTC'
[2020.01.19-09.07.15:582][  0]LogTargetPlatformManager: Display: Loaded TargetPlatform 'AndroidClient'
[2020.01.19-09.07.15:582][  0]LogTargetPlatformManager: Display: Loaded TargetPlatform 'Android_ASTCClient'
[2020.01.19-09.07.15:582][  0]LogTargetPlatformManager: Display: Loaded TargetPlatform 'Android_ATCClient'
[2020.01.19-09.07.15:583][  0]LogTargetPlatformManager: Display: Loaded TargetPlatform 'Android_DXTClient'
[2020.01.19-09.07.15:583][  0]LogTargetPlatformManager: Display: Loaded TargetPlatform 'Android_ETC1Client'
[2020.01.19-09.07.15:583][  0]LogTargetPlatformManager: Display: Loaded TargetPlatform 'Android_ETC1aClient'
[2020.01.19-09.07.15:583][  0]LogTargetPlatformManager: Display: Loaded TargetPlatform 'Android_ETC2Client'
[2020.01.19-09.07.15:583][  0]LogTargetPlatformManager: Display: Loaded TargetPlatform 'Android_PVRTCClient'
[2020.01.19-09.07.15:583][  0]LogTargetPlatformManager: Display: Loaded TargetPlatform 'Android_Multi'
[2020.01.19-09.07.15:583][  0]LogTargetPlatformManager: Display: Loaded TargetPlatform 'Android_MultiClient'
[2020.01.19-09.07.15:598][  0]LogTargetPlatformManager: Display: Loaded TargetPlatform 'IOSClient'
[2020.01.19-09.07.15:598][  0]LogTargetPlatformManager: Display: Loaded TargetPlatform 'IOS'
[2020.01.19-09.07.15:604][  0]LogTargetPlatformManager: Display: Loaded TargetPlatform 'LinuxNoEditor'
[2020.01.19-09.07.15:609][  0]LogTargetPlatformManager: Display: Loaded TargetPlatform 'LinuxClient'
[2020.01.19-09.07.15:615][  0]LogTargetPlatformManager: Display: Loaded TargetPlatform 'LinuxServer'
[2020.01.19-09.07.15:621][  0]LogTargetPlatformManager: Display: Loaded TargetPlatform 'LinuxAArch64NoEditor'
[2020.01.19-09.07.15:627][  0]LogTargetPlatformManager: Display: Loaded TargetPlatform 'LinuxAArch64Client'
[2020.01.19-09.07.15:634][  0]LogTargetPlatformManager: Display: Loaded TargetPlatform 'LinuxAArch64Server'
[2020.01.19-09.07.15:653][  0]LogTargetPlatformManager: Display: Loaded TargetPlatform 'Lumin'
[2020.01.19-09.07.15:653][  0]LogTargetPlatformManager: Display: Loaded TargetPlatform 'LuminClient'
[2020.01.19-09.07.15:664][  0]LogTargetPlatformManager: Display: Loaded TargetPlatform 'TVOSClient'
[2020.01.19-09.07.15:664][  0]LogTargetPlatformManager: Display: Loaded TargetPlatform 'TVOS'
[2020.01.19-09.07.15:670][  0]LogTargetPlatformManager: Display: Loaded TargetPlatform 'WindowsNoEditor'
[2020.01.19-09.07.15:676][  0]LogTargetPlatformManager: Display: Loaded TargetPlatform 'Windows'
[2020.01.19-09.07.15:682][  0]LogTargetPlatformManager: Display: Loaded TargetPlatform 'WindowsClient'
[2020.01.19-09.07.15:687][  0]LogTargetPlatformManager: Display: Loaded TargetPlatform 'WindowsServer'
[2020.01.19-09.07.15:687][  0]LogTargetPlatformManager: Display: Building Assets For Windows
[2020.01.19-09.07.15:690][  0]LogAudioDebug: Display: Lib vorbis DLL was dynamically loaded.
[2020.01.19-09.07.15:706][  0]LogShaderCompilers: Guid format shader working directory is -21 characters bigger than the processId version (../../../../../../lesupermomo/git2/Modern_Gladiator/ModernGladiator/Intermediate/Shaders/WorkingDirectory/6184/).
[2020.01.19-09.07.15:707][  0]LogShaderCompilers: Cleaned the shader compiler working directory 'C:/Users/Admin/AppData/Local/Temp/UnrealShaderWorkingDir/6E0241C84201D446750BF1B06F6830A4/'.
[2020.01.19-09.07.15:707][  0]LogXGEController: Cleaning working directory: C:/Users/Admin/AppData/Local/Temp/UnrealXGEWorkingDir/
[2020.01.19-09.07.15:707][  0]LogXGEController: Cannot use XGE Controller as Incredibuild is not installed on this machine.
[2020.01.19-09.07.15:707][  0]LogShaderCompilers: Cannot use XGE Shader Compiler as Incredibuild is not installed on this machine.
[2020.01.19-09.07.15:708][  0]LogShaderCompilers: Display: Using Local Shader Compiler.
[2020.01.19-09.07.16:316][  0]LogDerivedDataCache: Display: Max Cache Size: 512 MB
[2020.01.19-09.07.16:362][  0]LogDerivedDataCache: Loaded boot cache 0.05s 78MB C:/Users/Admin/AppData/Local/UnrealEngine/4.24/DerivedDataCache/Boot.ddc.
[2020.01.19-09.07.16:362][  0]LogDerivedDataCache: Display: Loaded Boot cache: C:/Users/Admin/AppData/Local/UnrealEngine/4.24/DerivedDataCache/Boot.ddc
[2020.01.19-09.07.16:362][  0]LogDerivedDataCache: FDerivedDataBackendGraph:  Pak pak cache file ../../../../../../lesupermomo/git2/Modern_Gladiator/ModernGladiator/DerivedDataCache/DDC.ddp not found, will not use a pak cache.
[2020.01.19-09.07.16:362][  0]LogDerivedDataCache: Unable to find inner node Pak for hierarchical cache Hierarchy.
[2020.01.19-09.07.16:362][  0]LogDerivedDataCache: FDerivedDataBackendGraph:  CompressedPak pak cache file ../../../../../../lesupermomo/git2/Modern_Gladiator/ModernGladiator/DerivedDataCache/Compressed.ddp not found, will not use a pak cache.
[2020.01.19-09.07.16:362][  0]LogDerivedDataCache: Unable to find inner node CompressedPak for hierarchical cache Hierarchy.
[2020.01.19-09.07.16:371][  0]LogDerivedDataCache: Display: Pak cache opened for reading ../../../Engine/DerivedDataCache/Compressed.ddp.
[2020.01.19-09.07.16:371][  0]LogDerivedDataCache: FDerivedDataBackendGraph:  EnterprisePak pak cache file ../../../Enterprise/DerivedDataCache/Compressed.ddp not found, will not use a pak cache.
[2020.01.19-09.07.16:371][  0]LogDerivedDataCache: Unable to find inner node EnterprisePak for hierarchical cache Hierarchy.
[2020.01.19-09.07.16:373][  0]LogDerivedDataCache: Using Local data cache path C:/Users/Admin/AppData/Local/UnrealEngine/Common/DerivedDataCache: Writable
[2020.01.19-09.07.16:373][  0]LogDerivedDataCache: Shared data cache path not found in *engine.ini, will not use an Shared cache.
[2020.01.19-09.07.16:373][  0]LogDerivedDataCache: Unable to find inner node Shared for hierarchical cache Hierarchy.
[2020.01.19-09.07.16:394][  0]LogMaterial: Verifying Global Shaders for PCD3D_SM5
[2020.01.19-09.07.16:396][  0]LogSlate: Using FreeType 2.10.0
[2020.01.19-09.07.16:396][  0]LogSlate: SlateFontServices - WITH_FREETYPE: 1, WITH_HARFBUZZ: 1
[2020.01.19-09.07.16:444][  0]LogAssetRegistry: FAssetRegistry took 0.0023 seconds to start up
[2020.01.19-09.07.16:676][  0]LogInit: Selected Device Profile: [Windows]
[2020.01.19-09.07.16:809][  0]LogMeshReduction: Using QuadricMeshReduction for automatic static mesh reduction
[2020.01.19-09.07.16:809][  0]LogMeshReduction: Using SimplygonMeshReduction for automatic skeletal mesh reduction
[2020.01.19-09.07.16:809][  0]LogMeshReduction: Using ProxyLODMeshReduction for automatic mesh merging
[2020.01.19-09.07.16:809][  0]LogMeshReduction: No distributed automatic mesh merging module available
[2020.01.19-09.07.16:809][  0]LogMeshMerging: No distributed automatic mesh merging module available
[2020.01.19-09.07.16:819][  0]LogNetVersion: ModernGladiator 1.0.0, NetCL: 10570792, EngineNetVer: 13, GameNetVer: 0 (Checksum: 1229748795)
[2020.01.19-09.07.17:770][  0]LogPackageLocalizationCache: Processed 10 localized package path(s) for 1 prioritized culture(s) in 0.064894 seconds
[2020.01.19-09.07.17:777][  0]LogUObjectArray: 46750 objects as part of root set at end of initial load.
[2020.01.19-09.07.17:777][  0]LogUObjectAllocator: 8137160 out of 0 bytes used by permanent object pool.
[2020.01.19-09.07.17:777][  0]LogUObjectArray: CloseDisregardForGC: 0/0 objects in disregard for GC pool
[2020.01.19-09.07.18:104][  0]LogTcpMessaging: Initializing TcpMessaging bridge
[2020.01.19-09.07.18:106][  0]LogUdpMessaging: Initializing bridge on interface 0.0.0.0:0 to multicast group 230.0.0.1:6666.
[2020.01.19-09.07.18:150][  0]SourceControl: Source control is disabled
[2020.01.19-09.07.18:150][  0]SourceControl: Source control is disabled
[2020.01.19-09.07.18:151][  0]SourceControl: Source control is disabled
[2020.01.19-09.07.18:151][  0]SourceControl: Source control is disabled
[2020.01.19-09.07.18:152][  0]SourceControl: Source control is disabled
[2020.01.19-09.07.18:223][  0]LogAndroidPermission: UAndroidPermissionCallbackProxy::GetInstance
[2020.01.19-09.07.18:234][  0]LogAudioCaptureCore: Display: No Audio Capture implementations found. Audio input will be silent.
[2020.01.19-09.07.18:234][  0]LogAudioCaptureCore: Display: No Audio Capture implementations found. Audio input will be silent.
[2020.01.19-09.07.18:310][  0]LogOcInput: OculusInput pre-init called
[2020.01.19-09.07.18:315][  0]LogWindows: Failed to load 'OVRPlugin.dll' (GetLastError=126)
[2020.01.19-09.07.18:315][  0]LogWindows: File 'OVRPlugin.dll' does not exist
[2020.01.19-09.07.18:371][  0]LogEngine: Initializing Engine...
[2020.01.19-09.07.18:373][  0]LogHMD: Failed to initialize OpenVR with code 110
[2020.01.19-09.07.18:374][  0]LogStats: UGameplayTagsManager::InitializeManager -  0.000 s
[2020.01.19-09.07.18:653][  0]LogInit: Initializing FReadOnlyCVARCache
[2020.01.19-09.07.18:658][  0]LogAIModule: Creating AISystem for world Untitled
[2020.01.19-09.07.18:728][  0]LogAudioMixer: Display: Audio Mixer Platform Settings:
[2020.01.19-09.07.18:728][  0]LogAudioMixer: Display: 	Sample Rate:						  48000
[2020.01.19-09.07.18:728][  0]LogAudioMixer: Display: 	Callback Buffer Frame Size Requested: 1024
[2020.01.19-09.07.18:728][  0]LogAudioMixer: Display: 	Callback Buffer Frame Size To Use:	  1024
[2020.01.19-09.07.18:728][  0]LogAudioMixer: Display: 	Number of buffers to queue:			  2
[2020.01.19-09.07.18:728][  0]LogAudioMixer: Display: 	Max Channels (voices):				  32
[2020.01.19-09.07.18:728][  0]LogAudioMixer: Display: 	Number of Async Source Workers:		  0
[2020.01.19-09.07.18:728][  0]LogAudio: Display: AudioDevice MaxSources: 32
[2020.01.19-09.07.18:728][  0]LogAudio: Display: Using built-in audio occlusion.
[2020.01.19-09.07.18:728][  0]LogAudioMixer: Display: Initializing audio mixer.
[2020.01.19-09.07.18:753][  0]LogAudioMixer: Display: Audio Device Output Speaker Info:
[2020.01.19-09.07.18:753][  0]LogAudioMixer: Display: Name: Speakers/Headphones (Realtek(R) Audio)
[2020.01.19-09.07.18:753][  0]LogAudioMixer: Display: Is Default: Yes
[2020.01.19-09.07.18:753][  0]LogAudioMixer: Display: Sample Rate: 48000
[2020.01.19-09.07.18:753][  0]LogAudioMixer: Display: Channel Count Used: 2
[2020.01.19-09.07.18:753][  0]LogAudioMixer: Display: Device Channel Count: 2
[2020.01.19-09.07.18:753][  0]LogAudioMixer: Display: Channel Order:
[2020.01.19-09.07.18:753][  0]LogAudioMixer: Display: 0: FrontLeft
[2020.01.19-09.07.18:753][  0]LogAudioMixer: Display: 1: FrontRight
[2020.01.19-09.07.19:358][  0]LogAudioMixer: Display: Using Audio Device Speakers/Headphones (Realtek(R) Audio)
[2020.01.19-09.07.19:363][  0]LogInit: FAudioDevice initialized.
[2020.01.19-09.07.19:363][  0]LogNetVersion: Set ProjectVersion to 1.0.0.0. Version Checksum will be recalculated on next use.
[2020.01.19-09.07.19:500][  0]LogDerivedDataCache: Saved boot cache 0.14s 78MB C:/Users/Admin/AppData/Local/UnrealEngine/4.24/DerivedDataCache/Boot.ddc.
[2020.01.19-09.07.19:506][  0]LogInit: Texture streaming: Enabled
[2020.01.19-09.07.19:522][  0]LogEngineSessionManager: EngineSessionManager initialized
[2020.01.19-09.07.19:522][  0]LogEngineSessionManager: EngineSessionManager sent abnormal shutdown report. Type=Crashed, SessionId={675180B5-44DD-C26D-023B-9E97240F932D}
[2020.01.19-09.07.19:522][  0]LogEditorSessionSummary: Verbose: Initializing EditorSessionSummaryWriter for editor session tracking
[2020.01.19-09.07.19:526][  0]LogEditorSessionSummary: EditorSessionSummaryWriter initialized
[2020.01.19-09.07.19:566][  0]LogInit: Transaction tracking system initialized
[2020.01.19-09.07.19:574][  0]BlueprintLog: New page: Editor Load
[2020.01.19-09.07.19:595][  0]LocalizationService: Localization service is disabled
[2020.01.19-09.07.19:823][  0]LogFileCache: Scanning file cache for directory 'D:/lesupermomo/git2/Modern_Gladiator/ModernGladiator/Content/' took 0.00s
[2020.01.19-09.07.19:823][  0]LogCook: Display: Max memory allowance for cook 16384mb min free memory 0mb
[2020.01.19-09.07.19:823][  0]LogCook: Display: Mobile HDR setting 1
[2020.01.19-09.07.20:390][  0]SourceControl: Source control is disabled
[2020.01.19-09.07.20:390][  0]Cmd: MAP LOAD FILE="../../../../../../lesupermomo/git2/Modern_Gladiator/ModernGladiator/Content/Maps/Main.umap" TEMPLATE=0 SHOWPROGRESS=1 FEATURELEVEL=3
[2020.01.19-09.07.20:390][  0]LightingResults: New page: Lighting Build
[2020.01.19-09.07.20:391][  0]LogWorld: UWorld::CleanupWorld for Untitled, bSessionEnded=true, bCleanupResources=true
[2020.01.19-09.07.20:391][  0]LogSlate: InvalidateAllWidgets triggered.  All widgets were invalidated
[2020.01.19-09.07.20:391][  0]MapCheck: New page: Map Check
[2020.01.19-09.07.20:391][  0]LightingResults: New page: Lighting Build
[2020.01.19-09.07.20:422][  0]LogUObjectHash: Compacting FUObjectHashTables data took   1.56ms
[2020.01.19-09.07.20:524][  0]LogTexture: Display: Building textures: HQ_Lightmap0_2 (AutoDXT, 64X64)
[2020.01.19-09.07.20:524][  0]LogTexture: Display: Building textures: LQ_Lightmap_0_2 (DXT1, 64X64)
[2020.01.19-09.07.20:524][  0]LogTexture: Display: Building textures: LQ_Lightmap_0_1 (DXT1, 512X512)
[2020.01.19-09.07.20:524][  0]LogTexture: Display: Building textures: HQ_Lightmap0_1 (AutoDXT, 512X512)
[2020.01.19-09.07.20:534][  0]LogAIModule: Creating AISystem for world Main
[2020.01.19-09.07.20:538][  0]LogEditorServer: Finished looking for orphan Actors (0.000 secs)
[2020.01.19-09.07.20:565][  0]LogUObjectHash: Compacting FUObjectHashTables data took   1.90ms
[2020.01.19-09.07.20:566][  0]Cmd: MAP CHECKDEP NOCLEARLOG
[2020.01.19-09.07.20:566][  0]MapCheck: Map check complete: 0 Error(s), 0 Warning(s), took 0.076ms to complete.
[2020.01.19-09.07.20:566][  0]LogFileHelpers: Loading map 'Main' took 0.176
[2020.01.19-09.07.20:699][  0]LogSlate: Updating window title bar state: overlay mode, drag disabled, window buttons hidden, title bar hidden
[2020.01.19-09.07.20:704][  0]LogSlate: Updating window title bar state: overlay mode, drag disabled, window buttons hidden, title bar hidden
[2020.01.19-09.07.20:710][  0]LogSlate: Updating window title bar state: overlay mode, drag disabled, window buttons hidden, title bar hidden
[2020.01.19-09.07.20:716][  0]LogSlate: Updating window title bar state: overlay mode, drag disabled, window buttons hidden, title bar hidden
[2020.01.19-09.07.20:721][  0]LogCollectionManager: Loaded 0 collections in 0.000749 seconds
[2020.01.19-09.07.20:732][  0]LogFileCache: Scanning file cache for directory 'D:/lesupermomo/git2/Modern_Gladiator/ModernGladiator/Saved/Collections/' took 0.00s
[2020.01.19-09.07.20:732][  0]LogFileCache: Scanning file cache for directory 'D:/lesupermomo/git2/Modern_Gladiator/ModernGladiator/Content/Developers/Admin/Collections/' took 0.00s
[2020.01.19-09.07.20:732][  0]LogFileCache: Scanning file cache for directory 'D:/lesupermomo/git2/Modern_Gladiator/ModernGladiator/Content/Collections/' took 0.00s
[2020.01.19-09.07.20:732][  0]LogContentBrowser: Native class hierarchy populated in 0.0072 seconds. Added 3019 classes and 722 folders.
[2020.01.19-09.07.20:734][  0]LogContentBrowser: Native class hierarchy updated for 'WidgetCarousel' in 0.0003 seconds. Added 0 classes and 0 folders.
[2020.01.19-09.07.20:785][  0]LogContentBrowser: Native class hierarchy updated for 'AddContentDialog' in 0.0003 seconds. Added 0 classes and 0 folders.
[2020.01.19-09.07.20:788][  0]LogContentBrowser: Native class hierarchy updated for 'SceneOutliner' in 0.0004 seconds. Added 2 classes and 3 folders.
[2020.01.19-09.07.20:899][  0]LogSlate: Took 0.000179 seconds to synchronously load lazily loaded font '../../../Engine/Content/Slate/Fonts/Roboto-Regular.ttf' (155K)
[2020.01.19-09.07.20:901][  0]LogSlate: Took 0.000126 seconds to synchronously load lazily loaded font '../../../Engine/Content/Slate/Fonts/Roboto-Bold.ttf' (160K)
[2020.01.19-09.07.20:905][  0]LogSlate: Took 0.000176 seconds to synchronously load lazily loaded font '../../../Engine/Content/Editor/Slate/Fonts/FontAwesome.ttf' (139K)
[2020.01.19-09.07.20:967][  0]LogRenderer: Reallocating scene render targets to support 964x432 Format 10 NumSamples 1 (Frame:1).
[2020.01.19-09.07.21:090][  0]LogContentBrowser: Native class hierarchy updated for 'HierarchicalLODOutliner' in 0.0005 seconds. Added 0 classes and 0 folders.
[2020.01.19-09.07.21:091][  0]LogLoad: (Engine Initialization) Total time: 7.66 seconds
[2020.01.19-09.07.21:091][  0]LogLoad: (Engine Initialization) Total Blueprint compile time: 0.00 seconds
[2020.01.19-09.07.21:137][  0]LogAssetRegistry: Asset discovery search completed in 4.6928 seconds
[2020.01.19-09.07.21:140][  0]LogCollectionManager: Fixed up redirectors for 0 collections in 0.000007 seconds (updated 0 objects)
[2020.01.19-09.07.21:141][  0]LogContentStreaming: Texture pool size now 1000 MB
[2020.01.19-09.07.21:165][  0]LogSlate: Took 0.000129 seconds to synchronously load lazily loaded font '../../../Engine/Content/Slate/Fonts/Roboto-Light.ttf' (167K)
[2020.01.19-09.07.23:666][142]LogEditorViewport: Clicking on Actor (LMB): StaticMeshActor (Cube8)
[2020.01.19-09.07.25:724][253]LogEditorViewport: Clicking on Actor (LMB): StaticMeshActor (Cube4)
[2020.01.19-09.07.26:737][313]LogEditorViewport: Clicking on Actor (LMB): BP_Interactable_C (BP_Interactable)
[2020.01.19-09.10.45:852][405]LogTemp: Repeating last play command: Selected Viewport
[2020.01.19-09.10.45:862][405]LogPlayLevel: PlayLevel: No blueprints needed recompiling
[2020.01.19-09.10.45:862][405]PIE: New page: PIE session: Main (Jan 18, 2020, 11:10:45 PM)
[2020.01.19-09.10.45:863][405]LogOnline: OSS: Creating online subsystem instance for: NULL
[2020.01.19-09.10.45:864][405]LogOnline: OSS: TryLoadSubsystemAndSetDefault: Loaded subsystem for module [NULL]
[2020.01.19-09.10.45:864][405]LogPlayLevel: Creating play world package: /Game/Maps/UEDPIE_0_Main
[2020.01.19-09.10.45:867][405]LogPlayLevel: PIE: StaticDuplicateObject took: (0.002544s)
[2020.01.19-09.10.45:868][405]LogAIModule: Creating AISystem for world Main
[2020.01.19-09.10.45:868][405]LogPlayLevel: PIE: World Init took: (0.001057s)
[2020.01.19-09.10.45:868][405]LogPlayLevel: PIE: Created PIE world by copying editor world from /Game/Maps/Main.Main to /Game/Maps/UEDPIE_0_Main.Main (0.003779s)
[2020.01.19-09.10.45:894][405]LogUObjectHash: Compacting FUObjectHashTables data took   1.29ms
[2020.01.19-09.10.45:895][405]LogAudioMixer: Display: Audio Mixer Platform Settings:
[2020.01.19-09.10.45:895][405]LogAudioMixer: Display: 	Sample Rate:						  48000
[2020.01.19-09.10.45:895][405]LogAudioMixer: Display: 	Callback Buffer Frame Size Requested: 1024
[2020.01.19-09.10.45:895][405]LogAudioMixer: Display: 	Callback Buffer Frame Size To Use:	  1024
[2020.01.19-09.10.45:895][405]LogAudioMixer: Display: 	Number of buffers to queue:			  2
[2020.01.19-09.10.45:895][405]LogAudioMixer: Display: 	Max Channels (voices):				  32
[2020.01.19-09.10.45:895][405]LogAudioMixer: Display: 	Number of Async Source Workers:		  0
[2020.01.19-09.10.45:896][405]LogAudio: Display: AudioDevice MaxSources: 32
[2020.01.19-09.10.45:896][405]LogAudio: Display: Using built-in audio occlusion.
[2020.01.19-09.10.45:896][405]LogAudioMixer: Display: Initializing audio mixer.
[2020.01.19-09.10.45:909][405]LogAudioMixer: Display: Audio Device Output Speaker Info:
[2020.01.19-09.10.45:909][405]LogAudioMixer: Display: Name: Speakers/Headphones (Realtek(R) Audio)
[2020.01.19-09.10.45:909][405]LogAudioMixer: Display: Is Default: Yes
[2020.01.19-09.10.45:909][405]LogAudioMixer: Display: Sample Rate: 48000
[2020.01.19-09.10.45:909][405]LogAudioMixer: Display: Channel Count Used: 2
[2020.01.19-09.10.45:909][405]LogAudioMixer: Display: Device Channel Count: 2
[2020.01.19-09.10.45:909][405]LogAudioMixer: Display: Channel Order:
[2020.01.19-09.10.45:909][405]LogAudioMixer: Display: 0: FrontLeft
[2020.01.19-09.10.45:909][405]LogAudioMixer: Display: 1: FrontRight
[2020.01.19-09.10.45:995][405]LogAudioMixer: Display: Using Audio Device Speakers/Headphones (Realtek(R) Audio)
[2020.01.19-09.10.45:997][405]LogInit: FAudioDevice initialized.
[2020.01.19-09.10.46:021][405]LogLoad: Game class is 'BP_GameModeBase_C'
[2020.01.19-09.10.46:022][405]LogWorld: Bringing World /Game/Maps/UEDPIE_0_Main.Main up for play (max tick rate 60) at 2020.01.19-04.10.46
[2020.01.19-09.10.46:023][405]LogWorld: Bringing up level for play took: 0.000683
[2020.01.19-09.10.46:023][405]LogOnline: OSS: Creating online subsystem instance for: :Context_2
[2020.01.19-09.10.46:026][405]LogContentBrowser: Native class hierarchy updated for 'MovieSceneCapture' in 0.0004 seconds. Added 20 classes and 0 folders.
[2020.01.19-09.10.46:027][405]PIE: Play in editor start time for /Game/Maps/UEDPIE_0_Main -0.523
[2020.01.19-09.10.51:555][732]LogAudioMixer: Display: No commands were queued while flushing the source manager.
[2020.01.19-09.10.51:555][732]LogAudioMixer: Display: No commands were queued while flushing the source manager.
[2020.01.19-09.10.51:555][732]LogSlate: Updating window title bar state: overlay mode, drag disabled, window buttons hidden, title bar hidden
[2020.01.19-09.10.51:555][732]LogWorld: BeginTearingDown for /Game/Maps/UEDPIE_0_Main
[2020.01.19-09.10.51:556][732]LogAudioMixer: Display: No commands were queued while flushing the source manager.
[2020.01.19-09.10.51:556][732]LogWorld: UWorld::CleanupWorld for Main, bSessionEnded=true, bCleanupResources=true
[2020.01.19-09.10.51:556][732]LogSlate: InvalidateAllWidgets triggered.  All widgets were invalidated
[2020.01.19-09.10.51:564][732]LogPlayLevel: Display: Shutting down PIE online subsystems
[2020.01.19-09.10.51:567][732]LogSlate: InvalidateAllWidgets triggered.  All widgets were invalidated
[2020.01.19-09.10.51:595][732]LogAudioMixer: Display: No commands were queued while flushing the source manager.
[2020.01.19-09.10.51:599][732]LogSlate: Updating window title bar state: overlay mode, drag disabled, window buttons hidden, title bar hidden
[2020.01.19-09.10.51:602][732]LogUObjectHash: Compacting FUObjectHashTables data took   1.77ms
[2020.01.19-09.10.51:655][735]LogPlayLevel: Display: Destroying online subsystem :Context_2
[2020.01.19-09.11.41:166][124]MapCheck: New page: Map Check
[2020.01.19-09.11.41:183][124]Cmd: MAP REBUILD ALLVISIBLE
[2020.01.19-09.11.41:183][124]LogEditorServer: Rebuildmap Clear paths rebuilt
[2020.01.19-09.11.41:237][124]LogWorld: UWorld::CleanupWorld for Main, bSessionEnded=true, bCleanupResources=false
[2020.01.19-09.11.41:281][124]LogUObjectHash: Compacting FUObjectHashTables data took   1.49ms
[2020.01.19-09.11.41:293][124]LogMaterial: Display: Missing cached shader map for material DebugViewMode MaterialTexCoordScale, compiling. 
[2020.01.19-09.11.41:307][124]LogShaderCompilers: Display: Worker (1/9): shaders left to compile 2
[2020.01.19-09.11.41:307][124]LogShaderCompilers: Display: Worker (2/9): shaders left to compile 1
[2020.01.19-09.11.41:307][124]LogMaterial: Display: Missing cached shader map for material DebugViewMode MaterialTexCoordScale, compiling. 
[2020.01.19-09.11.41:319][124]LogMaterial: Display: Missing cached shader map for material DebugViewMode MaterialTexCoordScale, compiling. 
[2020.01.19-09.11.41:331][124]LogMaterial: Display: Missing cached shader map for material DebugViewMode MaterialTexCoordScale, compiling. 
[2020.01.19-09.11.41:899][124]LogShaderCompilers: Display: Worker (3/9): shaders left to compile 6
[2020.01.19-09.11.41:899][124]LogShaderCompilers: Display: Worker (4/9): shaders left to compile 5
[2020.01.19-09.11.41:899][124]LogShaderCompilers: Display: Worker (5/9): shaders left to compile 4
[2020.01.19-09.11.41:899][124]LogShaderCompilers: Display: Worker (6/9): shaders left to compile 3
[2020.01.19-09.11.41:899][124]LogShaderCompilers: Display: Worker (7/9): shaders left to compile 2
[2020.01.19-09.11.41:899][124]LogShaderCompilers: Display: Worker (8/9): shaders left to compile 1
[2020.01.19-09.11.41:899][124]TextureStreamingBuild: Display: Compiling optional shaders took 0.617 seconds.
[2020.01.19-09.11.41:903][124]LogLevel: Display: Export Material TexCoord Scales took 0.003 seconds.
[2020.01.19-09.11.41:905][124]TextureStreamingBuild: Display: Build Texture Streaming took 0.002 seconds.
[2020.01.19-09.11.41:933][124]LogUObjectHash: Compacting FUObjectHashTables data took   0.57ms
[2020.01.19-09.11.41:936][124]LightingResults: New page: Lighting Build - Jan 18, 2020, 11:11:41 PM
[2020.01.19-09.11.41:975][124]LogSwarmInterface: [OpenConnection] Registering TCP channel ...
[2020.01.19-09.11.42:084][124]LogSwarmInterface: [OpenConnection] Connecting to agent ...
[2020.01.19-09.11.42:098][124]LogSwarmInterface: [TryOpenConnection] Testing the Agent
[2020.01.19-09.11.42:610][124]LogSwarmInterface: [TryOpenConnection] Opening Connection to Agent
[2020.01.19-09.11.42:611][124]LogSwarmInterface: [TryOpenConnection] Local Process ID is 6184
[2020.01.19-09.11.49:307][124]LogStaticLightingSystem: Warning: No importance volume found, so the scene bounding box was used.  You can optimize your scene's quality and lighting build times by adding importance volumes.
[2020.01.19-09.11.49:307][124]LogStaticLightingSystem: Running Lightmass w/ ImmediateImport mode ENABLED
[2020.01.19-09.11.49:307][124]LogStaticLightingSystem: Running Lightmass w/ ImmediateProcess mode ENABLED
[2020.01.19-09.11.49:307][124]LogStaticLightingSystem: Running Lightmass w/ Sorting mode ENABLED
[2020.01.19-09.11.49:307][124]LogStaticLightingSystem: Running Lightmass w/ Mapping paddings ENABLED
[2020.01.19-09.11.49:307][124]LogStaticLightingSystem: Running Lightmass w/ Mapping debug paddings DISABLED
[2020.01.19-09.11.49:478][124]Cmd: MAP CHECK DONTDISPLAYDIALOG
[2020.01.19-09.11.49:478][124]MapCheck: New page: Main - Jan 18, 2020, 11:11:49 PM
[2020.01.19-09.11.49:478][124]MapCheck: Map check complete: 0 Error(s), 0 Warning(s), took 0.271ms to complete.
[2020.01.19-09.11.49:480][124]LogEditorBuildUtils: Build time 0:08
[2020.01.19-09.11.49:875][128]LogUObjectHash: Compacting FUObjectHashTables data took   0.62ms
[2020.01.19-09.11.51:010][160]LogSlate: Took 0.000190 seconds to synchronously load lazily loaded font '../../../Engine/Content/Slate/Fonts/Roboto-Light.ttf' (167K)
[2020.01.19-09.11.51:037][160]Cmd: OBJ SAVEPACKAGE PACKAGE="/Game/Maps/Main" FILE="../../../../../../lesupermomo/git2/Modern_Gladiator/ModernGladiator/Content/Maps/Main.umap" SILENT=true AUTOSAVING=false KEEPDIRTY=false
[2020.01.19-09.11.51:071][160]LogUObjectHash: Compacting FUObjectHashTables data took   0.86ms
[2020.01.19-09.11.51:108][160]LogSavePackage: Moving '../../../../../../lesupermomo/git2/Modern_Gladiator/ModernGladiator/Saved/Main640F81D24A724A58075354A788B641D3.tmp' to '../../../../../../lesupermomo/git2/Modern_Gladiator/ModernGladiator/Content/Maps/Main.umap'
[2020.01.19-09.11.51:150][160]Cmd: OBJ SAVEPACKAGE PACKAGE="/Game/Maps/Main_BuiltData" FILE="../../../../../../lesupermomo/git2/Modern_Gladiator/ModernGladiator/Content/Maps/Main_BuiltData.uasset" SILENT=true
[2020.01.19-09.11.51:190][160]LogSavePackage: Moving '../../../../../../lesupermomo/git2/Modern_Gladiator/ModernGladiator/Saved/Main_BuiltDataB781DFFA4F02813545722CA2CA53ECEE.tmp' to '../../../../../../lesupermomo/git2/Modern_Gladiator/ModernGladiator/Content/Maps/Main_BuiltData.uasset'
[2020.01.19-09.11.51:214][160]AssetCheck: New page: Asset Save: multiple assets
[2020.01.19-09.11.51:215][160]LogContentValidation: Display: Validating World /Game/Maps/Main.Main
[2020.01.19-09.11.51:215][160]LogContentValidation: Display: Validating MapBuildDataRegistry /Game/Maps/Main_BuiltData.Main_BuiltData
[2020.01.19-09.11.51:326][165]Job is a success!
[2020.01.19-09.11.51:551][166]LogVolumetricLightmapImport: Imported Volumetric Lightmap in 0.022s
[2020.01.19-09.11.51:551][166]LogVolumetricLightmapImport:      Indirection Texture 16x16x16 = 0.0Mb
[2020.01.19-09.11.51:551][166]LogVolumetricLightmapImport:      BrickData (all levels) 0.4Mb
[2020.01.19-09.11.51:551][166]LogVolumetricLightmapImport:      Bricks at depth
[2020.01.19-09.11.51:551][166]LogVolumetricLightmapImport:          0: 1.3% covering 100.0% of volume
[2020.01.19-09.11.51:551][166]LogVolumetricLightmapImport:          1: 5.0% covering 6.3% of volume
[2020.01.19-09.11.51:551][166]LogVolumetricLightmapImport:          2: 93.8% covering 1.8% of volume
[2020.01.19-09.11.51:551][166]LogVolumetricLightmapImport:      Bricks in each level
[2020.01.19-09.11.51:551][166]LogVolumetricLightmapImport:          Main 			 80 bricks 	 100.0% (Persistent Level)
[2020.01.19-09.11.51:630][166]LogTexture: Display: Building textures: HQ_Lightmap1_1 (AutoDXT, 512X512)
[2020.01.19-09.11.51:630][166]LogTexture: Display: Building textures: LQ_Lightmap_1_1 (DXT1, 512X512)
[2020.01.19-09.11.51:631][166]LogTexture: Display: Building textures: LQ_Lightmap_1_2 (DXT1, 64X64)
[2020.01.19-09.11.51:631][166]LogTexture: Display: Building textures: HQ_Lightmap1_2 (AutoDXT, 64X64)
[2020.01.19-09.11.51:631][166]LogTexture: Display: Building textures: ShadowMapTexture2D_1 (G8, 32X32)
[2020.01.19-09.11.51:631][166]LogTexture: Display: Building textures: ShadowMapTexture2D_0 (G8, 512X128)
[2020.01.19-09.11.51:631][166]Lightmass on DESKTOP-9VH3JGO: 1.06 sec total, 112 ms importing, 5 ms setup, 127 ms photons, 797 ms processing, 0 ms extra exporting [12/12 mappings]. Threads: 8.76 sec total, 836 ms processing.
[2020.01.19-09.11.51:631][166]LogStaticLightingSystem: Main_BuiltData storing lightmap data for 12 meshes in 3 LightmapResourceClusters (4.0 Meshes per cluster).
[2020.01.19-09.11.51:664][166]LogUObjectHash: Compacting FUObjectHashTables data took   1.40ms
[2020.01.19-09.11.51:730][166]LogStaticLightingSystem: Illumination: 9.70 sec (41 ms encoding lightmaps, 12 ms encoding shadowmaps)
[2020.01.19-09.11.51:730][166]LogStaticLightingSystem: Lightmap texture memory:  0.5 MB (0.5 MB streaming, 0.0 MB non-streaming), 4 textures
[2020.01.19-09.11.51:730][166]LogStaticLightingSystem: Shadowmap texture memory: 0.1 MB (0.1 MB streaming, 0.0 MB non-streaming), 2 textures
[2020.01.19-09.11.56:326][166]DumpUnbuiltLightIteractions
[2020.01.19-09.11.56:326][166]Lights with unbuilt interactions: 0
[2020.01.19-09.11.56:326][166]
[2020.01.19-09.11.56:326][166]Primitives with unbuilt interactions: 0
[2020.01.19-09.11.56:526][167]Cmd: MAP CHECK NOTIFYRESULTS
[2020.01.19-09.11.56:526][167]MapCheck: New page: Main - Jan 18, 2020, 11:11:56 PM
[2020.01.19-09.11.56:526][167]MapCheck: Map check complete: 0 Error(s), 0 Warning(s), took 0.239ms to complete.
[2020.01.19-09.11.59:193][325]LogTemp: Repeating last play command: Selected Viewport
[2020.01.19-09.11.59:205][325]LogPlayLevel: PlayLevel: No blueprints needed recompiling
[2020.01.19-09.11.59:205][325]PIE: New page: PIE session: Main (Jan 18, 2020, 11:11:59 PM)
[2020.01.19-09.11.59:205][325]LogPlayLevel: Creating play world package: /Game/Maps/UEDPIE_0_Main
[2020.01.19-09.11.59:208][325]LogPlayLevel: PIE: StaticDuplicateObject took: (0.002247s)
[2020.01.19-09.11.59:208][325]LogAIModule: Creating AISystem for world Main
[2020.01.19-09.11.59:209][325]LogPlayLevel: PIE: World Init took: (0.000791s)
[2020.01.19-09.11.59:209][325]LogPlayLevel: PIE: Created PIE world by copying editor world from /Game/Maps/Main.Main to /Game/Maps/UEDPIE_0_Main.Main (0.003160s)
[2020.01.19-09.11.59:235][325]LogUObjectHash: Compacting FUObjectHashTables data took   1.34ms
[2020.01.19-09.11.59:236][325]LogAudioMixer: Display: Audio Mixer Platform Settings:
[2020.01.19-09.11.59:236][325]LogAudioMixer: Display: 	Sample Rate:						  48000
[2020.01.19-09.11.59:236][325]LogAudioMixer: Display: 	Callback Buffer Frame Size Requested: 1024
[2020.01.19-09.11.59:236][325]LogAudioMixer: Display: 	Callback Buffer Frame Size To Use:	  1024
[2020.01.19-09.11.59:236][325]LogAudioMixer: Display: 	Number of buffers to queue:			  2
[2020.01.19-09.11.59:236][325]LogAudioMixer: Display: 	Max Channels (voices):				  32
[2020.01.19-09.11.59:236][325]LogAudioMixer: Display: 	Number of Async Source Workers:		  0
[2020.01.19-09.11.59:236][325]LogAudio: Display: AudioDevice MaxSources: 32
[2020.01.19-09.11.59:236][325]LogAudio: Display: Using built-in audio occlusion.
[2020.01.19-09.11.59:236][325]LogAudioMixer: Display: Initializing audio mixer.
[2020.01.19-09.11.59:249][325]LogAudioMixer: Display: Audio Device Output Speaker Info:
[2020.01.19-09.11.59:249][325]LogAudioMixer: Display: Name: Speakers/Headphones (Realtek(R) Audio)
[2020.01.19-09.11.59:249][325]LogAudioMixer: Display: Is Default: Yes
[2020.01.19-09.11.59:249][325]LogAudioMixer: Display: Sample Rate: 48000
[2020.01.19-09.11.59:249][325]LogAudioMixer: Display: Channel Count Used: 2
[2020.01.19-09.11.59:249][325]LogAudioMixer: Display: Device Channel Count: 2
[2020.01.19-09.11.59:249][325]LogAudioMixer: Display: Channel Order:
[2020.01.19-09.11.59:249][325]LogAudioMixer: Display: 0: FrontLeft
[2020.01.19-09.11.59:249][325]LogAudioMixer: Display: 1: FrontRight
[2020.01.19-09.11.59:335][325]LogAudioMixer: Display: Using Audio Device Speakers/Headphones (Realtek(R) Audio)
[2020.01.19-09.11.59:335][325]LogInit: FAudioDevice initialized.
[2020.01.19-09.11.59:346][325]LogLoad: Game class is 'BP_GameModeBase_C'
[2020.01.19-09.11.59:347][325]LogWorld: Bringing World /Game/Maps/UEDPIE_0_Main.Main up for play (max tick rate 60) at 2020.01.19-04.11.59
[2020.01.19-09.11.59:347][325]LogWorld: Bringing up level for play took: 0.000622
[2020.01.19-09.11.59:347][325]LogOnline: OSS: Creating online subsystem instance for: :Context_4
[2020.01.19-09.11.59:350][325]PIE: Play in editor start time for /Game/Maps/UEDPIE_0_Main 0.8
[2020.01.19-09.12.08:567][872]LogOutputDevice: Warning: 

Script Stack (1 frames):
MyCharacter.TraceForward

[2020.01.19-09.12.08:567][872]LogWindows: Windows GetLastError: The operation completed successfully. (0)
[2020.01.19-09.12.10:710][872]LogWindows: Error: === Critical error: ===
[2020.01.19-09.12.10:710][872]LogWindows: Error: 
[2020.01.19-09.12.10:710][872]LogWindows: Error: Assertion failed: O->GetClass()->ImplementsInterface(UInteractInterface::StaticClass()) [File:D:\lesupermomo\git2\Modern_Gladiator\ModernGladiator\Intermediate\Build\Win64\UE4Editor\Inc\ModernGladiator\InteractInterface.gen.cpp] [Line: 222] 
[2020.01.19-09.12.10:710][872]LogWindows: Error: 
[2020.01.19-09.12.10:710][872]LogWindows: Error: 
[2020.01.19-09.12.10:710][872]LogWindows: Error: 
[2020.01.19-09.12.10:710][872]LogWindows: Error: [Callstack] 0x00007ffbea73a839 KERNELBASE.dll!UnknownFunction []
[2020.01.19-09.12.10:710][872]LogWindows: Error: [Callstack] 0x00007ffb9778a9e6 UE4Editor-Core.dll!UnknownFunction []
[2020.01.19-09.12.10:710][872]LogWindows: Error: [Callstack] 0x00007ffb9778de88 UE4Editor-Core.dll!UnknownFunction []
[2020.01.19-09.12.10:710][872]LogWindows: Error: [Callstack] 0x00007ffb97542cbd UE4Editor-Core.dll!UnknownFunction []
[2020.01.19-09.12.10:710][872]LogWindows: Error: [Callstack] 0x00007ffb974cfd83 UE4Editor-Core.dll!UnknownFunction []
[2020.01.19-09.12.10:710][872]LogWindows: Error: [Callstack] 0x00007ffb974d2100 UE4Editor-Core.dll!UnknownFunction []
[2020.01.19-09.12.10:710][872]LogWindows: Error: [Callstack] 0x00007ffb6cc85b50 UE4Editor-ModernGladiator-0039.dll!UnknownFunction []
[2020.01.19-09.12.10:710][872]LogWindows: Error: [Callstack] 0x00007ffb6cc8484b UE4Editor-ModernGladiator-0039.dll!UnknownFunction []
[2020.01.19-09.12.10:710][872]LogWindows: Error: [Callstack] 0x00007ffb9f8542e8 UE4Editor-CoreUObject.dll!UnknownFunction []
[2020.01.19-09.12.10:710][872]LogWindows: Error: [Callstack] 0x00007ffb9faa0178 UE4Editor-CoreUObject.dll!UnknownFunction []
[2020.01.19-09.12.10:711][872]LogWindows: Error: [Callstack] 0x00007ffb7d408128 UE4Editor-Engine.dll!UnknownFunction []
[2020.01.19-09.12.10:711][872]LogWindows: Error: [Callstack] 0x00007ffb6cc83f72 UE4Editor-ModernGladiator-0039.dll!UnknownFunction []
[2020.01.19-09.12.10:711][872]LogWindows: Error: [Callstack] 0x00007ffb7e623db6 UE4Editor-Engine.dll!UnknownFunction []
[2020.01.19-09.12.10:711][872]LogWindows: Error: [Callstack] 0x00007ffb7e64d071 UE4Editor-Engine.dll!UnknownFunction []
[2020.01.19-09.12.10:711][872]LogWindows: Error: [Callstack] 0x00007ffb7e12fd93 UE4Editor-Engine.dll!UnknownFunction []
[2020.01.19-09.12.10:711][872]LogWindows: Error: [Callstack] 0x00007ffb7e141b8d UE4Editor-Engine.dll!UnknownFunction []
[2020.01.19-09.12.10:711][872]LogWindows: Error: [Callstack] 0x00007ffb7e12dd1b UE4Editor-Engine.dll!UnknownFunction []
[2020.01.19-09.12.10:711][872]LogWindows: Error: [Callstack] 0x00007ffb7e13ffb7 UE4Editor-Engine.dll!UnknownFunction []
[2020.01.19-09.12.10:711][872]LogWindows: Error: [Callstack] 0x00007ffb7d3e7896 UE4Editor-Engine.dll!UnknownFunction []
[2020.01.19-09.12.10:711][872]LogWindows: Error: [Callstack] 0x00007ffb7e526123 UE4Editor-Engine.dll!UnknownFunction []
[2020.01.19-09.12.10:711][872]LogWindows: Error: [Callstack] 0x00007ffb7e534116 UE4Editor-Engine.dll!UnknownFunction []
[2020.01.19-09.12.10:711][872]LogWindows: Error: [Callstack] 0x00007ffb97319ff2 UE4Editor-Core.dll!UnknownFunction []
[2020.01.19-09.12.10:711][872]LogWindows: Error: [Callstack] 0x00007ffb9731a393 UE4Editor-Core.dll!UnknownFunction []
[2020.01.19-09.12.10:711][872]LogWindows: Error: [Callstack] 0x00007ffb9732aa68 UE4Editor-Core.dll!UnknownFunction []
[2020.01.19-09.12.10:711][872]LogWindows: Error: [Callstack] 0x00007ffb7e552860 UE4Editor-Engine.dll!UnknownFunction []
[2020.01.19-09.12.10:711][872]LogWindows: Error: [Callstack] 0x00007ffb7e5584f2 UE4Editor-Engine.dll!UnknownFunction []
[2020.01.19-09.12.10:711][872]LogWindows: Error: [Callstack] 0x00007ffb7dcd9f3f UE4Editor-Engine.dll!UnknownFunction []
[2020.01.19-09.12.10:711][872]LogWindows: Error: [Callstack] 0x00007ffb7dce4e07 UE4Editor-Engine.dll!UnknownFunction []
[2020.01.19-09.12.10:711][872]LogWindows: Error: [Callstack] 0x00007ffb7a6badb0 UE4Editor-UnrealEd.dll!UnknownFunction []
[2020.01.19-09.12.10:711][872]LogWindows: Error: [Callstack] 0x00007ffb7af1dd66 UE4Editor-UnrealEd.dll!UnknownFunction []
[2020.01.19-09.12.10:711][872]LogWindows: Error: [Callstack] 0x00007ff6edac7f62 UE4Editor.exe!UnknownFunction []
[2020.01.19-09.12.10:711][872]LogWindows: Error: [Callstack] 0x00007ff6edadc3ec UE4Editor.exe!UnknownFunction []
[2020.01.19-09.12.10:711][872]LogWindows: Error: [Callstack] 0x00007ff6edadc4ca UE4Editor.exe!UnknownFunction []
[2020.01.19-09.12.10:711][872]LogWindows: Error: [Callstack] 0x00007ff6edaeceae UE4Editor.exe!UnknownFunction []
[2020.01.19-09.12.10:711][872]LogWindows: Error: [Callstack] 0x00007ff6edaefcbe UE4Editor.exe!UnknownFunction []
[2020.01.19-09.12.10:711][872]LogWindows: Error: [Callstack] 0x00007ffbec107bd4 KERNEL32.DLL!UnknownFunction []
[2020.01.19-09.12.10:711][872]LogWindows: Error: [Callstack] 0x00007ffbecb6ced1 ntdll.dll!UnknownFunction []
[2020.01.19-09.12.10:711][872]LogWindows: Error: 
[2020.01.19-09.12.10:721][872]LogExit: Executing StaticShutdownAfterError
[2020.01.19-09.12.10:723][872]LogWindows: FPlatformMisc::RequestExit(1)
[2020.01.19-09.12.10:724][872]LogCore: Engine exit requested (reason: Win RequestExit)
[2020.01.19-09.12.10:736][872]Log file closed, 01/19/20 04:12:10
