Log file open, 01/19/20 04:12:13
LogWindows: Failed to load 'aqProf.dll' (GetLastError=126)
LogWindows: File 'aqProf.dll' does not exist
LogWindows: Failed to load 'VtuneApi.dll' (GetLastError=126)
LogWindows: File 'VtuneApi.dll' does not exist
LogWindows: Failed to load 'VtuneApi32e.dll' (GetLastError=126)
LogWindows: File 'VtuneApi32e.dll' does not exist
LogConsoleResponse: Display: Failed to find resolution value strings in scalability ini. Falling back to default.
LogInit: Display: Running engine for game: ModernGladiator
LogPlatformFile: Not using cached read wrapper
LogTaskGraph: Started task graph with 5 named threads and 35 total threads with 3 sets of task threads.
LogStats: Stats thread started at 0.065353
LogD3D11RHI: Loaded GFSDK_Aftermath_Lib.x64.dll
LogICUInternationalization: ICU TimeZone Detection - Raw Offset: -5:00, Platform Override: ''
LogPluginManager: Mounting plugin Paper2D
LogPluginManager: Mounting plugin AISupport
LogPluginManager: Mounting plugin LightPropagationVolume
LogPluginManager: Mounting plugin ActorLayerUtilities
LogPluginManager: Mounting plugin AnimationSharing
LogPluginManager: Mounting plugin CLionSourceCodeAccess
LogPluginManager: Mounting plugin CodeLiteSourceCodeAccess
LogPluginManager: Mounting plugin GitSourceControl
LogPluginManager: Mounting plugin KDevelopSourceCodeAccess
LogPluginManager: Mounting plugin NullSourceCodeAccess
LogPluginManager: Mounting plugin PerforceSourceControl
LogPluginManager: Mounting plugin PlasticSourceControl
LogPluginManager: Mounting plugin SubversionSourceControl
LogPluginManager: Mounting plugin UObjectPlugin
LogPluginManager: Mounting plugin VisualStudioCodeSourceCodeAccess
LogPluginManager: Mounting plugin VisualStudioSourceCodeAccess
LogPluginManager: Mounting plugin XCodeSourceCodeAccess
LogPluginManager: Mounting plugin AssetManagerEditor
LogPluginManager: Mounting plugin CryptoKeys
LogPluginManager: Mounting plugin CurveEditorTools
LogPluginManager: Mounting plugin DataValidation
LogPluginManager: Mounting plugin FacialAnimation
LogPluginManager: Mounting plugin GameplayTagsEditor
LogPluginManager: Mounting plugin MacGraphicsSwitching
LogPluginManager: Mounting plugin MaterialAnalyzer
LogPluginManager: Mounting plugin MobileLauncherProfileWizard
LogPluginManager: Mounting plugin PluginBrowser
LogPluginManager: Mounting plugin SpeedTreeImporter
LogPluginManager: Mounting plugin DatasmithContent
LogPluginManager: Mounting plugin VariantManagerContent
LogPluginManager: Mounting plugin AlembicImporter
LogPluginManager: Mounting plugin AutomationUtils
LogPluginManager: Mounting plugin BackChannel
LogPluginManager: Mounting plugin CharacterAI
LogPluginManager: Mounting plugin GeometryCache
LogPluginManager: Mounting plugin PlatformCrypto
LogPluginManager: Mounting plugin ProxyLODPlugin
LogPluginManager: Mounting plugin SkeletalReduction
LogPluginManager: Mounting plugin MagicLeap
LogPluginManager: Mounting plugin MagicLeapMedia
LogPluginManager: Mounting plugin MLSDK
LogPluginManager: Mounting plugin AndroidMedia
LogPluginManager: Mounting plugin AvfMedia
LogPluginManager: Mounting plugin ImgMedia
LogPluginManager: Mounting plugin MediaCompositing
LogPluginManager: Mounting plugin MediaPlayerEditor
LogPluginManager: Mounting plugin WebMMedia
LogPluginManager: Mounting plugin WmfMedia
LogPluginManager: Mounting plugin TcpMessaging
LogPluginManager: Mounting plugin UdpMessaging
LogPluginManager: Mounting plugin ActorSequence
LogPluginManager: Mounting plugin LevelSequenceEditor
LogPluginManager: Mounting plugin MatineeToLevelSequence
LogPluginManager: Mounting plugin NetcodeUnitTest
LogPluginManager: Mounting plugin NUTUnrealEngine4
LogPluginManager: Mounting plugin OnlineSubsystemGooglePlay
LogPluginManager: Mounting plugin OnlineSubsystemIOS
LogPluginManager: Mounting plugin OnlineSubsystem
LogPluginManager: Mounting plugin OnlineSubsystemNull
LogPluginManager: Mounting plugin OnlineSubsystemUtils
LogPluginManager: Mounting plugin LauncherChunkInstaller
LogPluginManager: Mounting plugin AndroidDeviceProfileSelector
LogPluginManager: Mounting plugin AndroidMoviePlayer
LogPluginManager: Mounting plugin AndroidPermission
LogPluginManager: Mounting plugin AppleImageUtils
LogPluginManager: Mounting plugin AppleMoviePlayer
LogPluginManager: Mounting plugin ArchVisCharacter
LogPluginManager: Mounting plugin AssetTags
LogPluginManager: Mounting plugin AudioCapture
LogPluginManager: Mounting plugin CableComponent
LogPluginManager: Mounting plugin CustomMeshComponent
LogPluginManager: Mounting plugin EditableMesh
LogPluginManager: Mounting plugin ExampleDeviceProfileSelector
LogPluginManager: Mounting plugin GoogleCloudMessaging
LogPluginManager: Mounting plugin IOSDeviceProfileSelector
LogPluginManager: Mounting plugin LinuxDeviceProfileSelector
LogPluginManager: Mounting plugin LocationServicesBPLibrary
LogPluginManager: Mounting plugin MobilePatchingUtils
LogPluginManager: Mounting plugin OculusVR
LogPluginManager: Mounting plugin PhysXVehicles
LogPluginManager: Mounting plugin PostSplashScreen
LogPluginManager: Mounting plugin ProceduralMeshComponent
LogPluginManager: Mounting plugin RuntimePhysXCooking
LogPluginManager: Mounting plugin SignificanceManager
LogPluginManager: Mounting plugin SteamVR
LogPluginManager: Mounting plugin WebMMoviePlayer
LogPluginManager: Mounting plugin WindowsMoviePlayer
LogPluginManager: Mounting plugin ScreenshotTools
LogInit: Using libcurl 7.55.1-DEV
LogInit:  - built for x86_64-pc-win32
LogInit:  - supports SSL with OpenSSL/1.1.1
LogInit:  - supports HTTP deflate (compression) using libz 1.2.8
LogInit:  - other features:
LogInit:      CURL_VERSION_SSL
LogInit:      CURL_VERSION_LIBZ
LogInit:      CURL_VERSION_IPV6
LogInit:      CURL_VERSION_ASYNCHDNS
LogInit:      CURL_VERSION_LARGEFILE
LogInit:      CURL_VERSION_IDN
LogInit:  CurlRequestOptions (configurable via config and command line):
LogInit:  - bVerifyPeer = true  - Libcurl will verify peer certificate
LogInit:  - bUseHttpProxy = false  - Libcurl will NOT use HTTP proxy
LogInit:  - bDontReuseConnections = false  - Libcurl will reuse connections
LogInit:  - MaxHostConnections = 16  - Libcurl will limit the number of connections to a host
LogInit:  - LocalHostAddr = Default
LogInit:  - BufferSize = 65536
LogOnline: OSS: Creating online subsystem instance for: NULL
LogInit: WinSock: version 1.1 (2.2), MaxSocks=32767, MaxUdp=65467
LogOnline: OSS: TryLoadSubsystemAndSetDefault: Loaded subsystem for module [NULL]
LogInit: Build: ++UE4+Release-4.24-CL-10757647
LogInit: Engine Version: 4.24.1-10757647+++UE4+Release-4.24
LogInit: Compatible Engine Version: 4.24.0-10570792+++UE4+Release-4.24
LogInit: Net CL: 10570792
LogInit: OS: Windows 10 (Release 1903) (), CPU: Intel(R) Core(TM) i7-8750H CPU @ 2.20GHz, GPU: Intel(R) UHD Graphics 630
LogInit: Compiled (64-bit): Dec 17 2019 02:08:03
LogInit: Compiled with Visual C++: 19.16.27032.01
LogInit: Build Configuration: Development
LogInit: Branch Name: ++UE4+Release-4.24
LogInit: Command Line:  -EpicPortal -epicusername=lesupermomo -epicuserid=859de334226d43be99f89fefc41d3d37 -epiclocale=en-US
LogInit: Base Directory: D:/Program Files/Epic Games/UE_4.24/Engine/Binaries/Win64/
LogInit: Installed Engine Build: 1
LogDevObjectVersion: Number of dev versions registered: 25
LogDevObjectVersion:   Dev-Blueprints (B0D832E4-1F89-4F0D-ACCF-7EB736FD4AA2): 10
LogDevObjectVersion:   Dev-Build (E1C64328-A22C-4D53-A36C-8E866417BD8C): 0
LogDevObjectVersion:   Dev-Core (375EC13C-06E4-48FB-B500-84F0262A717E): 3
LogDevObjectVersion:   Dev-Editor (E4B068ED-F494-42E9-A231-DA0B2E46BB41): 37
LogDevObjectVersion:   Dev-Framework (CFFC743F-43B0-4480-9391-14DF171D2073): 36
LogDevObjectVersion:   Dev-Mobile (B02B49B5-BB20-44E9-A304-32B752E40360): 2
LogDevObjectVersion:   Dev-Networking (A4E4105C-59A1-49B5-A7C5-40C4547EDFEE): 0
LogDevObjectVersion:   Dev-Online (39C831C9-5AE6-47DC-9A44-9C173E1C8E7C): 0
LogDevObjectVersion:   Dev-Physics (78F01B33-EBEA-4F98-B9B4-84EACCB95AA2): 2
LogDevObjectVersion:   Dev-Platform (6631380F-2D4D-43E0-8009-CF276956A95A): 0
LogDevObjectVersion:   Dev-Rendering (12F88B9F-8875-4AFC-A67C-D90C383ABD29): 36
LogDevObjectVersion:   Dev-Sequencer (7B5AE74C-D270-4C10-A958-57980B212A5A): 11
LogDevObjectVersion:   Dev-VR (D7296918-1DD6-4BDD-9DE2-64A83CC13884): 2
LogDevObjectVersion:   Dev-LoadTimes (C2A15278-BFE7-4AFE-6C17-90FF531DF755): 1
LogDevObjectVersion:   Private-Geometry (6EACA3D4-40EC-4CC1-B786-8BED09428FC5): 3
LogDevObjectVersion:   Dev-AnimPhys (29E575DD-E0A3-4627-9D10-D276232CDCEA): 17
LogDevObjectVersion:   Dev-Anim (AF43A65D-7FD3-4947-9873-3E8ED9C1BB05): 2
LogDevObjectVersion:   Dev-ReflectionCapture (6B266CEC-1EC7-4B8F-A30B-E4D90942FC07): 1
LogDevObjectVersion:   Dev-Automation (0DF73D61-A23F-47EA-B727-89E90C41499A): 1
LogDevObjectVersion:   FortniteMain (601D1886-AC64-4F84-AA16-D3DE0DEAC7D6): 31
LogDevObjectVersion:   Dev-Enterprise (9DFFBCD6-494F-0158-E221-12823C92A888): 8
LogDevObjectVersion:   Dev-Niagara (F2AED0AC-9AFE-416F-8664-AA7FFA26D6FC): 1
LogDevObjectVersion:   Dev-Destruction (174F1F0B-B4C6-45A5-B13F-2EE8D0FB917D): 9
LogDevObjectVersion:   Dev-Physics-Ext (35F94A83-E258-406C-A318-09F59610247C): 8
LogDevObjectVersion:   Dev-CineCamera (B2E18506-4273-CFC2-A54E-F4BB758BBA07): 1
LogInit: Presizing for max 25165824 objects, including 0 objects not considered by GC, pre-allocating 0 bytes for permanent pool.
LogInit: Object subsystem initialized
LogConfig: Setting CVar [[con.DebugEarlyDefault:1]]
LogConfig: Setting CVar [[r.setres:1280x720]]
[2020.01.19-09.12.13:920][  0]LogConfig: Setting CVar [[r.VSync:0]]
[2020.01.19-09.12.13:920][  0]LogConfig: Setting CVar [[r.RHICmdBypass:0]]
[2020.01.19-09.12.13:920][  0]LogConfig: Applying CVar settings from Section [/Script/Engine.RendererSettings] File [D:/lesupermomo/git2/Modern_Gladiator/ModernGladiator/Saved/Config/Windows/Engine.ini]
[2020.01.19-09.12.13:920][  0]LogConfig: Setting CVar [[r.GPUCrashDebugging:0]]
[2020.01.19-09.12.13:920][  0]LogConfig: Applying CVar settings from Section [/Script/Engine.RendererOverrideSettings] File [D:/lesupermomo/git2/Modern_Gladiator/ModernGladiator/Saved/Config/Windows/Engine.ini]
[2020.01.19-09.12.13:920][  0]LogConfig: Applying CVar settings from Section [/Script/Engine.StreamingSettings] File [D:/lesupermomo/git2/Modern_Gladiator/ModernGladiator/Saved/Config/Windows/Engine.ini]
[2020.01.19-09.12.13:920][  0]LogConfig: Setting CVar [[s.MinBulkDataSizeForAsyncLoading:131072]]
[2020.01.19-09.12.13:920][  0]LogConfig: Setting CVar [[s.AsyncLoadingThreadEnabled:0]]
[2020.01.19-09.12.13:920][  0]LogConfig: Setting CVar [[s.EventDrivenLoaderEnabled:1]]
[2020.01.19-09.12.13:920][  0]LogConfig: Setting CVar [[s.WarnIfTimeLimitExceeded:0]]
[2020.01.19-09.12.13:920][  0]LogConfig: Setting CVar [[s.TimeLimitExceededMultiplier:1.5]]
[2020.01.19-09.12.13:920][  0]LogConfig: Setting CVar [[s.TimeLimitExceededMinTime:0.005]]
[2020.01.19-09.12.13:920][  0]LogConfig: Setting CVar [[s.UseBackgroundLevelStreaming:1]]
[2020.01.19-09.12.13:921][  0]LogConfig: Setting CVar [[s.PriorityAsyncLoadingExtraTime:15.0]]
[2020.01.19-09.12.13:921][  0]LogConfig: Setting CVar [[s.LevelStreamingActorsUpdateTimeLimit:5.0]]
[2020.01.19-09.12.13:921][  0]LogConfig: Setting CVar [[s.PriorityLevelStreamingActorsUpdateExtraTime:5.0]]
[2020.01.19-09.12.13:921][  0]LogConfig: Setting CVar [[s.LevelStreamingComponentsRegistrationGranularity:10]]
[2020.01.19-09.12.13:921][  0]LogConfig: Setting CVar [[s.UnregisterComponentsTimeLimit:1.0]]
[2020.01.19-09.12.13:921][  0]LogConfig: Setting CVar [[s.LevelStreamingComponentsUnregistrationGranularity:5]]
[2020.01.19-09.12.13:921][  0]LogConfig: Setting CVar [[s.FlushStreamingOnExit:1]]
[2020.01.19-09.12.13:921][  0]LogConfig: Applying CVar settings from Section [/Script/Engine.GarbageCollectionSettings] File [D:/lesupermomo/git2/Modern_Gladiator/ModernGladiator/Saved/Config/Windows/Engine.ini]
[2020.01.19-09.12.13:921][  0]LogConfig: Setting CVar [[gc.MaxObjectsNotConsideredByGC:1]]
[2020.01.19-09.12.13:921][  0]LogConfig: Setting CVar [[gc.SizeOfPermanentObjectPool:0]]
[2020.01.19-09.12.13:921][  0]LogConfig: Setting CVar [[gc.FlushStreamingOnGC:0]]
[2020.01.19-09.12.13:921][  0]LogConfig: Setting CVar [[gc.NumRetriesBeforeForcingGC:10]]
[2020.01.19-09.12.13:921][  0]LogConfig: Setting CVar [[gc.AllowParallelGC:1]]
[2020.01.19-09.12.13:921][  0]LogConfig: Setting CVar [[gc.TimeBetweenPurgingPendingKillObjects:61.1]]
[2020.01.19-09.12.13:921][  0]LogConfig: Setting CVar [[gc.MaxObjectsInEditor:25165824]]
[2020.01.19-09.12.13:921][  0]LogConfig: Setting CVar [[gc.IncrementalBeginDestroyEnabled:1]]
[2020.01.19-09.12.13:921][  0]LogConfig: Setting CVar [[gc.CreateGCClusters:1]]
[2020.01.19-09.12.13:921][  0]LogConfig: Setting CVar [[gc.MinGCClusterSize:5]]
[2020.01.19-09.12.13:921][  0]LogConfig: Setting CVar [[gc.ActorClusteringEnabled:0]]
[2020.01.19-09.12.13:921][  0]LogConfig: Setting CVar [[gc.BlueprintClusteringEnabled:0]]
[2020.01.19-09.12.13:921][  0]LogConfig: Setting CVar [[gc.UseDisregardForGCOnDedicatedServers:0]]
[2020.01.19-09.12.13:921][  0]LogConfig: Applying CVar settings from Section [/Script/Engine.NetworkSettings] File [D:/lesupermomo/git2/Modern_Gladiator/ModernGladiator/Saved/Config/Windows/Engine.ini]
[2020.01.19-09.12.13:921][  0]LogConfig: Applying CVar settings from Section [/Script/UnrealEd.CookerSettings] File [D:/lesupermomo/git2/Modern_Gladiator/ModernGladiator/Saved/Config/Windows/Engine.ini]
[2020.01.19-09.12.13:923][  0]LogConfig: Applying CVar settings from Section [ViewDistanceQuality@3] File [D:/lesupermomo/git2/Modern_Gladiator/ModernGladiator/Saved/Config/Windows/Scalability.ini]
[2020.01.19-09.12.13:923][  0]LogConfig: Setting CVar [[r.SkeletalMeshLODBias:0]]
[2020.01.19-09.12.13:923][  0]LogConfig: Setting CVar [[r.ViewDistanceScale:1.0]]
[2020.01.19-09.12.13:923][  0]LogConfig: Applying CVar settings from Section [AntiAliasingQuality@3] File [D:/lesupermomo/git2/Modern_Gladiator/ModernGladiator/Saved/Config/Windows/Scalability.ini]
[2020.01.19-09.12.13:924][  0]LogConfig: Setting CVar [[r.PostProcessAAQuality:4]]
[2020.01.19-09.12.13:924][  0]LogConfig: Applying CVar settings from Section [ShadowQuality@3] File [D:/lesupermomo/git2/Modern_Gladiator/ModernGladiator/Saved/Config/Windows/Scalability.ini]
[2020.01.19-09.12.13:924][  0]LogConfig: Setting CVar [[r.LightFunctionQuality:1]]
[2020.01.19-09.12.13:924][  0]LogConfig: Setting CVar [[r.ShadowQuality:5]]
[2020.01.19-09.12.13:924][  0]LogConfig: Setting CVar [[r.Shadow.CSM.MaxCascades:10]]
[2020.01.19-09.12.13:924][  0]LogConfig: Setting CVar [[r.Shadow.MaxResolution:2048]]
[2020.01.19-09.12.13:924][  0]LogConfig: Setting CVar [[r.Shadow.MaxCSMResolution:2048]]
[2020.01.19-09.12.13:924][  0]LogConfig: Setting CVar [[r.Shadow.RadiusThreshold:0.01]]
[2020.01.19-09.12.13:924][  0]LogConfig: Setting CVar [[r.Shadow.DistanceScale:1.0]]
[2020.01.19-09.12.13:924][  0]LogConfig: Setting CVar [[r.Shadow.CSM.TransitionScale:1.0]]
[2020.01.19-09.12.13:924][  0]LogConfig: Setting CVar [[r.Shadow.PreShadowResolutionFactor:1.0]]
[2020.01.19-09.12.13:924][  0]LogConfig: Setting CVar [[r.DistanceFieldShadowing:1]]
[2020.01.19-09.12.13:924][  0]LogConfig: Setting CVar [[r.DistanceFieldAO:1]]
[2020.01.19-09.12.13:924][  0]LogConfig: Setting CVar [[r.AOQuality:2]]
[2020.01.19-09.12.13:924][  0]LogConfig: Setting CVar [[r.VolumetricFog:1]]
[2020.01.19-09.12.13:924][  0]LogConfig: Setting CVar [[r.VolumetricFog.GridPixelSize:8]]
[2020.01.19-09.12.13:924][  0]LogConfig: Setting CVar [[r.VolumetricFog.GridSizeZ:128]]
[2020.01.19-09.12.13:924][  0]LogConfig: Setting CVar [[r.VolumetricFog.HistoryMissSupersampleCount:4]]
[2020.01.19-09.12.13:924][  0]LogConfig: Setting CVar [[r.LightMaxDrawDistanceScale:1]]
[2020.01.19-09.12.13:924][  0]LogConfig: Setting CVar [[r.CapsuleShadows:1]]
[2020.01.19-09.12.13:924][  0]LogConfig: Applying CVar settings from Section [PostProcessQuality@3] File [D:/lesupermomo/git2/Modern_Gladiator/ModernGladiator/Saved/Config/Windows/Scalability.ini]
[2020.01.19-09.12.13:924][  0]LogConfig: Setting CVar [[r.MotionBlurQuality:4]]
[2020.01.19-09.12.13:924][  0]LogConfig: Setting CVar [[r.AmbientOcclusionMipLevelFactor:0.4]]
[2020.01.19-09.12.13:924][  0]LogConfig: Setting CVar [[r.AmbientOcclusionMaxQuality:100]]
[2020.01.19-09.12.13:924][  0]LogConfig: Setting CVar [[r.AmbientOcclusionLevels:-1]]
[2020.01.19-09.12.13:924][  0]LogConfig: Setting CVar [[r.AmbientOcclusionRadiusScale:1.0]]
[2020.01.19-09.12.13:924][  0]LogConfig: Setting CVar [[r.DepthOfFieldQuality:2]]
[2020.01.19-09.12.13:924][  0]LogConfig: Setting CVar [[r.RenderTargetPoolMin:400]]
[2020.01.19-09.12.13:924][  0]LogConfig: Setting CVar [[r.LensFlareQuality:2]]
[2020.01.19-09.12.13:924][  0]LogConfig: Setting CVar [[r.SceneColorFringeQuality:1]]
[2020.01.19-09.12.13:924][  0]LogConfig: Setting CVar [[r.EyeAdaptationQuality:2]]
[2020.01.19-09.12.13:924][  0]LogConfig: Setting CVar [[r.BloomQuality:5]]
[2020.01.19-09.12.13:924][  0]LogConfig: Setting CVar [[r.FastBlurThreshold:100]]
[2020.01.19-09.12.13:924][  0]LogConfig: Setting CVar [[r.Upscale.Quality:3]]
[2020.01.19-09.12.13:924][  0]LogConfig: Setting CVar [[r.Tonemapper.GrainQuantization:1]]
[2020.01.19-09.12.13:924][  0]LogConfig: Setting CVar [[r.LightShaftQuality:1]]
[2020.01.19-09.12.13:924][  0]LogConfig: Setting CVar [[r.Filter.SizeScale:1]]
[2020.01.19-09.12.13:924][  0]LogConfig: Setting CVar [[r.Tonemapper.Quality:5]]
[2020.01.19-09.12.13:924][  0]LogConfig: Setting CVar [[r.DOF.Gather.AccumulatorQuality:1        ; higher gathering accumulator quality]]
[2020.01.19-09.12.13:924][  0]LogConfig: Setting CVar [[r.DOF.Gather.PostfilterMethod:1          ; Median3x3 postfilering method]]
[2020.01.19-09.12.13:924][  0]LogConfig: Setting CVar [[r.DOF.Gather.EnableBokehSettings:0       ; no bokeh simulation when gathering]]
[2020.01.19-09.12.13:924][  0]LogConfig: Setting CVar [[r.DOF.Gather.RingCount:4                 ; medium number of samples when gathering]]
[2020.01.19-09.12.13:924][  0]LogConfig: Setting CVar [[r.DOF.Scatter.ForegroundCompositing:1    ; additive foreground scattering]]
[2020.01.19-09.12.13:924][  0]LogConfig: Setting CVar [[r.DOF.Scatter.BackgroundCompositing:2    ; additive background scattering]]
[2020.01.19-09.12.13:924][  0]LogConfig: Setting CVar [[r.DOF.Scatter.EnableBokehSettings:1      ; bokeh simulation when scattering]]
[2020.01.19-09.12.13:924][  0]LogConfig: Setting CVar [[r.DOF.Scatter.MaxSpriteRatio:0.1         ; only a maximum of 10% of scattered bokeh]]
[2020.01.19-09.12.13:924][  0]LogConfig: Setting CVar [[r.DOF.Recombine.Quality:1                ; cheap slight out of focus]]
[2020.01.19-09.12.13:924][  0]LogConfig: Setting CVar [[r.DOF.Recombine.EnableBokehSettings:0    ; no bokeh simulation on slight out of focus]]
[2020.01.19-09.12.13:924][  0]LogConfig: Setting CVar [[r.DOF.TemporalAAQuality:1                ; more stable temporal accumulation]]
[2020.01.19-09.12.13:924][  0]LogConfig: Setting CVar [[r.DOF.Kernel.MaxForegroundRadius:0.025]]
[2020.01.19-09.12.13:924][  0]LogConfig: Setting CVar [[r.DOF.Kernel.MaxBackgroundRadius:0.025]]
[2020.01.19-09.12.13:924][  0]LogConfig: Applying CVar settings from Section [TextureQuality@3] File [D:/lesupermomo/git2/Modern_Gladiator/ModernGladiator/Saved/Config/Windows/Scalability.ini]
[2020.01.19-09.12.13:924][  0]LogConfig: Setting CVar [[r.Streaming.MipBias:0]]
[2020.01.19-09.12.13:924][  0]LogConfig: Setting CVar [[r.Streaming.AmortizeCPUToGPUCopy:0]]
[2020.01.19-09.12.13:924][  0]LogConfig: Setting CVar [[r.Streaming.MaxNumTexturesToStreamPerFrame:0]]
[2020.01.19-09.12.13:924][  0]LogConfig: Setting CVar [[r.Streaming.Boost:1]]
[2020.01.19-09.12.13:924][  0]LogConfig: Setting CVar [[r.MaxAnisotropy:8]]
[2020.01.19-09.12.13:924][  0]LogConfig: Setting CVar [[r.VT.MaxAnisotropy:8]]
[2020.01.19-09.12.13:924][  0]LogConfig: Setting CVar [[r.Streaming.LimitPoolSizeToVRAM:0]]
[2020.01.19-09.12.13:924][  0]LogConfig: Setting CVar [[r.Streaming.PoolSize:1000]]
[2020.01.19-09.12.13:924][  0]LogConfig: Setting CVar [[r.Streaming.MaxEffectiveScreenSize:0]]
[2020.01.19-09.12.13:924][  0]LogConfig: Applying CVar settings from Section [EffectsQuality@3] File [D:/lesupermomo/git2/Modern_Gladiator/ModernGladiator/Saved/Config/Windows/Scalability.ini]
[2020.01.19-09.12.13:924][  0]LogConfig: Setting CVar [[r.TranslucencyLightingVolumeDim:64]]
[2020.01.19-09.12.13:924][  0]LogConfig: Setting CVar [[r.RefractionQuality:2]]
[2020.01.19-09.12.13:924][  0]LogConfig: Setting CVar [[r.SSR.Quality:3]]
[2020.01.19-09.12.13:924][  0]LogConfig: Setting CVar [[r.SSR.HalfResSceneColor:0]]
[2020.01.19-09.12.13:924][  0]LogConfig: Setting CVar [[r.SceneColorFormat:4]]
[2020.01.19-09.12.13:924][  0]LogConfig: Setting CVar [[r.DetailMode:2]]
[2020.01.19-09.12.13:924][  0]LogConfig: Setting CVar [[r.TranslucencyVolumeBlur:1]]
[2020.01.19-09.12.13:924][  0]LogConfig: Setting CVar [[r.MaterialQualityLevel:1 ; High quality]]
[2020.01.19-09.12.13:924][  0]LogConfig: Setting CVar [[r.SSS.Scale:1]]
[2020.01.19-09.12.13:924][  0]LogConfig: Setting CVar [[r.SSS.SampleSet:2]]
[2020.01.19-09.12.13:924][  0]LogConfig: Setting CVar [[r.SSS.Quality:1]]
[2020.01.19-09.12.13:924][  0]LogConfig: Setting CVar [[r.SSS.HalfRes:1]]
[2020.01.19-09.12.13:924][  0]LogConfig: Setting CVar [[r.SSGI.Quality:3]]
[2020.01.19-09.12.13:924][  0]LogConfig: Setting CVar [[r.EmitterSpawnRateScale:1.0]]
[2020.01.19-09.12.13:924][  0]LogConfig: Setting CVar [[r.ParticleLightQuality:2]]
[2020.01.19-09.12.13:924][  0]LogConfig: Setting CVar [[r.SkyAtmosphere.AerialPerspectiveLUT.FastApplyOnOpaque:1 ; Always have FastSkyLUT 1 in this case to avoid wrong sky]]
[2020.01.19-09.12.13:924][  0]LogConfig: Setting CVar [[r.SkyAtmosphere.AerialPerspectiveLUT.SampleCountPerSlice:1]]
[2020.01.19-09.12.13:924][  0]LogConfig: Setting CVar [[r.SkyAtmosphere.AerialPerspectiveLUT.DepthResolution:16.0]]
[2020.01.19-09.12.13:924][  0]LogConfig: Setting CVar [[r.SkyAtmosphere.FastSkyLUT:1]]
[2020.01.19-09.12.13:924][  0]LogConfig: Setting CVar [[r.SkyAtmosphere.FastSkyLUT.SampleCountMin:4.0]]
[2020.01.19-09.12.13:925][  0]LogConfig: Setting CVar [[r.SkyAtmosphere.FastSkyLUT.SampleCountMax:32.0]]
[2020.01.19-09.12.13:925][  0]LogConfig: Setting CVar [[r.SkyAtmosphere.SampleCountMin:4.0]]
[2020.01.19-09.12.13:925][  0]LogConfig: Setting CVar [[r.SkyAtmosphere.SampleCountMax:32.0]]
[2020.01.19-09.12.13:925][  0]LogConfig: Setting CVar [[r.SkyAtmosphere.TransmittanceLUT.UseSmallFormat:0]]
[2020.01.19-09.12.13:925][  0]LogConfig: Setting CVar [[r.SkyAtmosphere.TransmittanceLUT.SampleCount:10.0]]
[2020.01.19-09.12.13:925][  0]LogConfig: Setting CVar [[r.SkyAtmosphere.MultiScatteringLUT.SampleCount:15.0]]
[2020.01.19-09.12.13:925][  0]LogConfig: Applying CVar settings from Section [FoliageQuality@3] File [D:/lesupermomo/git2/Modern_Gladiator/ModernGladiator/Saved/Config/Windows/Scalability.ini]
[2020.01.19-09.12.13:925][  0]LogConfig: Setting CVar [[foliage.DensityScale:1.0]]
[2020.01.19-09.12.13:925][  0]LogConfig: Setting CVar [[grass.DensityScale:1.0]]
[2020.01.19-09.12.13:925][  0]LogConfig: Applying CVar settings from Section [ShadingQuality@3] File [D:/lesupermomo/git2/Modern_Gladiator/ModernGladiator/Saved/Config/Windows/Scalability.ini]
[2020.01.19-09.12.13:925][  0]LogConfig: Setting CVar [[r.HairStrands.SkyLighting.SampleCount:16]]
[2020.01.19-09.12.13:925][  0]LogConfig: Setting CVar [[r.HairStrands.SkyLighting.JitterIntegration:0]]
[2020.01.19-09.12.13:925][  0]LogConfig: Setting CVar [[r.HairStrands.SkyAO.SampleCount:16]]
[2020.01.19-09.12.13:925][  0]LogInit: Selected Device Profile: [Windows]
[2020.01.19-09.12.13:925][  0]LogInit: Applying CVar settings loaded from the selected device profile: [Windows]
[2020.01.19-09.12.13:927][  0]LogHAL: Display: Platform has ~ 16 GB [16964153344 / 17179869184 / 16], which maps to Larger [LargestMinGB=32, LargerMinGB=12, DefaultMinGB=8, SmallerMinGB=6, SmallestMinGB=0)
[2020.01.19-09.12.13:927][  0]LogInit: Going up to parent DeviceProfile []
[2020.01.19-09.12.13:927][  0]LogConfig: Applying CVar settings from Section [ViewDistanceQuality@3] File [D:/lesupermomo/git2/Modern_Gladiator/ModernGladiator/Saved/Config/Windows/Scalability.ini]
[2020.01.19-09.12.13:927][  0]LogConfig: Setting CVar [[r.SkeletalMeshLODBias:0]]
[2020.01.19-09.12.13:927][  0]LogConfig: Setting CVar [[r.ViewDistanceScale:1.0]]
[2020.01.19-09.12.13:927][  0]LogConfig: Applying CVar settings from Section [AntiAliasingQuality@3] File [D:/lesupermomo/git2/Modern_Gladiator/ModernGladiator/Saved/Config/Windows/Scalability.ini]
[2020.01.19-09.12.13:927][  0]LogConfig: Setting CVar [[r.PostProcessAAQuality:4]]
[2020.01.19-09.12.13:927][  0]LogConfig: Applying CVar settings from Section [ShadowQuality@3] File [D:/lesupermomo/git2/Modern_Gladiator/ModernGladiator/Saved/Config/Windows/Scalability.ini]
[2020.01.19-09.12.13:927][  0]LogConfig: Setting CVar [[r.LightFunctionQuality:1]]
[2020.01.19-09.12.13:927][  0]LogConfig: Setting CVar [[r.ShadowQuality:5]]
[2020.01.19-09.12.13:927][  0]LogConfig: Setting CVar [[r.Shadow.CSM.MaxCascades:10]]
[2020.01.19-09.12.13:927][  0]LogConfig: Setting CVar [[r.Shadow.MaxResolution:2048]]
[2020.01.19-09.12.13:927][  0]LogConfig: Setting CVar [[r.Shadow.MaxCSMResolution:2048]]
[2020.01.19-09.12.13:927][  0]LogConfig: Setting CVar [[r.Shadow.RadiusThreshold:0.01]]
[2020.01.19-09.12.13:927][  0]LogConfig: Setting CVar [[r.Shadow.DistanceScale:1.0]]
[2020.01.19-09.12.13:927][  0]LogConfig: Setting CVar [[r.Shadow.CSM.TransitionScale:1.0]]
[2020.01.19-09.12.13:927][  0]LogConfig: Setting CVar [[r.Shadow.PreShadowResolutionFactor:1.0]]
[2020.01.19-09.12.13:927][  0]LogConfig: Setting CVar [[r.DistanceFieldShadowing:1]]
[2020.01.19-09.12.13:927][  0]LogConfig: Setting CVar [[r.DistanceFieldAO:1]]
[2020.01.19-09.12.13:927][  0]LogConfig: Setting CVar [[r.AOQuality:2]]
[2020.01.19-09.12.13:927][  0]LogConfig: Setting CVar [[r.VolumetricFog:1]]
[2020.01.19-09.12.13:927][  0]LogConfig: Setting CVar [[r.VolumetricFog.GridPixelSize:8]]
[2020.01.19-09.12.13:927][  0]LogConfig: Setting CVar [[r.VolumetricFog.GridSizeZ:128]]
[2020.01.19-09.12.13:927][  0]LogConfig: Setting CVar [[r.VolumetricFog.HistoryMissSupersampleCount:4]]
[2020.01.19-09.12.13:927][  0]LogConfig: Setting CVar [[r.LightMaxDrawDistanceScale:1]]
[2020.01.19-09.12.13:927][  0]LogConfig: Setting CVar [[r.CapsuleShadows:1]]
[2020.01.19-09.12.13:927][  0]LogConfig: Applying CVar settings from Section [PostProcessQuality@3] File [D:/lesupermomo/git2/Modern_Gladiator/ModernGladiator/Saved/Config/Windows/Scalability.ini]
[2020.01.19-09.12.13:927][  0]LogConfig: Setting CVar [[r.MotionBlurQuality:4]]
[2020.01.19-09.12.13:927][  0]LogConfig: Setting CVar [[r.AmbientOcclusionMipLevelFactor:0.4]]
[2020.01.19-09.12.13:927][  0]LogConfig: Setting CVar [[r.AmbientOcclusionMaxQuality:100]]
[2020.01.19-09.12.13:927][  0]LogConfig: Setting CVar [[r.AmbientOcclusionLevels:-1]]
[2020.01.19-09.12.13:927][  0]LogConfig: Setting CVar [[r.AmbientOcclusionRadiusScale:1.0]]
[2020.01.19-09.12.13:927][  0]LogConfig: Setting CVar [[r.DepthOfFieldQuality:2]]
[2020.01.19-09.12.13:927][  0]LogConfig: Setting CVar [[r.RenderTargetPoolMin:400]]
[2020.01.19-09.12.13:927][  0]LogConfig: Setting CVar [[r.LensFlareQuality:2]]
[2020.01.19-09.12.13:927][  0]LogConfig: Setting CVar [[r.SceneColorFringeQuality:1]]
[2020.01.19-09.12.13:927][  0]LogConfig: Setting CVar [[r.EyeAdaptationQuality:2]]
[2020.01.19-09.12.13:927][  0]LogConfig: Setting CVar [[r.BloomQuality:5]]
[2020.01.19-09.12.13:927][  0]LogConfig: Setting CVar [[r.FastBlurThreshold:100]]
[2020.01.19-09.12.13:927][  0]LogConfig: Setting CVar [[r.Upscale.Quality:3]]
[2020.01.19-09.12.13:927][  0]LogConfig: Setting CVar [[r.Tonemapper.GrainQuantization:1]]
[2020.01.19-09.12.13:927][  0]LogConfig: Setting CVar [[r.LightShaftQuality:1]]
[2020.01.19-09.12.13:927][  0]LogConfig: Setting CVar [[r.Filter.SizeScale:1]]
[2020.01.19-09.12.13:927][  0]LogConfig: Setting CVar [[r.Tonemapper.Quality:5]]
[2020.01.19-09.12.13:927][  0]LogConfig: Setting CVar [[r.DOF.Gather.AccumulatorQuality:1        ; higher gathering accumulator quality]]
[2020.01.19-09.12.13:927][  0]LogConfig: Setting CVar [[r.DOF.Gather.PostfilterMethod:1          ; Median3x3 postfilering method]]
[2020.01.19-09.12.13:927][  0]LogConfig: Setting CVar [[r.DOF.Gather.EnableBokehSettings:0       ; no bokeh simulation when gathering]]
[2020.01.19-09.12.13:927][  0]LogConfig: Setting CVar [[r.DOF.Gather.RingCount:4                 ; medium number of samples when gathering]]
[2020.01.19-09.12.13:927][  0]LogConfig: Setting CVar [[r.DOF.Scatter.ForegroundCompositing:1    ; additive foreground scattering]]
[2020.01.19-09.12.13:927][  0]LogConfig: Setting CVar [[r.DOF.Scatter.BackgroundCompositing:2    ; additive background scattering]]
[2020.01.19-09.12.13:927][  0]LogConfig: Setting CVar [[r.DOF.Scatter.EnableBokehSettings:1      ; bokeh simulation when scattering]]
[2020.01.19-09.12.13:927][  0]LogConfig: Setting CVar [[r.DOF.Scatter.MaxSpriteRatio:0.1         ; only a maximum of 10% of scattered bokeh]]
[2020.01.19-09.12.13:927][  0]LogConfig: Setting CVar [[r.DOF.Recombine.Quality:1                ; cheap slight out of focus]]
[2020.01.19-09.12.13:927][  0]LogConfig: Setting CVar [[r.DOF.Recombine.EnableBokehSettings:0    ; no bokeh simulation on slight out of focus]]
[2020.01.19-09.12.13:927][  0]LogConfig: Setting CVar [[r.DOF.TemporalAAQuality:1                ; more stable temporal accumulation]]
[2020.01.19-09.12.13:927][  0]LogConfig: Setting CVar [[r.DOF.Kernel.MaxForegroundRadius:0.025]]
[2020.01.19-09.12.13:927][  0]LogConfig: Setting CVar [[r.DOF.Kernel.MaxBackgroundRadius:0.025]]
[2020.01.19-09.12.13:927][  0]LogConfig: Applying CVar settings from Section [TextureQuality@3] File [D:/lesupermomo/git2/Modern_Gladiator/ModernGladiator/Saved/Config/Windows/Scalability.ini]
[2020.01.19-09.12.13:927][  0]LogConfig: Setting CVar [[r.Streaming.MipBias:0]]
[2020.01.19-09.12.13:927][  0]LogConfig: Setting CVar [[r.Streaming.AmortizeCPUToGPUCopy:0]]
[2020.01.19-09.12.13:927][  0]LogConfig: Setting CVar [[r.Streaming.MaxNumTexturesToStreamPerFrame:0]]
[2020.01.19-09.12.13:927][  0]LogConfig: Setting CVar [[r.Streaming.Boost:1]]
[2020.01.19-09.12.13:927][  0]LogConfig: Setting CVar [[r.MaxAnisotropy:8]]
[2020.01.19-09.12.13:927][  0]LogConfig: Setting CVar [[r.VT.MaxAnisotropy:8]]
[2020.01.19-09.12.13:927][  0]LogConfig: Setting CVar [[r.Streaming.LimitPoolSizeToVRAM:0]]
[2020.01.19-09.12.13:928][  0]LogConfig: Setting CVar [[r.Streaming.PoolSize:1000]]
[2020.01.19-09.12.13:928][  0]LogConfig: Setting CVar [[r.Streaming.MaxEffectiveScreenSize:0]]
[2020.01.19-09.12.13:928][  0]LogConfig: Applying CVar settings from Section [EffectsQuality@3] File [D:/lesupermomo/git2/Modern_Gladiator/ModernGladiator/Saved/Config/Windows/Scalability.ini]
[2020.01.19-09.12.13:928][  0]LogConfig: Setting CVar [[r.TranslucencyLightingVolumeDim:64]]
[2020.01.19-09.12.13:928][  0]LogConfig: Setting CVar [[r.RefractionQuality:2]]
[2020.01.19-09.12.13:928][  0]LogConfig: Setting CVar [[r.SSR.Quality:3]]
[2020.01.19-09.12.13:928][  0]LogConfig: Setting CVar [[r.SSR.HalfResSceneColor:0]]
[2020.01.19-09.12.13:928][  0]LogConfig: Setting CVar [[r.SceneColorFormat:4]]
[2020.01.19-09.12.13:928][  0]LogConfig: Setting CVar [[r.DetailMode:2]]
[2020.01.19-09.12.13:928][  0]LogConfig: Setting CVar [[r.TranslucencyVolumeBlur:1]]
[2020.01.19-09.12.13:928][  0]LogConfig: Setting CVar [[r.MaterialQualityLevel:1 ; High quality]]
[2020.01.19-09.12.13:928][  0]LogConfig: Setting CVar [[r.SSS.Scale:1]]
[2020.01.19-09.12.13:928][  0]LogConfig: Setting CVar [[r.SSS.SampleSet:2]]
[2020.01.19-09.12.13:928][  0]LogConfig: Setting CVar [[r.SSS.Quality:1]]
[2020.01.19-09.12.13:928][  0]LogConfig: Setting CVar [[r.SSS.HalfRes:1]]
[2020.01.19-09.12.13:928][  0]LogConfig: Setting CVar [[r.SSGI.Quality:3]]
[2020.01.19-09.12.13:928][  0]LogConfig: Setting CVar [[r.EmitterSpawnRateScale:1.0]]
[2020.01.19-09.12.13:928][  0]LogConfig: Setting CVar [[r.ParticleLightQuality:2]]
[2020.01.19-09.12.13:928][  0]LogConfig: Setting CVar [[r.SkyAtmosphere.AerialPerspectiveLUT.FastApplyOnOpaque:1 ; Always have FastSkyLUT 1 in this case to avoid wrong sky]]
[2020.01.19-09.12.13:928][  0]LogConfig: Setting CVar [[r.SkyAtmosphere.AerialPerspectiveLUT.SampleCountPerSlice:1]]
[2020.01.19-09.12.13:928][  0]LogConfig: Setting CVar [[r.SkyAtmosphere.AerialPerspectiveLUT.DepthResolution:16.0]]
[2020.01.19-09.12.13:928][  0]LogConfig: Setting CVar [[r.SkyAtmosphere.FastSkyLUT:1]]
[2020.01.19-09.12.13:928][  0]LogConfig: Setting CVar [[r.SkyAtmosphere.FastSkyLUT.SampleCountMin:4.0]]
[2020.01.19-09.12.13:928][  0]LogConfig: Setting CVar [[r.SkyAtmosphere.FastSkyLUT.SampleCountMax:32.0]]
[2020.01.19-09.12.13:928][  0]LogConfig: Setting CVar [[r.SkyAtmosphere.SampleCountMin:4.0]]
[2020.01.19-09.12.13:928][  0]LogConfig: Setting CVar [[r.SkyAtmosphere.SampleCountMax:32.0]]
[2020.01.19-09.12.13:928][  0]LogConfig: Setting CVar [[r.SkyAtmosphere.TransmittanceLUT.UseSmallFormat:0]]
[2020.01.19-09.12.13:928][  0]LogConfig: Setting CVar [[r.SkyAtmosphere.TransmittanceLUT.SampleCount:10.0]]
[2020.01.19-09.12.13:928][  0]LogConfig: Setting CVar [[r.SkyAtmosphere.MultiScatteringLUT.SampleCount:15.0]]
[2020.01.19-09.12.13:928][  0]LogConfig: Applying CVar settings from Section [FoliageQuality@3] File [D:/lesupermomo/git2/Modern_Gladiator/ModernGladiator/Saved/Config/Windows/Scalability.ini]
[2020.01.19-09.12.13:928][  0]LogConfig: Setting CVar [[foliage.DensityScale:1.0]]
[2020.01.19-09.12.13:928][  0]LogConfig: Setting CVar [[grass.DensityScale:1.0]]
[2020.01.19-09.12.13:928][  0]LogConfig: Applying CVar settings from Section [ShadingQuality@3] File [D:/lesupermomo/git2/Modern_Gladiator/ModernGladiator/Saved/Config/Windows/Scalability.ini]
[2020.01.19-09.12.13:928][  0]LogConfig: Setting CVar [[r.HairStrands.SkyLighting.SampleCount:16]]
[2020.01.19-09.12.13:928][  0]LogConfig: Setting CVar [[r.HairStrands.SkyLighting.JitterIntegration:0]]
[2020.01.19-09.12.13:928][  0]LogConfig: Setting CVar [[r.HairStrands.SkyAO.SampleCount:16]]
[2020.01.19-09.12.13:928][  0]LogConfig: Applying CVar settings from Section [Startup] File [../../../Engine/Config/ConsoleVariables.ini]
[2020.01.19-09.12.13:928][  0]LogConfig: Setting CVar [[net.UseAdaptiveNetUpdateFrequency:0]]
[2020.01.19-09.12.13:928][  0]LogConfig: Setting CVar [[p.chaos.AllowCreatePhysxBodies:1]]
[2020.01.19-09.12.13:928][  0]LogConfig: Applying CVar settings from Section [ConsoleVariables] File [D:/lesupermomo/git2/Modern_Gladiator/ModernGladiator/Saved/Config/Windows/Engine.ini]
[2020.01.19-09.12.13:928][  0]LogInit: Computer: DESKTOP-9VH3JGO
[2020.01.19-09.12.13:928][  0]LogInit: User: Admin
[2020.01.19-09.12.13:928][  0]LogInit: CPU Page size=4096, Cores=6
[2020.01.19-09.12.13:928][  0]LogInit: High frequency timer resolution =10.000000 MHz
[2020.01.19-09.12.13:928][  0]LogMemory: Memory total: Physical=15.8GB (16GB approx)
[2020.01.19-09.12.13:928][  0]LogMemory: Platform Memory Stats for Windows
[2020.01.19-09.12.13:928][  0]LogMemory: Process Physical Memory: 107.49 MB used, 107.49 MB peak
[2020.01.19-09.12.13:928][  0]LogMemory: Process Virtual Memory: 103.53 MB used, 103.53 MB peak
[2020.01.19-09.12.13:928][  0]LogMemory: Physical Memory: 10318.42 MB used,  5859.86 MB free, 16178.28 MB total
[2020.01.19-09.12.13:928][  0]LogMemory: Virtual Memory: 5135.54 MB used,  134212592.00 MB free, 134217728.00 MB total
[2020.01.19-09.12.13:933][  0]LogWindows: WindowsPlatformFeatures enabled
[2020.01.19-09.12.13:950][  0]LogInit: Using OS detected language (en-US).
[2020.01.19-09.12.13:950][  0]LogInit: Using OS detected locale (en-US).
[2020.01.19-09.12.13:951][  0]LogTextLocalizationManager: No specific localization for 'en-US' exists, so the 'en' localization will be used.
[2020.01.19-09.12.14:101][  0]LogInit: Setting process to per monitor DPI aware
[2020.01.19-09.12.14:131][  0]LogSlate: New Slate User Created.  User Index 0, Is Virtual User: 0
[2020.01.19-09.12.14:131][  0]LogSlate: Slate User Registered.  User Index 0, Is Virtual User: 0
[2020.01.19-09.12.14:309][  0]LogHMD: Failed to initialize OpenVR with code 110
[2020.01.19-09.12.14:309][  0]LogD3D11RHI: D3D11 min allowed feature level: 11_0
[2020.01.19-09.12.14:309][  0]LogD3D11RHI: D3D11 max allowed feature level: 11_0
[2020.01.19-09.12.14:309][  0]LogD3D11RHI: D3D11 adapters:
[2020.01.19-09.12.14:382][  0]LogD3D11RHI:    0. 'NVIDIA GeForce GTX 1060 with Max-Q Design' (Feature Level 11_0)
[2020.01.19-09.12.14:382][  0]LogD3D11RHI:       6052/0/8089 MB DedicatedVideo/DedicatedSystem/SharedSystem, Outputs:1, VendorId:0x10de
[2020.01.19-09.12.14:405][  0]LogD3D11RHI:    1. 'Intel(R) UHD Graphics 630' (Feature Level 11_0)
[2020.01.19-09.12.14:405][  0]LogD3D11RHI:       128/0/8089 MB DedicatedVideo/DedicatedSystem/SharedSystem, Outputs:0, VendorId:0x8086
[2020.01.19-09.12.14:408][  0]LogD3D11RHI:    2. 'Microsoft Basic Render Driver' (Feature Level 11_0)
[2020.01.19-09.12.14:408][  0]LogD3D11RHI:       0/0/8089 MB DedicatedVideo/DedicatedSystem/SharedSystem, Outputs:0, VendorId:0x1414
[2020.01.19-09.12.14:408][  0]LogD3D11RHI: Chosen D3D11 Adapter: 0
[2020.01.19-09.12.14:448][  0]LogD3D11RHI: Creating new Direct3DDevice
[2020.01.19-09.12.14:448][  0]LogD3D11RHI:     GPU DeviceId: 0x1c20 (for the marketing name, search the web for "GPU Device Id")
[2020.01.19-09.12.14:448][  0]LogWindows: EnumDisplayDevices:
[2020.01.19-09.12.14:449][  0]LogWindows:    0. 'Intel(R) UHD Graphics 630' (P:1 D:1)
[2020.01.19-09.12.14:449][  0]LogWindows:    1. 'Intel(R) UHD Graphics 630' (P:0 D:0)
[2020.01.19-09.12.14:450][  0]LogWindows:    2. 'Intel(R) UHD Graphics 630' (P:0 D:0)
[2020.01.19-09.12.14:450][  0]LogWindows:    3. 'NVIDIA GeForce GTX 1060 with Max-Q Design' (P:0 D:0)
[2020.01.19-09.12.14:450][  0]LogWindows: DebugString: PrimaryIsNotTheChoosenAdapter PrimaryIsNotTheChoosenAdapter PrimaryIsNotTheChoosenAdapter 
[2020.01.19-09.12.14:450][  0]LogD3D11RHI:     Adapter Name: NVIDIA GeForce GTX 1060 with Max-Q Design
[2020.01.19-09.12.14:450][  0]LogD3D11RHI:   Driver Version: 431.23 (internal:26.21.14.3123, unified:431.23)
[2020.01.19-09.12.14:450][  0]LogD3D11RHI:      Driver Date: 6-24-2019
[2020.01.19-09.12.14:450][  0]LogRHI: Texture pool is 4236 MB (70% of 6052 MB)
[2020.01.19-09.12.14:497][  0]LogD3D11RHI: RHI has support for 64 bit atomics
[2020.01.19-09.12.14:497][  0]LogD3D11RHI: Async texture creation enabled
[2020.01.19-09.12.14:508][  0]LogD3D11RHI: GPU Timing Frequency: 1000.000000 (Debug: 2 1)
[2020.01.19-09.12.15:146][  0]LogTargetPlatformManager: Display: Loaded TargetPlatform 'AllDesktop'
[2020.01.19-09.12.15:171][  0]LogTargetPlatformManager: Display: Loaded TargetPlatform 'Android'
[2020.01.19-09.12.15:171][  0]LogTargetPlatformManager: Display: Loaded TargetPlatform 'Android_ASTC'
[2020.01.19-09.12.15:171][  0]LogTargetPlatformManager: Display: Loaded TargetPlatform 'Android_ATC'
[2020.01.19-09.12.15:171][  0]LogTargetPlatformManager: Display: Loaded TargetPlatform 'Android_DXT'
[2020.01.19-09.12.15:171][  0]LogTargetPlatformManager: Display: Loaded TargetPlatform 'Android_ETC1'
[2020.01.19-09.12.15:171][  0]LogTargetPlatformManager: Display: Loaded TargetPlatform 'Android_ETC1a'
[2020.01.19-09.12.15:171][  0]LogTargetPlatformManager: Display: Loaded TargetPlatform 'Android_ETC2'
[2020.01.19-09.12.15:171][  0]LogTargetPlatformManager: Display: Loaded TargetPlatform 'Android_PVRTC'
[2020.01.19-09.12.15:171][  0]LogTargetPlatformManager: Display: Loaded TargetPlatform 'AndroidClient'
[2020.01.19-09.12.15:171][  0]LogTargetPlatformManager: Display: Loaded TargetPlatform 'Android_ASTCClient'
[2020.01.19-09.12.15:171][  0]LogTargetPlatformManager: Display: Loaded TargetPlatform 'Android_ATCClient'
[2020.01.19-09.12.15:171][  0]LogTargetPlatformManager: Display: Loaded TargetPlatform 'Android_DXTClient'
[2020.01.19-09.12.15:171][  0]LogTargetPlatformManager: Display: Loaded TargetPlatform 'Android_ETC1Client'
[2020.01.19-09.12.15:171][  0]LogTargetPlatformManager: Display: Loaded TargetPlatform 'Android_ETC1aClient'
[2020.01.19-09.12.15:171][  0]LogTargetPlatformManager: Display: Loaded TargetPlatform 'Android_ETC2Client'
[2020.01.19-09.12.15:171][  0]LogTargetPlatformManager: Display: Loaded TargetPlatform 'Android_PVRTCClient'
[2020.01.19-09.12.15:171][  0]LogTargetPlatformManager: Display: Loaded TargetPlatform 'Android_Multi'
[2020.01.19-09.12.15:171][  0]LogTargetPlatformManager: Display: Loaded TargetPlatform 'Android_MultiClient'
[2020.01.19-09.12.15:186][  0]LogTargetPlatformManager: Display: Loaded TargetPlatform 'IOSClient'
[2020.01.19-09.12.15:186][  0]LogTargetPlatformManager: Display: Loaded TargetPlatform 'IOS'
[2020.01.19-09.12.15:192][  0]LogTargetPlatformManager: Display: Loaded TargetPlatform 'LinuxNoEditor'
[2020.01.19-09.12.15:197][  0]LogTargetPlatformManager: Display: Loaded TargetPlatform 'LinuxClient'
[2020.01.19-09.12.15:203][  0]LogTargetPlatformManager: Display: Loaded TargetPlatform 'LinuxServer'
[2020.01.19-09.12.15:208][  0]LogTargetPlatformManager: Display: Loaded TargetPlatform 'LinuxAArch64NoEditor'
[2020.01.19-09.12.15:214][  0]LogTargetPlatformManager: Display: Loaded TargetPlatform 'LinuxAArch64Client'
[2020.01.19-09.12.15:219][  0]LogTargetPlatformManager: Display: Loaded TargetPlatform 'LinuxAArch64Server'
[2020.01.19-09.12.15:239][  0]LogTargetPlatformManager: Display: Loaded TargetPlatform 'Lumin'
[2020.01.19-09.12.15:239][  0]LogTargetPlatformManager: Display: Loaded TargetPlatform 'LuminClient'
[2020.01.19-09.12.15:250][  0]LogTargetPlatformManager: Display: Loaded TargetPlatform 'TVOSClient'
[2020.01.19-09.12.15:250][  0]LogTargetPlatformManager: Display: Loaded TargetPlatform 'TVOS'
[2020.01.19-09.12.15:256][  0]LogTargetPlatformManager: Display: Loaded TargetPlatform 'WindowsNoEditor'
[2020.01.19-09.12.15:262][  0]LogTargetPlatformManager: Display: Loaded TargetPlatform 'Windows'
[2020.01.19-09.12.15:268][  0]LogTargetPlatformManager: Display: Loaded TargetPlatform 'WindowsClient'
[2020.01.19-09.12.15:273][  0]LogTargetPlatformManager: Display: Loaded TargetPlatform 'WindowsServer'
[2020.01.19-09.12.15:273][  0]LogTargetPlatformManager: Display: Building Assets For Windows
[2020.01.19-09.12.15:276][  0]LogAudioDebug: Display: Lib vorbis DLL was dynamically loaded.
[2020.01.19-09.12.15:293][  0]LogShaderCompilers: Guid format shader working directory is -21 characters bigger than the processId version (../../../../../../lesupermomo/git2/Modern_Gladiator/ModernGladiator/Intermediate/Shaders/WorkingDirectory/2052/).
[2020.01.19-09.12.15:293][  0]LogShaderCompilers: Cleaned the shader compiler working directory 'C:/Users/Admin/AppData/Local/Temp/UnrealShaderWorkingDir/5CD88FE14B5A720FE5487E87DF148982/'.
[2020.01.19-09.12.15:294][  0]LogXGEController: Cleaning working directory: C:/Users/Admin/AppData/Local/Temp/UnrealXGEWorkingDir/
[2020.01.19-09.12.15:294][  0]LogXGEController: Cannot use XGE Controller as Incredibuild is not installed on this machine.
[2020.01.19-09.12.15:294][  0]LogShaderCompilers: Cannot use XGE Shader Compiler as Incredibuild is not installed on this machine.
[2020.01.19-09.12.15:294][  0]LogShaderCompilers: Display: Using Local Shader Compiler.
[2020.01.19-09.12.15:904][  0]LogDerivedDataCache: Display: Max Cache Size: 512 MB
[2020.01.19-09.12.15:950][  0]LogDerivedDataCache: Loaded boot cache 0.05s 78MB C:/Users/Admin/AppData/Local/UnrealEngine/4.24/DerivedDataCache/Boot.ddc.
[2020.01.19-09.12.15:950][  0]LogDerivedDataCache: Display: Loaded Boot cache: C:/Users/Admin/AppData/Local/UnrealEngine/4.24/DerivedDataCache/Boot.ddc
[2020.01.19-09.12.15:950][  0]LogDerivedDataCache: FDerivedDataBackendGraph:  Pak pak cache file ../../../../../../lesupermomo/git2/Modern_Gladiator/ModernGladiator/DerivedDataCache/DDC.ddp not found, will not use a pak cache.
[2020.01.19-09.12.15:950][  0]LogDerivedDataCache: Unable to find inner node Pak for hierarchical cache Hierarchy.
[2020.01.19-09.12.15:950][  0]LogDerivedDataCache: FDerivedDataBackendGraph:  CompressedPak pak cache file ../../../../../../lesupermomo/git2/Modern_Gladiator/ModernGladiator/DerivedDataCache/Compressed.ddp not found, will not use a pak cache.
[2020.01.19-09.12.15:950][  0]LogDerivedDataCache: Unable to find inner node CompressedPak for hierarchical cache Hierarchy.
[2020.01.19-09.12.15:959][  0]LogDerivedDataCache: Display: Pak cache opened for reading ../../../Engine/DerivedDataCache/Compressed.ddp.
[2020.01.19-09.12.15:959][  0]LogDerivedDataCache: FDerivedDataBackendGraph:  EnterprisePak pak cache file ../../../Enterprise/DerivedDataCache/Compressed.ddp not found, will not use a pak cache.
[2020.01.19-09.12.15:959][  0]LogDerivedDataCache: Unable to find inner node EnterprisePak for hierarchical cache Hierarchy.
[2020.01.19-09.12.15:960][  0]LogDerivedDataCache: Using Local data cache path C:/Users/Admin/AppData/Local/UnrealEngine/Common/DerivedDataCache: Writable
[2020.01.19-09.12.15:960][  0]LogDerivedDataCache: Shared data cache path not found in *engine.ini, will not use an Shared cache.
[2020.01.19-09.12.15:960][  0]LogDerivedDataCache: Unable to find inner node Shared for hierarchical cache Hierarchy.
[2020.01.19-09.12.15:982][  0]LogMaterial: Verifying Global Shaders for PCD3D_SM5
[2020.01.19-09.12.15:984][  0]LogSlate: Using FreeType 2.10.0
[2020.01.19-09.12.15:985][  0]LogSlate: SlateFontServices - WITH_FREETYPE: 1, WITH_HARFBUZZ: 1
[2020.01.19-09.12.16:033][  0]LogAssetRegistry: FAssetRegistry took 0.0022 seconds to start up
[2020.01.19-09.12.16:264][  0]LogInit: Selected Device Profile: [Windows]
[2020.01.19-09.12.16:396][  0]LogMeshReduction: Using QuadricMeshReduction for automatic static mesh reduction
[2020.01.19-09.12.16:396][  0]LogMeshReduction: Using SimplygonMeshReduction for automatic skeletal mesh reduction
[2020.01.19-09.12.16:396][  0]LogMeshReduction: Using ProxyLODMeshReduction for automatic mesh merging
[2020.01.19-09.12.16:396][  0]LogMeshReduction: No distributed automatic mesh merging module available
[2020.01.19-09.12.16:396][  0]LogMeshMerging: No distributed automatic mesh merging module available
[2020.01.19-09.12.16:406][  0]LogNetVersion: ModernGladiator 1.0.0, NetCL: 10570792, EngineNetVer: 13, GameNetVer: 0 (Checksum: 1229748795)
[2020.01.19-09.12.17:355][  0]LogPackageLocalizationCache: Processed 10 localized package path(s) for 1 prioritized culture(s) in 0.045243 seconds
[2020.01.19-09.12.17:360][  0]LogUObjectArray: 46750 objects as part of root set at end of initial load.
[2020.01.19-09.12.17:361][  0]LogUObjectAllocator: 8137160 out of 0 bytes used by permanent object pool.
[2020.01.19-09.12.17:361][  0]LogUObjectArray: CloseDisregardForGC: 0/0 objects in disregard for GC pool
[2020.01.19-09.12.17:690][  0]LogTcpMessaging: Initializing TcpMessaging bridge
[2020.01.19-09.12.17:693][  0]LogUdpMessaging: Initializing bridge on interface 0.0.0.0:0 to multicast group 230.0.0.1:6666.
[2020.01.19-09.12.17:736][  0]SourceControl: Source control is disabled
[2020.01.19-09.12.17:736][  0]SourceControl: Source control is disabled
[2020.01.19-09.12.17:736][  0]SourceControl: Source control is disabled
[2020.01.19-09.12.17:737][  0]SourceControl: Source control is disabled
[2020.01.19-09.12.17:738][  0]SourceControl: Source control is disabled
[2020.01.19-09.12.17:800][  0]LogAndroidPermission: UAndroidPermissionCallbackProxy::GetInstance
[2020.01.19-09.12.17:808][  0]LogAudioCaptureCore: Display: No Audio Capture implementations found. Audio input will be silent.
[2020.01.19-09.12.17:808][  0]LogAudioCaptureCore: Display: No Audio Capture implementations found. Audio input will be silent.
[2020.01.19-09.12.17:878][  0]LogOcInput: OculusInput pre-init called
[2020.01.19-09.12.17:884][  0]LogWindows: Failed to load 'OVRPlugin.dll' (GetLastError=126)
[2020.01.19-09.12.17:884][  0]LogWindows: File 'OVRPlugin.dll' does not exist
[2020.01.19-09.12.17:939][  0]LogEngine: Initializing Engine...
[2020.01.19-09.12.17:940][  0]LogHMD: Failed to initialize OpenVR with code 110
[2020.01.19-09.12.17:941][  0]LogStats: UGameplayTagsManager::InitializeManager -  0.000 s
[2020.01.19-09.12.18:221][  0]LogInit: Initializing FReadOnlyCVARCache
[2020.01.19-09.12.18:226][  0]LogAIModule: Creating AISystem for world Untitled
[2020.01.19-09.12.18:292][  0]LogAudioMixer: Display: Audio Mixer Platform Settings:
[2020.01.19-09.12.18:292][  0]LogAudioMixer: Display: 	Sample Rate:						  48000
[2020.01.19-09.12.18:292][  0]LogAudioMixer: Display: 	Callback Buffer Frame Size Requested: 1024
[2020.01.19-09.12.18:292][  0]LogAudioMixer: Display: 	Callback Buffer Frame Size To Use:	  1024
[2020.01.19-09.12.18:292][  0]LogAudioMixer: Display: 	Number of buffers to queue:			  2
[2020.01.19-09.12.18:292][  0]LogAudioMixer: Display: 	Max Channels (voices):				  32
[2020.01.19-09.12.18:293][  0]LogAudioMixer: Display: 	Number of Async Source Workers:		  0
[2020.01.19-09.12.18:293][  0]LogAudio: Display: AudioDevice MaxSources: 32
[2020.01.19-09.12.18:293][  0]LogAudio: Display: Using built-in audio occlusion.
[2020.01.19-09.12.18:293][  0]LogAudioMixer: Display: Initializing audio mixer.
[2020.01.19-09.12.18:319][  0]LogAudioMixer: Display: Audio Device Output Speaker Info:
[2020.01.19-09.12.18:319][  0]LogAudioMixer: Display: Name: Speakers/Headphones (Realtek(R) Audio)
[2020.01.19-09.12.18:319][  0]LogAudioMixer: Display: Is Default: Yes
[2020.01.19-09.12.18:319][  0]LogAudioMixer: Display: Sample Rate: 48000
[2020.01.19-09.12.18:319][  0]LogAudioMixer: Display: Channel Count Used: 2
[2020.01.19-09.12.18:319][  0]LogAudioMixer: Display: Device Channel Count: 2
[2020.01.19-09.12.18:319][  0]LogAudioMixer: Display: Channel Order:
[2020.01.19-09.12.18:319][  0]LogAudioMixer: Display: 0: FrontLeft
[2020.01.19-09.12.18:319][  0]LogAudioMixer: Display: 1: FrontRight
[2020.01.19-09.12.18:899][  0]LogAudioMixer: Display: Using Audio Device Speakers/Headphones (Realtek(R) Audio)
[2020.01.19-09.12.18:904][  0]LogInit: FAudioDevice initialized.
[2020.01.19-09.12.18:904][  0]LogNetVersion: Set ProjectVersion to 1.0.0.0. Version Checksum will be recalculated on next use.
[2020.01.19-09.12.18:977][  0]LogDerivedDataCache: Saved boot cache 0.07s 78MB C:/Users/Admin/AppData/Local/UnrealEngine/4.24/DerivedDataCache/Boot.ddc.
[2020.01.19-09.12.18:978][  0]LogInit: Texture streaming: Enabled
[2020.01.19-09.12.18:989][  0]LogEngineSessionManager: EngineSessionManager initialized
[2020.01.19-09.12.18:989][  0]LogEngineSessionManager: EngineSessionManager sent abnormal shutdown report. Type=Crashed, SessionId={51208BE3-4CE0-F9D7-035B-6D8196C8B326}
[2020.01.19-09.12.18:989][  0]LogEditorSessionSummary: Verbose: Initializing EditorSessionSummaryWriter for editor session tracking
[2020.01.19-09.12.18:993][  0]LogEditorSessionSummary: EditorSessionSummaryWriter initialized
[2020.01.19-09.12.19:031][  0]LogInit: Transaction tracking system initialized
[2020.01.19-09.12.19:039][  0]BlueprintLog: New page: Editor Load
[2020.01.19-09.12.19:062][  0]LocalizationService: Localization service is disabled
[2020.01.19-09.12.19:291][  0]LogFileCache: Scanning file cache for directory 'D:/lesupermomo/git2/Modern_Gladiator/ModernGladiator/Content/' took 0.00s
[2020.01.19-09.12.19:291][  0]LogCook: Display: Max memory allowance for cook 16384mb min free memory 0mb
[2020.01.19-09.12.19:291][  0]LogCook: Display: Mobile HDR setting 1
[2020.01.19-09.12.19:869][  0]SourceControl: Source control is disabled
[2020.01.19-09.12.19:869][  0]Cmd: MAP LOAD FILE="../../../../../../lesupermomo/git2/Modern_Gladiator/ModernGladiator/Content/Maps/Main.umap" TEMPLATE=0 SHOWPROGRESS=1 FEATURELEVEL=3
[2020.01.19-09.12.19:869][  0]LightingResults: New page: Lighting Build
[2020.01.19-09.12.19:870][  0]LogWorld: UWorld::CleanupWorld for Untitled, bSessionEnded=true, bCleanupResources=true
[2020.01.19-09.12.19:870][  0]LogSlate: InvalidateAllWidgets triggered.  All widgets were invalidated
[2020.01.19-09.12.19:870][  0]MapCheck: New page: Map Check
[2020.01.19-09.12.19:870][  0]LightingResults: New page: Lighting Build
[2020.01.19-09.12.19:898][  0]LogUObjectHash: Compacting FUObjectHashTables data took   1.45ms
[2020.01.19-09.12.20:001][  0]LogTexture: Display: Building textures: HQ_Lightmap0_2 (AutoDXT, 64X64)
[2020.01.19-09.12.20:001][  0]LogTexture: Display: Building textures: LQ_Lightmap_0_2 (DXT1, 64X64)
[2020.01.19-09.12.20:002][  0]LogTexture: Display: Building textures: LQ_Lightmap_0_1 (DXT1, 512X512)
[2020.01.19-09.12.20:002][  0]LogTexture: Display: Building textures: HQ_Lightmap0_1 (AutoDXT, 512X512)
[2020.01.19-09.12.20:003][  0]LogAIModule: Creating AISystem for world Main
[2020.01.19-09.12.20:007][  0]LogEditorServer: Finished looking for orphan Actors (0.000 secs)
[2020.01.19-09.12.20:033][  0]LogUObjectHash: Compacting FUObjectHashTables data took   1.74ms
[2020.01.19-09.12.20:034][  0]Cmd: MAP CHECKDEP NOCLEARLOG
[2020.01.19-09.12.20:034][  0]MapCheck: Map check complete: 0 Error(s), 0 Warning(s), took 0.079ms to complete.
[2020.01.19-09.12.20:034][  0]LogFileHelpers: Loading map 'Main' took 0.165
[2020.01.19-09.12.20:185][  0]LogSlate: Updating window title bar state: overlay mode, drag disabled, window buttons hidden, title bar hidden
[2020.01.19-09.12.20:194][  0]LogSlate: Updating window title bar state: overlay mode, drag disabled, window buttons hidden, title bar hidden
[2020.01.19-09.12.20:203][  0]LogSlate: Updating window title bar state: overlay mode, drag disabled, window buttons hidden, title bar hidden
[2020.01.19-09.12.20:210][  0]LogSlate: Updating window title bar state: overlay mode, drag disabled, window buttons hidden, title bar hidden
[2020.01.19-09.12.20:217][  0]LogCollectionManager: Loaded 0 collections in 0.000870 seconds
[2020.01.19-09.12.20:231][  0]LogFileCache: Scanning file cache for directory 'D:/lesupermomo/git2/Modern_Gladiator/ModernGladiator/Saved/Collections/' took 0.00s
[2020.01.19-09.12.20:231][  0]LogFileCache: Scanning file cache for directory 'D:/lesupermomo/git2/Modern_Gladiator/ModernGladiator/Content/Developers/Admin/Collections/' took 0.00s
[2020.01.19-09.12.20:231][  0]LogFileCache: Scanning file cache for directory 'D:/lesupermomo/git2/Modern_Gladiator/ModernGladiator/Content/Collections/' took 0.00s
[2020.01.19-09.12.20:232][  0]LogContentBrowser: Native class hierarchy populated in 0.0095 seconds. Added 3019 classes and 722 folders.
[2020.01.19-09.12.20:234][  0]LogContentBrowser: Native class hierarchy updated for 'WidgetCarousel' in 0.0005 seconds. Added 0 classes and 0 folders.
[2020.01.19-09.12.20:286][  0]LogContentBrowser: Native class hierarchy updated for 'AddContentDialog' in 0.0003 seconds. Added 0 classes and 0 folders.
[2020.01.19-09.12.20:289][  0]LogContentBrowser: Native class hierarchy updated for 'SceneOutliner' in 0.0004 seconds. Added 2 classes and 3 folders.
[2020.01.19-09.12.20:396][  0]LogSlate: Took 0.000203 seconds to synchronously load lazily loaded font '../../../Engine/Content/Slate/Fonts/Roboto-Regular.ttf' (155K)
[2020.01.19-09.12.20:399][  0]LogSlate: Took 0.000276 seconds to synchronously load lazily loaded font '../../../Engine/Content/Slate/Fonts/Roboto-Bold.ttf' (160K)
[2020.01.19-09.12.20:405][  0]LogSlate: Took 0.000144 seconds to synchronously load lazily loaded font '../../../Engine/Content/Editor/Slate/Fonts/FontAwesome.ttf' (139K)
[2020.01.19-09.12.20:508][  0]LogRenderer: Reallocating scene render targets to support 964x432 Format 10 NumSamples 1 (Frame:1).
[2020.01.19-09.12.20:680][  0]LogContentBrowser: Native class hierarchy updated for 'HierarchicalLODOutliner' in 0.0004 seconds. Added 0 classes and 0 folders.
[2020.01.19-09.12.20:680][  0]LogLoad: (Engine Initialization) Total time: 7.81 seconds
[2020.01.19-09.12.20:680][  0]LogLoad: (Engine Initialization) Total Blueprint compile time: 0.00 seconds
[2020.01.19-09.12.20:731][  0]LogAssetRegistry: Asset discovery search completed in 4.6992 seconds
[2020.01.19-09.12.20:734][  0]LogCollectionManager: Fixed up redirectors for 0 collections in 0.000007 seconds (updated 0 objects)
[2020.01.19-09.12.20:735][  0]LogContentStreaming: Texture pool size now 1000 MB
[2020.01.19-09.12.20:759][  0]LogSlate: Took 0.000120 seconds to synchronously load lazily loaded font '../../../Engine/Content/Slate/Fonts/Roboto-Light.ttf' (167K)
[2020.01.19-09.13.58:603][829]LogEditorViewport: Clicking on Actor (LMB): StaticMeshActor (Floor)
[2020.01.19-09.16.57:762][808]LogTemp: Repeating last play command: Selected Viewport
[2020.01.19-09.16.57:771][808]LogPlayLevel: PlayLevel: No blueprints needed recompiling
[2020.01.19-09.16.57:772][808]PIE: New page: PIE session: Main (Jan 18, 2020, 11:16:57 PM)
[2020.01.19-09.16.57:773][808]LogOnline: OSS: Creating online subsystem instance for: NULL
[2020.01.19-09.16.57:774][808]LogOnline: OSS: TryLoadSubsystemAndSetDefault: Loaded subsystem for module [NULL]
[2020.01.19-09.16.57:774][808]LogPlayLevel: Creating play world package: /Game/Maps/UEDPIE_0_Main
[2020.01.19-09.16.57:777][808]LogPlayLevel: PIE: StaticDuplicateObject took: (0.002545s)
[2020.01.19-09.16.57:777][808]LogAIModule: Creating AISystem for world Main
[2020.01.19-09.16.57:778][808]LogPlayLevel: PIE: World Init took: (0.000976s)
[2020.01.19-09.16.57:778][808]LogPlayLevel: PIE: Created PIE world by copying editor world from /Game/Maps/Main.Main to /Game/Maps/UEDPIE_0_Main.Main (0.003694s)
[2020.01.19-09.16.57:805][808]LogUObjectHash: Compacting FUObjectHashTables data took   1.33ms
[2020.01.19-09.16.57:807][808]LogAudioMixer: Display: Audio Mixer Platform Settings:
[2020.01.19-09.16.57:807][808]LogAudioMixer: Display: 	Sample Rate:						  48000
[2020.01.19-09.16.57:807][808]LogAudioMixer: Display: 	Callback Buffer Frame Size Requested: 1024
[2020.01.19-09.16.57:807][808]LogAudioMixer: Display: 	Callback Buffer Frame Size To Use:	  1024
[2020.01.19-09.16.57:807][808]LogAudioMixer: Display: 	Number of buffers to queue:			  2
[2020.01.19-09.16.57:807][808]LogAudioMixer: Display: 	Max Channels (voices):				  32
[2020.01.19-09.16.57:807][808]LogAudioMixer: Display: 	Number of Async Source Workers:		  0
[2020.01.19-09.16.57:807][808]LogAudio: Display: AudioDevice MaxSources: 32
[2020.01.19-09.16.57:808][808]LogAudio: Display: Using built-in audio occlusion.
[2020.01.19-09.16.57:808][808]LogAudioMixer: Display: Initializing audio mixer.
[2020.01.19-09.16.57:821][808]LogAudioMixer: Display: Audio Device Output Speaker Info:
[2020.01.19-09.16.57:821][808]LogAudioMixer: Display: Name: Speakers/Headphones (Realtek(R) Audio)
[2020.01.19-09.16.57:821][808]LogAudioMixer: Display: Is Default: Yes
[2020.01.19-09.16.57:821][808]LogAudioMixer: Display: Sample Rate: 48000
[2020.01.19-09.16.57:821][808]LogAudioMixer: Display: Channel Count Used: 2
[2020.01.19-09.16.57:821][808]LogAudioMixer: Display: Device Channel Count: 2
[2020.01.19-09.16.57:821][808]LogAudioMixer: Display: Channel Order:
[2020.01.19-09.16.57:821][808]LogAudioMixer: Display: 0: FrontLeft
[2020.01.19-09.16.57:821][808]LogAudioMixer: Display: 1: FrontRight
[2020.01.19-09.16.57:907][808]LogAudioMixer: Display: Using Audio Device Speakers/Headphones (Realtek(R) Audio)
[2020.01.19-09.16.57:909][808]LogInit: FAudioDevice initialized.
[2020.01.19-09.16.57:931][808]LogLoad: Game class is 'BP_GameModeBase_C'
[2020.01.19-09.16.57:933][808]LogWorld: Bringing World /Game/Maps/UEDPIE_0_Main.Main up for play (max tick rate 60) at 2020.01.19-04.16.57
[2020.01.19-09.16.57:933][808]LogWorld: Bringing up level for play took: 0.000684
[2020.01.19-09.16.57:933][808]LogOnline: OSS: Creating online subsystem instance for: :Context_2
[2020.01.19-09.16.57:936][808]LogContentBrowser: Native class hierarchy updated for 'MovieSceneCapture' in 0.0004 seconds. Added 20 classes and 0 folders.
[2020.01.19-09.16.57:937][808]PIE: Play in editor start time for /Game/Maps/UEDPIE_0_Main -0.613
[2020.01.19-09.17.06:763][330]LogAudioMixer: Display: No commands were queued while flushing the source manager.
[2020.01.19-09.17.06:763][330]LogAudioMixer: Display: No commands were queued while flushing the source manager.
[2020.01.19-09.17.06:763][330]LogSlate: Updating window title bar state: overlay mode, drag disabled, window buttons hidden, title bar hidden
[2020.01.19-09.17.06:763][330]LogWorld: BeginTearingDown for /Game/Maps/UEDPIE_0_Main
[2020.01.19-09.17.06:763][330]LogAudioMixer: Display: No commands were queued while flushing the source manager.
[2020.01.19-09.17.06:763][330]LogWorld: UWorld::CleanupWorld for Main, bSessionEnded=true, bCleanupResources=true
[2020.01.19-09.17.06:764][330]LogSlate: InvalidateAllWidgets triggered.  All widgets were invalidated
[2020.01.19-09.17.06:772][330]LogPlayLevel: Display: Shutting down PIE online subsystems
[2020.01.19-09.17.06:775][330]LogSlate: InvalidateAllWidgets triggered.  All widgets were invalidated
[2020.01.19-09.17.06:800][330]LogAudioMixer: Display: No commands were queued while flushing the source manager.
[2020.01.19-09.17.06:804][330]LogSlate: Updating window title bar state: overlay mode, drag disabled, window buttons hidden, title bar hidden
[2020.01.19-09.17.06:807][330]LogUObjectHash: Compacting FUObjectHashTables data took   1.80ms
[2020.01.19-09.17.06:864][333]LogPlayLevel: Display: Destroying online subsystem :Context_2
[2020.01.19-09.22.21:035][653]LogSlate: Took 0.000166 seconds to synchronously load lazily loaded font '../../../Engine/Content/Slate/Fonts/Roboto-Light.ttf' (167K)
[2020.01.19-09.25.56:037][381]LogHotReload: New module detected: UE4Editor-ModernGladiator-0045.dll
[2020.01.19-09.25.57:054][385]LogHotReload: Starting Hot-Reload from IDE
[2020.01.19-09.25.57:106][385]LogUObjectHash: Compacting FUObjectHashTables data took   0.75ms
[2020.01.19-09.25.57:131][385]LogHotReload: Re-instancing MyCharacter after hot-reload.
[2020.01.19-09.25.57:289][385]LogContentBrowser: Native class hierarchy updated for 'ModernGladiator' in 0.0005 seconds. Added 4 classes and 5 folders.
[2020.01.19-09.25.57:291][385]Display: HotReload successful (7 functions remapped  0 scriptstructs remapped)
[2020.01.19-09.25.57:350][385]LogUObjectHash: Compacting FUObjectHashTables data took   1.65ms
[2020.01.19-09.25.57:361][385]LogContentBrowser: Native class hierarchy populated in 0.0070 seconds. Added 3021 classes and 725 folders.
[2020.01.19-09.25.57:372][385]Display: HotReload took  0.3s.
[2020.01.19-09.26.00:240][490]MapCheck: New page: Map Check
[2020.01.19-09.26.00:262][490]Cmd: MAP REBUILD ALLVISIBLE
[2020.01.19-09.26.00:262][490]LogEditorServer: Rebuildmap Clear paths rebuilt
[2020.01.19-09.26.00:316][490]LogWorld: UWorld::CleanupWorld for Main, bSessionEnded=true, bCleanupResources=false
[2020.01.19-09.26.00:369][490]LogUObjectHash: Compacting FUObjectHashTables data took   2.13ms
[2020.01.19-09.26.00:380][490]LogMaterial: Display: Missing cached shader map for material DebugViewMode MaterialTexCoordScale, compiling. 
[2020.01.19-09.26.00:394][490]LogShaderCompilers: Display: Worker (1/9): shaders left to compile 2
[2020.01.19-09.26.00:394][490]LogShaderCompilers: Display: Worker (2/9): shaders left to compile 1
[2020.01.19-09.26.00:394][490]LogMaterial: Display: Missing cached shader map for material DebugViewMode MaterialTexCoordScale, compiling. 
[2020.01.19-09.26.00:406][490]LogMaterial: Display: Missing cached shader map for material DebugViewMode MaterialTexCoordScale, compiling. 
[2020.01.19-09.26.00:417][490]LogMaterial: Display: Missing cached shader map for material DebugViewMode MaterialTexCoordScale, compiling. 
[2020.01.19-09.26.00:927][490]LogShaderCompilers: Display: Worker (3/9): shaders left to compile 6
[2020.01.19-09.26.00:927][490]LogShaderCompilers: Display: Worker (4/9): shaders left to compile 5
[2020.01.19-09.26.00:927][490]LogShaderCompilers: Display: Worker (5/9): shaders left to compile 4
[2020.01.19-09.26.00:927][490]LogShaderCompilers: Display: Worker (6/9): shaders left to compile 3
[2020.01.19-09.26.00:927][490]LogShaderCompilers: Display: Worker (7/9): shaders left to compile 2
[2020.01.19-09.26.00:927][490]LogShaderCompilers: Display: Worker (8/9): shaders left to compile 1
[2020.01.19-09.26.00:927][490]TextureStreamingBuild: Display: Compiling optional shaders took 0.559 seconds.
[2020.01.19-09.26.00:931][490]LogLevel: Display: Export Material TexCoord Scales took 0.004 seconds.
[2020.01.19-09.26.00:933][490]TextureStreamingBuild: Display: Build Texture Streaming took 0.002 seconds.
[2020.01.19-09.26.00:957][490]LogUObjectHash: Compacting FUObjectHashTables data took   0.56ms
[2020.01.19-09.26.00:959][490]LightingResults: New page: Lighting Build - Jan 18, 2020, 11:26:00 PM
[2020.01.19-09.26.00:998][490]LogSwarmInterface: [OpenConnection] Registering TCP channel ...
[2020.01.19-09.26.01:109][490]LogSwarmInterface: [OpenConnection] Connecting to agent ...
[2020.01.19-09.26.01:123][490]LogSwarmInterface: [TryOpenConnection] Testing the Agent
[2020.01.19-09.26.01:637][490]LogSwarmInterface: [TryOpenConnection] Opening Connection to Agent
[2020.01.19-09.26.01:637][490]LogSwarmInterface: [TryOpenConnection] Local Process ID is 2052
[2020.01.19-09.26.08:299][490]LogStaticLightingSystem: Warning: No importance volume found, so the scene bounding box was used.  You can optimize your scene's quality and lighting build times by adding importance volumes.
[2020.01.19-09.26.08:299][490]LogStaticLightingSystem: Running Lightmass w/ ImmediateImport mode ENABLED
[2020.01.19-09.26.08:299][490]LogStaticLightingSystem: Running Lightmass w/ ImmediateProcess mode ENABLED
[2020.01.19-09.26.08:300][490]LogStaticLightingSystem: Running Lightmass w/ Sorting mode ENABLED
[2020.01.19-09.26.08:300][490]LogStaticLightingSystem: Running Lightmass w/ Mapping paddings ENABLED
[2020.01.19-09.26.08:300][490]LogStaticLightingSystem: Running Lightmass w/ Mapping debug paddings DISABLED
[2020.01.19-09.26.08:477][490]Cmd: MAP CHECK DONTDISPLAYDIALOG
[2020.01.19-09.26.08:477][490]MapCheck: New page: Main - Jan 18, 2020, 11:26:08 PM
[2020.01.19-09.26.08:477][490]MapCheck: Map check complete: 0 Error(s), 0 Warning(s), took 0.273ms to complete.
[2020.01.19-09.26.08:479][490]LogEditorBuildUtils: Build time 0:08
[2020.01.19-09.26.08:844][493]LogUObjectHash: Compacting FUObjectHashTables data took   0.58ms
[2020.01.19-09.26.09:607][494]Candidate modules for hot reload:
[2020.01.19-09.26.09:607][494]  ModernGladiator
[2020.01.19-09.26.09:607][494]Launching UnrealBuildTool... [D:/Program Files/Epic Games/UE_4.24/Engine/Binaries/DotNET/UnrealBuildTool.exe  -ModuleWithSuffix=ModernGladiator,9872 Win64 Development -TargetType=Editor -Project="D:/lesupermomo/git2/Modern_Gladiator/ModernGladiator/ModernGladiator.uproject" "D:/lesupermomo/git2/Modern_Gladiator/ModernGladiator/ModernGladiator.uproject"  -IgnoreJunk]
[2020.01.19-09.26.09:638][494]Warning: Starting HotReload took  0.1s.
[2020.01.19-09.26.10:817][546]Job is a success!
[2020.01.19-09.26.11:063][547]LogVolumetricLightmapImport: Imported Volumetric Lightmap in 0.022s
[2020.01.19-09.26.11:063][547]LogVolumetricLightmapImport:      Indirection Texture 16x16x16 = 0.0Mb
[2020.01.19-09.26.11:063][547]LogVolumetricLightmapImport:      BrickData (all levels) 0.4Mb
[2020.01.19-09.26.11:063][547]LogVolumetricLightmapImport:      Bricks at depth
[2020.01.19-09.26.11:063][547]LogVolumetricLightmapImport:          0: 1.3% covering 100.0% of volume
[2020.01.19-09.26.11:063][547]LogVolumetricLightmapImport:          1: 5.0% covering 6.3% of volume
[2020.01.19-09.26.11:063][547]LogVolumetricLightmapImport:          2: 93.8% covering 1.8% of volume
[2020.01.19-09.26.11:063][547]LogVolumetricLightmapImport:      Bricks in each level
[2020.01.19-09.26.11:063][547]LogVolumetricLightmapImport:          Main 			 80 bricks 	 100.0% (Persistent Level)
[2020.01.19-09.26.11:142][547]LogTexture: Display: Building textures: HQ_Lightmap1_1 (AutoDXT, 512X512)
[2020.01.19-09.26.11:142][547]LogTexture: Display: Building textures: LQ_Lightmap_1_1 (DXT1, 512X512)
[2020.01.19-09.26.11:142][547]LogTexture: Display: Building textures: HQ_Lightmap1_2 (AutoDXT, 64X64)
[2020.01.19-09.26.11:142][547]LogTexture: Display: Building textures: LQ_Lightmap_1_2 (DXT1, 64X64)
[2020.01.19-09.26.11:142][547]LogTexture: Display: Building textures: ShadowMapTexture2D_1 (G8, 32X32)
[2020.01.19-09.26.11:143][547]LogTexture: Display: Building textures: ShadowMapTexture2D_0 (G8, 512X128)
[2020.01.19-09.26.11:143][547]LogStaticLightingSystem: Main_BuiltData storing lightmap data for 12 meshes in 3 LightmapResourceClusters (4.0 Meshes per cluster).
[2020.01.19-09.26.11:145][547]Lightmass on DESKTOP-9VH3JGO: 1.42 sec total, 231 ms importing, 22 ms setup, 144 ms photons, 999 ms processing, 0 ms extra exporting [12/12 mappings]. Threads: 10.9 sec total, 1.07 sec processing.
[2020.01.19-09.26.11:175][547]LogUObjectHash: Compacting FUObjectHashTables data took   1.32ms
[2020.01.19-09.26.11:223][547]LogStaticLightingSystem: Illumination: 10.1 sec (43 ms encoding lightmaps, 11 ms encoding shadowmaps)
[2020.01.19-09.26.11:223][547]LogStaticLightingSystem: Lightmap texture memory:  0.5 MB (0.5 MB streaming, 0.0 MB non-streaming), 4 textures
[2020.01.19-09.26.11:223][547]LogStaticLightingSystem: Shadowmap texture memory: 0.1 MB (0.1 MB streaming, 0.0 MB non-streaming), 2 textures
[2020.01.19-09.26.11:313][547]DumpUnbuiltLightIteractions
[2020.01.19-09.26.11:314][547]Lights with unbuilt interactions: 0
[2020.01.19-09.26.11:314][547]
[2020.01.19-09.26.11:314][547]Primitives with unbuilt interactions: 0
[2020.01.19-09.26.11:528][548]Cmd: MAP CHECK NOTIFYRESULTS
[2020.01.19-09.26.11:528][548]MapCheck: New page: Main - Jan 18, 2020, 11:26:11 PM
[2020.01.19-09.26.11:528][548]MapCheck: Map check complete: 0 Error(s), 0 Warning(s), took 0.218ms to complete.
[2020.01.19-09.26.18:799][984]CompilerResultsLog: New page: Compilation - Jan 18, 2020, 11:26:18 PM
[2020.01.19-09.26.18:799][984]CompilerResultsLog: Using 'git status' to determine working set for adaptive non-unity build (D:\lesupermomo\git2\Modern_Gladiator).
[2020.01.19-09.26.18:799][984]CompilerResultsLog: Parsing headers for ModernGladiatorEditor
[2020.01.19-09.26.18:799][984]CompilerResultsLog:   Running UnrealHeaderTool "D:\lesupermomo\git2\Modern_Gladiator\ModernGladiator\ModernGladiator.uproject" "D:\lesupermomo\git2\Modern_Gladiator\ModernGladiator\Intermediate\Build\Win64\ModernGladiatorEditor\Development\ModernGladiatorEditor.uhtmanifest" -LogCmds="loginit warning, logexit warning, logdatabase error" -Unattended -WarningsAsErrors -installed
[2020.01.19-09.26.18:799][984]CompilerResultsLog: Reflection code generated for ModernGladiatorEditor in 6.094637 seconds
[2020.01.19-09.26.18:799][984]CompilerResultsLog: Building ModernGladiatorEditor...
[2020.01.19-09.26.18:799][984]CompilerResultsLog: Using Visual Studio 2019 14.24.28315 toolchain (C:\Program Files (x86)\Microsoft Visual Studio\2019\Community\VC\Tools\MSVC\14.24.28314) and Windows 10.0.18362.0 SDK (D:\Program Files (x86)\Windows Kits\10).
[2020.01.19-09.26.18:799][984]CompilerResultsLog: [Upgrade]
[2020.01.19-09.26.18:799][984]CompilerResultsLog: [Upgrade] Using backward-compatible build settings. The latest version of UE4 sets the following values by default, which may require code changes:
[2020.01.19-09.26.18:799][984]CompilerResultsLog: [Upgrade]     bLegacyPublicIncludePaths = false                 => Omits subfolders from public include paths to reduce compiler command line length. (Previously: true).
[2020.01.19-09.26.18:799][984]CompilerResultsLog: [Upgrade]     ShadowVariableWarningLevel = WarningLevel.Error   => Treats shadowed variable warnings as errors. (Previously: WarningLevel.Warning).
[2020.01.19-09.26.18:800][984]CompilerResultsLog: [Upgrade]     PCHUsage = PCHUsageMode.UseExplicitOrSharedPCHs   => Set in build.cs files to enables IWYU-style PCH model. See https://docs.unrealengine.com/en-US/Programming/BuildTools/UnrealBuildTool/IWYU/index.html. (Previously: PCHUsageMode.UseSharedPCHs).
[2020.01.19-09.26.18:800][984]CompilerResultsLog: [Upgrade] Suppress this message by setting 'DefaultBuildSettings = BuildSettingsVersion.V2;' in ModernGladiatorEditor.Target.cs, and explicitly overriding settings that differ from the new defaults.
[2020.01.19-09.26.18:800][984]CompilerResultsLog: [Upgrade]
[2020.01.19-09.26.18:800][984]CompilerResultsLog: Building 3 actions with 12 processes...
[2020.01.19-09.26.18:800][984]CompilerResultsLog:   [1/3] UE4Editor-ModernGladiator-9872.lib
[2020.01.19-09.26.18:800][984]CompilerResultsLog:      Creating library D:\lesupermomo\git2\Modern_Gladiator\ModernGladiator\Intermediate\Build\Win64\UE4Editor\Development\ModernGladiator\UE4Editor-ModernGladiator-9872.lib and object D:\lesupermomo\git2\Modern_Gladiator\ModernGladiator\Intermediate\Build\Win64\UE4Editor\Development\ModernGladiator\UE4Editor-ModernGladiator-9872.exp
[2020.01.19-09.26.18:800][984]CompilerResultsLog:   [2/3] UE4Editor-ModernGladiator-9872.dll
[2020.01.19-09.26.18:800][984]CompilerResultsLog:      Creating library D:\lesupermomo\git2\Modern_Gladiator\ModernGladiator\Intermediate\Build\Win64\UE4Editor\Development\ModernGladiator\UE4Editor-ModernGladiator-9872.suppressed.lib and object D:\lesupermomo\git2\Modern_Gladiator\ModernGladiator\Intermediate\Build\Win64\UE4Editor\Development\ModernGladiator\UE4Editor-ModernGladiator-9872.suppressed.exp
[2020.01.19-09.26.18:800][984]CompilerResultsLog:   [3/3] ModernGladiatorEditor.target
[2020.01.19-09.26.18:800][984]CompilerResultsLog: Total time in Parallel executor: 1.69 seconds
[2020.01.19-09.26.18:800][984]CompilerResultsLog: Total execution time: 9.05 seconds
[2020.01.19-09.26.18:800][984]LogMainFrame: MainFrame: Module compiling took 9.204 seconds
[2020.01.19-09.26.18:827][984]LogUObjectHash: Compacting FUObjectHashTables data took   1.17ms
[2020.01.19-09.26.18:849][984]LogContentBrowser: Native class hierarchy updated for 'ModernGladiator' in 0.0004 seconds. Added 4 classes and 5 folders.
[2020.01.19-09.26.18:851][984]Display: HotReload successful (7 functions remapped  0 scriptstructs remapped)
[2020.01.19-09.26.18:901][984]LogUObjectHash: Compacting FUObjectHashTables data took   1.12ms
[2020.01.19-09.26.18:912][984]LogContentBrowser: Native class hierarchy populated in 0.0070 seconds. Added 3021 classes and 725 folders.
[2020.01.19-09.26.18:912][984]Display: HotReload took  9.4s.
[2020.01.19-09.26.19:935][ 42]LogTemp: Repeating last play command: Selected Viewport
[2020.01.19-09.26.19:947][ 42]LogPlayLevel: PlayLevel: No blueprints needed recompiling
[2020.01.19-09.26.19:947][ 42]PIE: New page: PIE session: Main (Jan 18, 2020, 11:26:19 PM)
[2020.01.19-09.26.19:947][ 42]LogPlayLevel: Creating play world package: /Game/Maps/UEDPIE_0_Main
[2020.01.19-09.26.19:949][ 42]LogPlayLevel: PIE: StaticDuplicateObject took: (0.002180s)
[2020.01.19-09.26.19:950][ 42]LogAIModule: Creating AISystem for world Main
[2020.01.19-09.26.19:950][ 42]LogPlayLevel: PIE: World Init took: (0.000844s)
[2020.01.19-09.26.19:950][ 42]LogPlayLevel: PIE: Created PIE world by copying editor world from /Game/Maps/Main.Main to /Game/Maps/UEDPIE_0_Main.Main (0.003131s)
[2020.01.19-09.26.19:977][ 42]LogUObjectHash: Compacting FUObjectHashTables data took   1.15ms
[2020.01.19-09.26.19:978][ 42]LogAudioMixer: Display: Audio Mixer Platform Settings:
[2020.01.19-09.26.19:978][ 42]LogAudioMixer: Display: 	Sample Rate:						  48000
[2020.01.19-09.26.19:978][ 42]LogAudioMixer: Display: 	Callback Buffer Frame Size Requested: 1024
[2020.01.19-09.26.19:978][ 42]LogAudioMixer: Display: 	Callback Buffer Frame Size To Use:	  1024
[2020.01.19-09.26.19:978][ 42]LogAudioMixer: Display: 	Number of buffers to queue:			  2
[2020.01.19-09.26.19:978][ 42]LogAudioMixer: Display: 	Max Channels (voices):				  32
[2020.01.19-09.26.19:978][ 42]LogAudioMixer: Display: 	Number of Async Source Workers:		  0
[2020.01.19-09.26.19:978][ 42]LogAudio: Display: AudioDevice MaxSources: 32
[2020.01.19-09.26.19:978][ 42]LogAudio: Display: Using built-in audio occlusion.
[2020.01.19-09.26.19:978][ 42]LogAudioMixer: Display: Initializing audio mixer.
[2020.01.19-09.26.19:991][ 42]LogAudioMixer: Display: Audio Device Output Speaker Info:
[2020.01.19-09.26.19:991][ 42]LogAudioMixer: Display: Name: Speakers/Headphones (Realtek(R) Audio)
[2020.01.19-09.26.19:991][ 42]LogAudioMixer: Display: Is Default: Yes
[2020.01.19-09.26.19:991][ 42]LogAudioMixer: Display: Sample Rate: 48000
[2020.01.19-09.26.19:991][ 42]LogAudioMixer: Display: Channel Count Used: 2
[2020.01.19-09.26.19:991][ 42]LogAudioMixer: Display: Device Channel Count: 2
[2020.01.19-09.26.19:991][ 42]LogAudioMixer: Display: Channel Order:
[2020.01.19-09.26.19:991][ 42]LogAudioMixer: Display: 0: FrontLeft
[2020.01.19-09.26.19:991][ 42]LogAudioMixer: Display: 1: FrontRight
[2020.01.19-09.26.20:076][ 42]LogAudioMixer: Display: Using Audio Device Speakers/Headphones (Realtek(R) Audio)
[2020.01.19-09.26.20:078][ 42]LogInit: FAudioDevice initialized.
[2020.01.19-09.26.20:086][ 42]LogLoad: Game class is 'BP_GameModeBase_C'
[2020.01.19-09.26.20:087][ 42]LogWorld: Bringing World /Game/Maps/UEDPIE_0_Main.Main up for play (max tick rate 60) at 2020.01.19-04.26.20
[2020.01.19-09.26.20:087][ 42]LogWorld: Bringing up level for play took: 0.000655
[2020.01.19-09.26.20:087][ 42]LogOnline: OSS: Creating online subsystem instance for: :Context_4
[2020.01.19-09.26.20:090][ 42]PIE: Play in editor start time for /Game/Maps/UEDPIE_0_Main -0.46
[2020.01.19-09.26.24:587][311]LogOutputDevice: Warning: 

Script Stack (1 frames):
MyCharacter.TraceForward

[2020.01.19-09.26.24:587][311]LogWindows: Windows GetLastError: The operation completed successfully. (0)
[2020.01.19-09.26.26:831][311]LogWindows: Error: === Critical error: ===
[2020.01.19-09.26.26:831][311]LogWindows: Error: 
[2020.01.19-09.26.26:831][311]LogWindows: Error: Assertion failed: O->GetClass()->ImplementsInterface(UInteractInterface::StaticClass()) [File:D:\lesupermomo\git2\Modern_Gladiator\ModernGladiator\Intermediate\Build\Win64\UE4Editor\Inc\ModernGladiator\InteractInterface.gen.cpp] [Line: 222] 
[2020.01.19-09.26.26:831][311]LogWindows: Error: 
[2020.01.19-09.26.26:831][311]LogWindows: Error: 
[2020.01.19-09.26.26:832][311]LogWindows: Error: 
[2020.01.19-09.26.26:832][311]LogWindows: Error: [Callstack] 0x00007ffbea73a839 KERNELBASE.dll!UnknownFunction []
[2020.01.19-09.26.26:832][311]LogWindows: Error: [Callstack] 0x00007ffb9778a9e6 UE4Editor-Core.dll!UnknownFunction []
[2020.01.19-09.26.26:832][311]LogWindows: Error: [Callstack] 0x00007ffb9778de88 UE4Editor-Core.dll!UnknownFunction []
[2020.01.19-09.26.26:832][311]LogWindows: Error: [Callstack] 0x00007ffb97542cbd UE4Editor-Core.dll!UnknownFunction []
[2020.01.19-09.26.26:832][311]LogWindows: Error: [Callstack] 0x00007ffb974cfd83 UE4Editor-Core.dll!UnknownFunction []
[2020.01.19-09.26.26:832][311]LogWindows: Error: [Callstack] 0x00007ffb974d2100 UE4Editor-Core.dll!UnknownFunction []
[2020.01.19-09.26.26:832][311]LogWindows: Error: [Callstack] 0x00007ffb5d9d5b60 UE4Editor-ModernGladiator-9872.dll!UnknownFunction []
[2020.01.19-09.26.26:832][311]LogWindows: Error: [Callstack] 0x00007ffb5d9d485b UE4Editor-ModernGladiator-9872.dll!UnknownFunction []
[2020.01.19-09.26.26:832][311]LogWindows: Error: [Callstack] 0x00007ffb9f8542e8 UE4Editor-CoreUObject.dll!UnknownFunction []
[2020.01.19-09.26.26:832][311]LogWindows: Error: [Callstack] 0x00007ffb9faa0178 UE4Editor-CoreUObject.dll!UnknownFunction []
[2020.01.19-09.26.26:832][311]LogWindows: Error: [Callstack] 0x00007ffb7d408128 UE4Editor-Engine.dll!UnknownFunction []
[2020.01.19-09.26.26:832][311]LogWindows: Error: [Callstack] 0x00007ffb7d41f512 UE4Editor-Engine.dll!UnknownFunction []
[2020.01.19-09.26.26:832][311]LogWindows: Error: [Callstack] 0x00007ffb7d3e7896 UE4Editor-Engine.dll!UnknownFunction []
[2020.01.19-09.26.26:832][311]LogWindows: Error: [Callstack] 0x00007ffb7e526123 UE4Editor-Engine.dll!UnknownFunction []
[2020.01.19-09.26.26:832][311]LogWindows: Error: [Callstack] 0x00007ffb7e534116 UE4Editor-Engine.dll!UnknownFunction []
[2020.01.19-09.26.26:832][311]LogWindows: Error: [Callstack] 0x00007ffb97319ff2 UE4Editor-Core.dll!UnknownFunction []
[2020.01.19-09.26.26:832][311]LogWindows: Error: [Callstack] 0x00007ffb9731a393 UE4Editor-Core.dll!UnknownFunction []
[2020.01.19-09.26.26:832][311]LogWindows: Error: [Callstack] 0x00007ffb9732aa68 UE4Editor-Core.dll!UnknownFunction []
[2020.01.19-09.26.26:832][311]LogWindows: Error: [Callstack] 0x00007ffb7e552860 UE4Editor-Engine.dll!UnknownFunction []
[2020.01.19-09.26.26:832][311]LogWindows: Error: [Callstack] 0x00007ffb7e5584f2 UE4Editor-Engine.dll!UnknownFunction []
[2020.01.19-09.26.26:832][311]LogWindows: Error: [Callstack] 0x00007ffb7dcd9f3f UE4Editor-Engine.dll!UnknownFunction []
[2020.01.19-09.26.26:832][311]LogWindows: Error: [Callstack] 0x00007ffb7dce4e07 UE4Editor-Engine.dll!UnknownFunction []
[2020.01.19-09.26.26:832][311]LogWindows: Error: [Callstack] 0x00007ffb7a6badb0 UE4Editor-UnrealEd.dll!UnknownFunction []
[2020.01.19-09.26.26:832][311]LogWindows: Error: [Callstack] 0x00007ffb7af1dd66 UE4Editor-UnrealEd.dll!UnknownFunction []
[2020.01.19-09.26.26:832][311]LogWindows: Error: [Callstack] 0x00007ff6edac7f62 UE4Editor.exe!UnknownFunction []
[2020.01.19-09.26.26:832][311]LogWindows: Error: [Callstack] 0x00007ff6edadc3ec UE4Editor.exe!UnknownFunction []
[2020.01.19-09.26.26:832][311]LogWindows: Error: [Callstack] 0x00007ff6edadc4ca UE4Editor.exe!UnknownFunction []
[2020.01.19-09.26.26:832][311]LogWindows: Error: [Callstack] 0x00007ff6edaeceae UE4Editor.exe!UnknownFunction []
[2020.01.19-09.26.26:832][311]LogWindows: Error: [Callstack] 0x00007ff6edaefcbe UE4Editor.exe!UnknownFunction []
[2020.01.19-09.26.26:832][311]LogWindows: Error: [Callstack] 0x00007ffbec107bd4 KERNEL32.DLL!UnknownFunction []
[2020.01.19-09.26.26:832][311]LogWindows: Error: [Callstack] 0x00007ffbecb6ced1 ntdll.dll!UnknownFunction []
[2020.01.19-09.26.26:832][311]LogWindows: Error: 
[2020.01.19-09.26.26:844][311]LogExit: Executing StaticShutdownAfterError
[2020.01.19-09.26.26:846][311]LogWindows: FPlatformMisc::RequestExit(1)
[2020.01.19-09.26.26:846][311]LogCore: Engine exit requested (reason: Win RequestExit)
[2020.01.19-09.26.26:858][311]Log file closed, 01/19/20 04:26:26
