Log file open, 01/19/20 00:40:46
LogWindows: Failed to load 'aqProf.dll' (GetLastError=126)
LogWindows: File 'aqProf.dll' does not exist
LogWindows: Failed to load 'VtuneApi.dll' (GetLastError=126)
LogWindows: File 'VtuneApi.dll' does not exist
LogWindows: Failed to load 'VtuneApi32e.dll' (GetLastError=126)
LogWindows: File 'VtuneApi32e.dll' does not exist
LogConsoleResponse: Display: Failed to find resolution value strings in scalability ini. Falling back to default.
LogInit: Display: Running engine for game: ModernGladiator
LogPlatformFile: Not using cached read wrapper
LogTaskGraph: Started task graph with 5 named threads and 35 total threads with 3 sets of task threads.
LogStats: Stats thread started at 0.078638
LogD3D11RHI: Loaded GFSDK_Aftermath_Lib.x64.dll
LogICUInternationalization: ICU TimeZone Detection - Raw Offset: -5:00, Platform Override: ''
LogPluginManager: Mounting plugin Paper2D
LogPluginManager: Mounting plugin AISupport
LogPluginManager: Mounting plugin LightPropagationVolume
LogPluginManager: Mounting plugin ActorLayerUtilities
LogPluginManager: Mounting plugin AnimationSharing
LogPluginManager: Mounting plugin CLionSourceCodeAccess
LogPluginManager: Mounting plugin CodeLiteSourceCodeAccess
LogPluginManager: Mounting plugin GitSourceControl
LogPluginManager: Mounting plugin KDevelopSourceCodeAccess
LogPluginManager: Mounting plugin NullSourceCodeAccess
LogPluginManager: Mounting plugin PerforceSourceControl
LogPluginManager: Mounting plugin PlasticSourceControl
LogPluginManager: Mounting plugin SubversionSourceControl
LogPluginManager: Mounting plugin UObjectPlugin
LogPluginManager: Mounting plugin VisualStudioCodeSourceCodeAccess
LogPluginManager: Mounting plugin VisualStudioSourceCodeAccess
LogPluginManager: Mounting plugin XCodeSourceCodeAccess
LogPluginManager: Mounting plugin AssetManagerEditor
LogPluginManager: Mounting plugin CryptoKeys
LogPluginManager: Mounting plugin CurveEditorTools
LogPluginManager: Mounting plugin DataValidation
LogPluginManager: Mounting plugin FacialAnimation
LogPluginManager: Mounting plugin GameplayTagsEditor
LogPluginManager: Mounting plugin MacGraphicsSwitching
LogPluginManager: Mounting plugin MaterialAnalyzer
LogPluginManager: Mounting plugin MobileLauncherProfileWizard
LogPluginManager: Mounting plugin PluginBrowser
LogPluginManager: Mounting plugin SpeedTreeImporter
LogPluginManager: Mounting plugin DatasmithContent
LogPluginManager: Mounting plugin VariantManagerContent
LogPluginManager: Mounting plugin AlembicImporter
LogPluginManager: Mounting plugin AutomationUtils
LogPluginManager: Mounting plugin BackChannel
LogPluginManager: Mounting plugin CharacterAI
LogPluginManager: Mounting plugin GeometryCache
LogPluginManager: Mounting plugin PlatformCrypto
LogPluginManager: Mounting plugin ProxyLODPlugin
LogPluginManager: Mounting plugin SkeletalReduction
LogPluginManager: Mounting plugin MagicLeap
LogPluginManager: Mounting plugin MagicLeapMedia
LogPluginManager: Mounting plugin MLSDK
LogPluginManager: Mounting plugin AndroidMedia
LogPluginManager: Mounting plugin AvfMedia
LogPluginManager: Mounting plugin ImgMedia
LogPluginManager: Mounting plugin MediaCompositing
LogPluginManager: Mounting plugin MediaPlayerEditor
LogPluginManager: Mounting plugin WebMMedia
LogPluginManager: Mounting plugin WmfMedia
LogPluginManager: Mounting plugin TcpMessaging
LogPluginManager: Mounting plugin UdpMessaging
LogPluginManager: Mounting plugin ActorSequence
LogPluginManager: Mounting plugin LevelSequenceEditor
LogPluginManager: Mounting plugin MatineeToLevelSequence
LogPluginManager: Mounting plugin NetcodeUnitTest
LogPluginManager: Mounting plugin NUTUnrealEngine4
LogPluginManager: Mounting plugin OnlineSubsystemGooglePlay
LogPluginManager: Mounting plugin OnlineSubsystemIOS
LogPluginManager: Mounting plugin OnlineSubsystem
LogPluginManager: Mounting plugin OnlineSubsystemNull
LogPluginManager: Mounting plugin OnlineSubsystemUtils
LogPluginManager: Mounting plugin LauncherChunkInstaller
LogPluginManager: Mounting plugin AndroidDeviceProfileSelector
LogPluginManager: Mounting plugin AndroidMoviePlayer
LogPluginManager: Mounting plugin AndroidPermission
LogPluginManager: Mounting plugin AppleImageUtils
LogPluginManager: Mounting plugin AppleMoviePlayer
LogPluginManager: Mounting plugin ArchVisCharacter
LogPluginManager: Mounting plugin AssetTags
LogPluginManager: Mounting plugin AudioCapture
LogPluginManager: Mounting plugin CableComponent
LogPluginManager: Mounting plugin CustomMeshComponent
LogPluginManager: Mounting plugin EditableMesh
LogPluginManager: Mounting plugin ExampleDeviceProfileSelector
LogPluginManager: Mounting plugin GoogleCloudMessaging
LogPluginManager: Mounting plugin IOSDeviceProfileSelector
LogPluginManager: Mounting plugin LinuxDeviceProfileSelector
LogPluginManager: Mounting plugin LocationServicesBPLibrary
LogPluginManager: Mounting plugin MobilePatchingUtils
LogPluginManager: Mounting plugin OculusVR
LogPluginManager: Mounting plugin PhysXVehicles
LogPluginManager: Mounting plugin PostSplashScreen
LogPluginManager: Mounting plugin ProceduralMeshComponent
LogPluginManager: Mounting plugin RuntimePhysXCooking
LogPluginManager: Mounting plugin SignificanceManager
LogPluginManager: Mounting plugin SteamVR
LogPluginManager: Mounting plugin WebMMoviePlayer
LogPluginManager: Mounting plugin WindowsMoviePlayer
LogPluginManager: Mounting plugin ScreenshotTools
LogInit: Using libcurl 7.55.1-DEV
LogInit:  - built for x86_64-pc-win32
LogInit:  - supports SSL with OpenSSL/1.1.1
LogInit:  - supports HTTP deflate (compression) using libz 1.2.8
LogInit:  - other features:
LogInit:      CURL_VERSION_SSL
LogInit:      CURL_VERSION_LIBZ
LogInit:      CURL_VERSION_IPV6
LogInit:      CURL_VERSION_ASYNCHDNS
LogInit:      CURL_VERSION_LARGEFILE
LogInit:      CURL_VERSION_IDN
LogInit:  CurlRequestOptions (configurable via config and command line):
LogInit:  - bVerifyPeer = true  - Libcurl will verify peer certificate
LogInit:  - bUseHttpProxy = false  - Libcurl will NOT use HTTP proxy
LogInit:  - bDontReuseConnections = false  - Libcurl will reuse connections
LogInit:  - MaxHostConnections = 16  - Libcurl will limit the number of connections to a host
LogInit:  - LocalHostAddr = Default
LogInit:  - BufferSize = 65536
LogOnline: OSS: Creating online subsystem instance for: NULL
LogInit: WinSock: version 1.1 (2.2), MaxSocks=32767, MaxUdp=65467
LogOnline: OSS: TryLoadSubsystemAndSetDefault: Loaded subsystem for module [NULL]
LogInit: Build: ++UE4+Release-4.24-CL-10757647
LogInit: Engine Version: 4.24.1-10757647+++UE4+Release-4.24
LogInit: Compatible Engine Version: 4.24.0-10570792+++UE4+Release-4.24
LogInit: Net CL: 10570792
LogInit: OS: Windows 10 (Release 1903) (), CPU: Intel(R) Core(TM) i7-8750H CPU @ 2.20GHz, GPU: Intel(R) UHD Graphics 630
LogInit: Compiled (64-bit): Dec 17 2019 02:08:03
LogInit: Compiled with Visual C++: 19.16.27032.01
LogInit: Build Configuration: Development
LogInit: Branch Name: ++UE4+Release-4.24
LogInit: Command Line:  -EpicPortal -epicusername=lesupermomo -epicuserid=859de334226d43be99f89fefc41d3d37 -epiclocale=en-US
LogInit: Base Directory: D:/Program Files/Epic Games/UE_4.24/Engine/Binaries/Win64/
LogInit: Installed Engine Build: 1
LogDevObjectVersion: Number of dev versions registered: 25
LogDevObjectVersion:   Dev-Blueprints (B0D832E4-1F89-4F0D-ACCF-7EB736FD4AA2): 10
LogDevObjectVersion:   Dev-Build (E1C64328-A22C-4D53-A36C-8E866417BD8C): 0
LogDevObjectVersion:   Dev-Core (375EC13C-06E4-48FB-B500-84F0262A717E): 3
LogDevObjectVersion:   Dev-Editor (E4B068ED-F494-42E9-A231-DA0B2E46BB41): 37
LogDevObjectVersion:   Dev-Framework (CFFC743F-43B0-4480-9391-14DF171D2073): 36
LogDevObjectVersion:   Dev-Mobile (B02B49B5-BB20-44E9-A304-32B752E40360): 2
LogDevObjectVersion:   Dev-Networking (A4E4105C-59A1-49B5-A7C5-40C4547EDFEE): 0
LogDevObjectVersion:   Dev-Online (39C831C9-5AE6-47DC-9A44-9C173E1C8E7C): 0
LogDevObjectVersion:   Dev-Physics (78F01B33-EBEA-4F98-B9B4-84EACCB95AA2): 2
LogDevObjectVersion:   Dev-Platform (6631380F-2D4D-43E0-8009-CF276956A95A): 0
LogDevObjectVersion:   Dev-Rendering (12F88B9F-8875-4AFC-A67C-D90C383ABD29): 36
LogDevObjectVersion:   Dev-Sequencer (7B5AE74C-D270-4C10-A958-57980B212A5A): 11
LogDevObjectVersion:   Dev-VR (D7296918-1DD6-4BDD-9DE2-64A83CC13884): 2
LogDevObjectVersion:   Dev-LoadTimes (C2A15278-BFE7-4AFE-6C17-90FF531DF755): 1
LogDevObjectVersion:   Private-Geometry (6EACA3D4-40EC-4CC1-B786-8BED09428FC5): 3
LogDevObjectVersion:   Dev-AnimPhys (29E575DD-E0A3-4627-9D10-D276232CDCEA): 17
LogDevObjectVersion:   Dev-Anim (AF43A65D-7FD3-4947-9873-3E8ED9C1BB05): 2
LogDevObjectVersion:   Dev-ReflectionCapture (6B266CEC-1EC7-4B8F-A30B-E4D90942FC07): 1
LogDevObjectVersion:   Dev-Automation (0DF73D61-A23F-47EA-B727-89E90C41499A): 1
LogDevObjectVersion:   FortniteMain (601D1886-AC64-4F84-AA16-D3DE0DEAC7D6): 31
LogDevObjectVersion:   Dev-Enterprise (9DFFBCD6-494F-0158-E221-12823C92A888): 8
LogDevObjectVersion:   Dev-Niagara (F2AED0AC-9AFE-416F-8664-AA7FFA26D6FC): 1
LogDevObjectVersion:   Dev-Destruction (174F1F0B-B4C6-45A5-B13F-2EE8D0FB917D): 9
LogDevObjectVersion:   Dev-Physics-Ext (35F94A83-E258-406C-A318-09F59610247C): 8
LogDevObjectVersion:   Dev-CineCamera (B2E18506-4273-CFC2-A54E-F4BB758BBA07): 1
LogInit: Presizing for max 25165824 objects, including 0 objects not considered by GC, pre-allocating 0 bytes for permanent pool.
LogInit: Object subsystem initialized
LogConfig: Setting CVar [[con.DebugEarlyDefault:1]]
LogConfig: Setting CVar [[r.setres:1280x720]]
[2020.01.19-05.40.47:105][  0]LogConfig: Setting CVar [[r.VSync:0]]
[2020.01.19-05.40.47:105][  0]LogConfig: Setting CVar [[r.RHICmdBypass:0]]
[2020.01.19-05.40.47:105][  0]LogConfig: Applying CVar settings from Section [/Script/Engine.RendererSettings] File [D:/lesupermomo/git2/Modern_Gladiator/ModernGladiator/Saved/Config/Windows/Engine.ini]
[2020.01.19-05.40.47:105][  0]LogConfig: Setting CVar [[r.GPUCrashDebugging:0]]
[2020.01.19-05.40.47:105][  0]LogConfig: Applying CVar settings from Section [/Script/Engine.RendererOverrideSettings] File [D:/lesupermomo/git2/Modern_Gladiator/ModernGladiator/Saved/Config/Windows/Engine.ini]
[2020.01.19-05.40.47:105][  0]LogConfig: Applying CVar settings from Section [/Script/Engine.StreamingSettings] File [D:/lesupermomo/git2/Modern_Gladiator/ModernGladiator/Saved/Config/Windows/Engine.ini]
[2020.01.19-05.40.47:105][  0]LogConfig: Setting CVar [[s.MinBulkDataSizeForAsyncLoading:131072]]
[2020.01.19-05.40.47:105][  0]LogConfig: Setting CVar [[s.AsyncLoadingThreadEnabled:0]]
[2020.01.19-05.40.47:105][  0]LogConfig: Setting CVar [[s.EventDrivenLoaderEnabled:1]]
[2020.01.19-05.40.47:105][  0]LogConfig: Setting CVar [[s.WarnIfTimeLimitExceeded:0]]
[2020.01.19-05.40.47:105][  0]LogConfig: Setting CVar [[s.TimeLimitExceededMultiplier:1.5]]
[2020.01.19-05.40.47:105][  0]LogConfig: Setting CVar [[s.TimeLimitExceededMinTime:0.005]]
[2020.01.19-05.40.47:105][  0]LogConfig: Setting CVar [[s.UseBackgroundLevelStreaming:1]]
[2020.01.19-05.40.47:105][  0]LogConfig: Setting CVar [[s.PriorityAsyncLoadingExtraTime:15.0]]
[2020.01.19-05.40.47:105][  0]LogConfig: Setting CVar [[s.LevelStreamingActorsUpdateTimeLimit:5.0]]
[2020.01.19-05.40.47:105][  0]LogConfig: Setting CVar [[s.PriorityLevelStreamingActorsUpdateExtraTime:5.0]]
[2020.01.19-05.40.47:105][  0]LogConfig: Setting CVar [[s.LevelStreamingComponentsRegistrationGranularity:10]]
[2020.01.19-05.40.47:105][  0]LogConfig: Setting CVar [[s.UnregisterComponentsTimeLimit:1.0]]
[2020.01.19-05.40.47:105][  0]LogConfig: Setting CVar [[s.LevelStreamingComponentsUnregistrationGranularity:5]]
[2020.01.19-05.40.47:105][  0]LogConfig: Setting CVar [[s.FlushStreamingOnExit:1]]
[2020.01.19-05.40.47:106][  0]LogConfig: Applying CVar settings from Section [/Script/Engine.GarbageCollectionSettings] File [D:/lesupermomo/git2/Modern_Gladiator/ModernGladiator/Saved/Config/Windows/Engine.ini]
[2020.01.19-05.40.47:106][  0]LogConfig: Setting CVar [[gc.MaxObjectsNotConsideredByGC:1]]
[2020.01.19-05.40.47:106][  0]LogConfig: Setting CVar [[gc.SizeOfPermanentObjectPool:0]]
[2020.01.19-05.40.47:106][  0]LogConfig: Setting CVar [[gc.FlushStreamingOnGC:0]]
[2020.01.19-05.40.47:106][  0]LogConfig: Setting CVar [[gc.NumRetriesBeforeForcingGC:10]]
[2020.01.19-05.40.47:106][  0]LogConfig: Setting CVar [[gc.AllowParallelGC:1]]
[2020.01.19-05.40.47:106][  0]LogConfig: Setting CVar [[gc.TimeBetweenPurgingPendingKillObjects:61.1]]
[2020.01.19-05.40.47:106][  0]LogConfig: Setting CVar [[gc.MaxObjectsInEditor:25165824]]
[2020.01.19-05.40.47:106][  0]LogConfig: Setting CVar [[gc.IncrementalBeginDestroyEnabled:1]]
[2020.01.19-05.40.47:106][  0]LogConfig: Setting CVar [[gc.CreateGCClusters:1]]
[2020.01.19-05.40.47:106][  0]LogConfig: Setting CVar [[gc.MinGCClusterSize:5]]
[2020.01.19-05.40.47:106][  0]LogConfig: Setting CVar [[gc.ActorClusteringEnabled:0]]
[2020.01.19-05.40.47:106][  0]LogConfig: Setting CVar [[gc.BlueprintClusteringEnabled:0]]
[2020.01.19-05.40.47:106][  0]LogConfig: Setting CVar [[gc.UseDisregardForGCOnDedicatedServers:0]]
[2020.01.19-05.40.47:106][  0]LogConfig: Applying CVar settings from Section [/Script/Engine.NetworkSettings] File [D:/lesupermomo/git2/Modern_Gladiator/ModernGladiator/Saved/Config/Windows/Engine.ini]
[2020.01.19-05.40.47:106][  0]LogConfig: Applying CVar settings from Section [/Script/UnrealEd.CookerSettings] File [D:/lesupermomo/git2/Modern_Gladiator/ModernGladiator/Saved/Config/Windows/Engine.ini]
[2020.01.19-05.40.47:108][  0]LogConfig: Applying CVar settings from Section [ViewDistanceQuality@3] File [D:/lesupermomo/git2/Modern_Gladiator/ModernGladiator/Saved/Config/Windows/Scalability.ini]
[2020.01.19-05.40.47:108][  0]LogConfig: Setting CVar [[r.SkeletalMeshLODBias:0]]
[2020.01.19-05.40.47:108][  0]LogConfig: Setting CVar [[r.ViewDistanceScale:1.0]]
[2020.01.19-05.40.47:108][  0]LogConfig: Applying CVar settings from Section [AntiAliasingQuality@3] File [D:/lesupermomo/git2/Modern_Gladiator/ModernGladiator/Saved/Config/Windows/Scalability.ini]
[2020.01.19-05.40.47:108][  0]LogConfig: Setting CVar [[r.PostProcessAAQuality:4]]
[2020.01.19-05.40.47:108][  0]LogConfig: Applying CVar settings from Section [ShadowQuality@3] File [D:/lesupermomo/git2/Modern_Gladiator/ModernGladiator/Saved/Config/Windows/Scalability.ini]
[2020.01.19-05.40.47:108][  0]LogConfig: Setting CVar [[r.LightFunctionQuality:1]]
[2020.01.19-05.40.47:108][  0]LogConfig: Setting CVar [[r.ShadowQuality:5]]
[2020.01.19-05.40.47:108][  0]LogConfig: Setting CVar [[r.Shadow.CSM.MaxCascades:10]]
[2020.01.19-05.40.47:108][  0]LogConfig: Setting CVar [[r.Shadow.MaxResolution:2048]]
[2020.01.19-05.40.47:108][  0]LogConfig: Setting CVar [[r.Shadow.MaxCSMResolution:2048]]
[2020.01.19-05.40.47:108][  0]LogConfig: Setting CVar [[r.Shadow.RadiusThreshold:0.01]]
[2020.01.19-05.40.47:108][  0]LogConfig: Setting CVar [[r.Shadow.DistanceScale:1.0]]
[2020.01.19-05.40.47:108][  0]LogConfig: Setting CVar [[r.Shadow.CSM.TransitionScale:1.0]]
[2020.01.19-05.40.47:108][  0]LogConfig: Setting CVar [[r.Shadow.PreShadowResolutionFactor:1.0]]
[2020.01.19-05.40.47:109][  0]LogConfig: Setting CVar [[r.DistanceFieldShadowing:1]]
[2020.01.19-05.40.47:109][  0]LogConfig: Setting CVar [[r.DistanceFieldAO:1]]
[2020.01.19-05.40.47:109][  0]LogConfig: Setting CVar [[r.AOQuality:2]]
[2020.01.19-05.40.47:109][  0]LogConfig: Setting CVar [[r.VolumetricFog:1]]
[2020.01.19-05.40.47:109][  0]LogConfig: Setting CVar [[r.VolumetricFog.GridPixelSize:8]]
[2020.01.19-05.40.47:109][  0]LogConfig: Setting CVar [[r.VolumetricFog.GridSizeZ:128]]
[2020.01.19-05.40.47:109][  0]LogConfig: Setting CVar [[r.VolumetricFog.HistoryMissSupersampleCount:4]]
[2020.01.19-05.40.47:109][  0]LogConfig: Setting CVar [[r.LightMaxDrawDistanceScale:1]]
[2020.01.19-05.40.47:109][  0]LogConfig: Setting CVar [[r.CapsuleShadows:1]]
[2020.01.19-05.40.47:109][  0]LogConfig: Applying CVar settings from Section [PostProcessQuality@3] File [D:/lesupermomo/git2/Modern_Gladiator/ModernGladiator/Saved/Config/Windows/Scalability.ini]
[2020.01.19-05.40.47:109][  0]LogConfig: Setting CVar [[r.MotionBlurQuality:4]]
[2020.01.19-05.40.47:109][  0]LogConfig: Setting CVar [[r.AmbientOcclusionMipLevelFactor:0.4]]
[2020.01.19-05.40.47:109][  0]LogConfig: Setting CVar [[r.AmbientOcclusionMaxQuality:100]]
[2020.01.19-05.40.47:109][  0]LogConfig: Setting CVar [[r.AmbientOcclusionLevels:-1]]
[2020.01.19-05.40.47:109][  0]LogConfig: Setting CVar [[r.AmbientOcclusionRadiusScale:1.0]]
[2020.01.19-05.40.47:109][  0]LogConfig: Setting CVar [[r.DepthOfFieldQuality:2]]
[2020.01.19-05.40.47:109][  0]LogConfig: Setting CVar [[r.RenderTargetPoolMin:400]]
[2020.01.19-05.40.47:109][  0]LogConfig: Setting CVar [[r.LensFlareQuality:2]]
[2020.01.19-05.40.47:109][  0]LogConfig: Setting CVar [[r.SceneColorFringeQuality:1]]
[2020.01.19-05.40.47:109][  0]LogConfig: Setting CVar [[r.EyeAdaptationQuality:2]]
[2020.01.19-05.40.47:109][  0]LogConfig: Setting CVar [[r.BloomQuality:5]]
[2020.01.19-05.40.47:109][  0]LogConfig: Setting CVar [[r.FastBlurThreshold:100]]
[2020.01.19-05.40.47:109][  0]LogConfig: Setting CVar [[r.Upscale.Quality:3]]
[2020.01.19-05.40.47:109][  0]LogConfig: Setting CVar [[r.Tonemapper.GrainQuantization:1]]
[2020.01.19-05.40.47:109][  0]LogConfig: Setting CVar [[r.LightShaftQuality:1]]
[2020.01.19-05.40.47:109][  0]LogConfig: Setting CVar [[r.Filter.SizeScale:1]]
[2020.01.19-05.40.47:109][  0]LogConfig: Setting CVar [[r.Tonemapper.Quality:5]]
[2020.01.19-05.40.47:109][  0]LogConfig: Setting CVar [[r.DOF.Gather.AccumulatorQuality:1        ; higher gathering accumulator quality]]
[2020.01.19-05.40.47:109][  0]LogConfig: Setting CVar [[r.DOF.Gather.PostfilterMethod:1          ; Median3x3 postfilering method]]
[2020.01.19-05.40.47:109][  0]LogConfig: Setting CVar [[r.DOF.Gather.EnableBokehSettings:0       ; no bokeh simulation when gathering]]
[2020.01.19-05.40.47:109][  0]LogConfig: Setting CVar [[r.DOF.Gather.RingCount:4                 ; medium number of samples when gathering]]
[2020.01.19-05.40.47:109][  0]LogConfig: Setting CVar [[r.DOF.Scatter.ForegroundCompositing:1    ; additive foreground scattering]]
[2020.01.19-05.40.47:109][  0]LogConfig: Setting CVar [[r.DOF.Scatter.BackgroundCompositing:2    ; additive background scattering]]
[2020.01.19-05.40.47:109][  0]LogConfig: Setting CVar [[r.DOF.Scatter.EnableBokehSettings:1      ; bokeh simulation when scattering]]
[2020.01.19-05.40.47:109][  0]LogConfig: Setting CVar [[r.DOF.Scatter.MaxSpriteRatio:0.1         ; only a maximum of 10% of scattered bokeh]]
[2020.01.19-05.40.47:109][  0]LogConfig: Setting CVar [[r.DOF.Recombine.Quality:1                ; cheap slight out of focus]]
[2020.01.19-05.40.47:109][  0]LogConfig: Setting CVar [[r.DOF.Recombine.EnableBokehSettings:0    ; no bokeh simulation on slight out of focus]]
[2020.01.19-05.40.47:109][  0]LogConfig: Setting CVar [[r.DOF.TemporalAAQuality:1                ; more stable temporal accumulation]]
[2020.01.19-05.40.47:109][  0]LogConfig: Setting CVar [[r.DOF.Kernel.MaxForegroundRadius:0.025]]
[2020.01.19-05.40.47:109][  0]LogConfig: Setting CVar [[r.DOF.Kernel.MaxBackgroundRadius:0.025]]
[2020.01.19-05.40.47:109][  0]LogConfig: Applying CVar settings from Section [TextureQuality@3] File [D:/lesupermomo/git2/Modern_Gladiator/ModernGladiator/Saved/Config/Windows/Scalability.ini]
[2020.01.19-05.40.47:109][  0]LogConfig: Setting CVar [[r.Streaming.MipBias:0]]
[2020.01.19-05.40.47:109][  0]LogConfig: Setting CVar [[r.Streaming.AmortizeCPUToGPUCopy:0]]
[2020.01.19-05.40.47:109][  0]LogConfig: Setting CVar [[r.Streaming.MaxNumTexturesToStreamPerFrame:0]]
[2020.01.19-05.40.47:109][  0]LogConfig: Setting CVar [[r.Streaming.Boost:1]]
[2020.01.19-05.40.47:109][  0]LogConfig: Setting CVar [[r.MaxAnisotropy:8]]
[2020.01.19-05.40.47:109][  0]LogConfig: Setting CVar [[r.VT.MaxAnisotropy:8]]
[2020.01.19-05.40.47:109][  0]LogConfig: Setting CVar [[r.Streaming.LimitPoolSizeToVRAM:0]]
[2020.01.19-05.40.47:109][  0]LogConfig: Setting CVar [[r.Streaming.PoolSize:1000]]
[2020.01.19-05.40.47:109][  0]LogConfig: Setting CVar [[r.Streaming.MaxEffectiveScreenSize:0]]
[2020.01.19-05.40.47:109][  0]LogConfig: Applying CVar settings from Section [EffectsQuality@3] File [D:/lesupermomo/git2/Modern_Gladiator/ModernGladiator/Saved/Config/Windows/Scalability.ini]
[2020.01.19-05.40.47:109][  0]LogConfig: Setting CVar [[r.TranslucencyLightingVolumeDim:64]]
[2020.01.19-05.40.47:109][  0]LogConfig: Setting CVar [[r.RefractionQuality:2]]
[2020.01.19-05.40.47:109][  0]LogConfig: Setting CVar [[r.SSR.Quality:3]]
[2020.01.19-05.40.47:109][  0]LogConfig: Setting CVar [[r.SSR.HalfResSceneColor:0]]
[2020.01.19-05.40.47:109][  0]LogConfig: Setting CVar [[r.SceneColorFormat:4]]
[2020.01.19-05.40.47:109][  0]LogConfig: Setting CVar [[r.DetailMode:2]]
[2020.01.19-05.40.47:109][  0]LogConfig: Setting CVar [[r.TranslucencyVolumeBlur:1]]
[2020.01.19-05.40.47:109][  0]LogConfig: Setting CVar [[r.MaterialQualityLevel:1 ; High quality]]
[2020.01.19-05.40.47:109][  0]LogConfig: Setting CVar [[r.SSS.Scale:1]]
[2020.01.19-05.40.47:109][  0]LogConfig: Setting CVar [[r.SSS.SampleSet:2]]
[2020.01.19-05.40.47:109][  0]LogConfig: Setting CVar [[r.SSS.Quality:1]]
[2020.01.19-05.40.47:109][  0]LogConfig: Setting CVar [[r.SSS.HalfRes:1]]
[2020.01.19-05.40.47:109][  0]LogConfig: Setting CVar [[r.SSGI.Quality:3]]
[2020.01.19-05.40.47:109][  0]LogConfig: Setting CVar [[r.EmitterSpawnRateScale:1.0]]
[2020.01.19-05.40.47:109][  0]LogConfig: Setting CVar [[r.ParticleLightQuality:2]]
[2020.01.19-05.40.47:109][  0]LogConfig: Setting CVar [[r.SkyAtmosphere.AerialPerspectiveLUT.FastApplyOnOpaque:1 ; Always have FastSkyLUT 1 in this case to avoid wrong sky]]
[2020.01.19-05.40.47:109][  0]LogConfig: Setting CVar [[r.SkyAtmosphere.AerialPerspectiveLUT.SampleCountPerSlice:1]]
[2020.01.19-05.40.47:109][  0]LogConfig: Setting CVar [[r.SkyAtmosphere.AerialPerspectiveLUT.DepthResolution:16.0]]
[2020.01.19-05.40.47:109][  0]LogConfig: Setting CVar [[r.SkyAtmosphere.FastSkyLUT:1]]
[2020.01.19-05.40.47:109][  0]LogConfig: Setting CVar [[r.SkyAtmosphere.FastSkyLUT.SampleCountMin:4.0]]
[2020.01.19-05.40.47:109][  0]LogConfig: Setting CVar [[r.SkyAtmosphere.FastSkyLUT.SampleCountMax:32.0]]
[2020.01.19-05.40.47:109][  0]LogConfig: Setting CVar [[r.SkyAtmosphere.SampleCountMin:4.0]]
[2020.01.19-05.40.47:109][  0]LogConfig: Setting CVar [[r.SkyAtmosphere.SampleCountMax:32.0]]
[2020.01.19-05.40.47:109][  0]LogConfig: Setting CVar [[r.SkyAtmosphere.TransmittanceLUT.UseSmallFormat:0]]
[2020.01.19-05.40.47:109][  0]LogConfig: Setting CVar [[r.SkyAtmosphere.TransmittanceLUT.SampleCount:10.0]]
[2020.01.19-05.40.47:109][  0]LogConfig: Setting CVar [[r.SkyAtmosphere.MultiScatteringLUT.SampleCount:15.0]]
[2020.01.19-05.40.47:109][  0]LogConfig: Applying CVar settings from Section [FoliageQuality@3] File [D:/lesupermomo/git2/Modern_Gladiator/ModernGladiator/Saved/Config/Windows/Scalability.ini]
[2020.01.19-05.40.47:109][  0]LogConfig: Setting CVar [[foliage.DensityScale:1.0]]
[2020.01.19-05.40.47:109][  0]LogConfig: Setting CVar [[grass.DensityScale:1.0]]
[2020.01.19-05.40.47:109][  0]LogConfig: Applying CVar settings from Section [ShadingQuality@3] File [D:/lesupermomo/git2/Modern_Gladiator/ModernGladiator/Saved/Config/Windows/Scalability.ini]
[2020.01.19-05.40.47:109][  0]LogConfig: Setting CVar [[r.HairStrands.SkyLighting.SampleCount:16]]
[2020.01.19-05.40.47:110][  0]LogConfig: Setting CVar [[r.HairStrands.SkyLighting.JitterIntegration:0]]
[2020.01.19-05.40.47:110][  0]LogConfig: Setting CVar [[r.HairStrands.SkyAO.SampleCount:16]]
[2020.01.19-05.40.47:110][  0]LogInit: Selected Device Profile: [Windows]
[2020.01.19-05.40.47:110][  0]LogInit: Applying CVar settings loaded from the selected device profile: [Windows]
[2020.01.19-05.40.47:112][  0]LogHAL: Display: Platform has ~ 16 GB [16964153344 / 17179869184 / 16], which maps to Larger [LargestMinGB=32, LargerMinGB=12, DefaultMinGB=8, SmallerMinGB=6, SmallestMinGB=0)
[2020.01.19-05.40.47:112][  0]LogInit: Going up to parent DeviceProfile []
[2020.01.19-05.40.47:112][  0]LogConfig: Applying CVar settings from Section [ViewDistanceQuality@3] File [D:/lesupermomo/git2/Modern_Gladiator/ModernGladiator/Saved/Config/Windows/Scalability.ini]
[2020.01.19-05.40.47:112][  0]LogConfig: Setting CVar [[r.SkeletalMeshLODBias:0]]
[2020.01.19-05.40.47:112][  0]LogConfig: Setting CVar [[r.ViewDistanceScale:1.0]]
[2020.01.19-05.40.47:112][  0]LogConfig: Applying CVar settings from Section [AntiAliasingQuality@3] File [D:/lesupermomo/git2/Modern_Gladiator/ModernGladiator/Saved/Config/Windows/Scalability.ini]
[2020.01.19-05.40.47:112][  0]LogConfig: Setting CVar [[r.PostProcessAAQuality:4]]
[2020.01.19-05.40.47:112][  0]LogConfig: Applying CVar settings from Section [ShadowQuality@3] File [D:/lesupermomo/git2/Modern_Gladiator/ModernGladiator/Saved/Config/Windows/Scalability.ini]
[2020.01.19-05.40.47:112][  0]LogConfig: Setting CVar [[r.LightFunctionQuality:1]]
[2020.01.19-05.40.47:112][  0]LogConfig: Setting CVar [[r.ShadowQuality:5]]
[2020.01.19-05.40.47:112][  0]LogConfig: Setting CVar [[r.Shadow.CSM.MaxCascades:10]]
[2020.01.19-05.40.47:112][  0]LogConfig: Setting CVar [[r.Shadow.MaxResolution:2048]]
[2020.01.19-05.40.47:112][  0]LogConfig: Setting CVar [[r.Shadow.MaxCSMResolution:2048]]
[2020.01.19-05.40.47:112][  0]LogConfig: Setting CVar [[r.Shadow.RadiusThreshold:0.01]]
[2020.01.19-05.40.47:112][  0]LogConfig: Setting CVar [[r.Shadow.DistanceScale:1.0]]
[2020.01.19-05.40.47:112][  0]LogConfig: Setting CVar [[r.Shadow.CSM.TransitionScale:1.0]]
[2020.01.19-05.40.47:112][  0]LogConfig: Setting CVar [[r.Shadow.PreShadowResolutionFactor:1.0]]
[2020.01.19-05.40.47:112][  0]LogConfig: Setting CVar [[r.DistanceFieldShadowing:1]]
[2020.01.19-05.40.47:112][  0]LogConfig: Setting CVar [[r.DistanceFieldAO:1]]
[2020.01.19-05.40.47:112][  0]LogConfig: Setting CVar [[r.AOQuality:2]]
[2020.01.19-05.40.47:112][  0]LogConfig: Setting CVar [[r.VolumetricFog:1]]
[2020.01.19-05.40.47:112][  0]LogConfig: Setting CVar [[r.VolumetricFog.GridPixelSize:8]]
[2020.01.19-05.40.47:112][  0]LogConfig: Setting CVar [[r.VolumetricFog.GridSizeZ:128]]
[2020.01.19-05.40.47:112][  0]LogConfig: Setting CVar [[r.VolumetricFog.HistoryMissSupersampleCount:4]]
[2020.01.19-05.40.47:112][  0]LogConfig: Setting CVar [[r.LightMaxDrawDistanceScale:1]]
[2020.01.19-05.40.47:112][  0]LogConfig: Setting CVar [[r.CapsuleShadows:1]]
[2020.01.19-05.40.47:112][  0]LogConfig: Applying CVar settings from Section [PostProcessQuality@3] File [D:/lesupermomo/git2/Modern_Gladiator/ModernGladiator/Saved/Config/Windows/Scalability.ini]
[2020.01.19-05.40.47:112][  0]LogConfig: Setting CVar [[r.MotionBlurQuality:4]]
[2020.01.19-05.40.47:112][  0]LogConfig: Setting CVar [[r.AmbientOcclusionMipLevelFactor:0.4]]
[2020.01.19-05.40.47:112][  0]LogConfig: Setting CVar [[r.AmbientOcclusionMaxQuality:100]]
[2020.01.19-05.40.47:112][  0]LogConfig: Setting CVar [[r.AmbientOcclusionLevels:-1]]
[2020.01.19-05.40.47:112][  0]LogConfig: Setting CVar [[r.AmbientOcclusionRadiusScale:1.0]]
[2020.01.19-05.40.47:112][  0]LogConfig: Setting CVar [[r.DepthOfFieldQuality:2]]
[2020.01.19-05.40.47:112][  0]LogConfig: Setting CVar [[r.RenderTargetPoolMin:400]]
[2020.01.19-05.40.47:112][  0]LogConfig: Setting CVar [[r.LensFlareQuality:2]]
[2020.01.19-05.40.47:112][  0]LogConfig: Setting CVar [[r.SceneColorFringeQuality:1]]
[2020.01.19-05.40.47:112][  0]LogConfig: Setting CVar [[r.EyeAdaptationQuality:2]]
[2020.01.19-05.40.47:112][  0]LogConfig: Setting CVar [[r.BloomQuality:5]]
[2020.01.19-05.40.47:112][  0]LogConfig: Setting CVar [[r.FastBlurThreshold:100]]
[2020.01.19-05.40.47:112][  0]LogConfig: Setting CVar [[r.Upscale.Quality:3]]
[2020.01.19-05.40.47:112][  0]LogConfig: Setting CVar [[r.Tonemapper.GrainQuantization:1]]
[2020.01.19-05.40.47:112][  0]LogConfig: Setting CVar [[r.LightShaftQuality:1]]
[2020.01.19-05.40.47:112][  0]LogConfig: Setting CVar [[r.Filter.SizeScale:1]]
[2020.01.19-05.40.47:112][  0]LogConfig: Setting CVar [[r.Tonemapper.Quality:5]]
[2020.01.19-05.40.47:112][  0]LogConfig: Setting CVar [[r.DOF.Gather.AccumulatorQuality:1        ; higher gathering accumulator quality]]
[2020.01.19-05.40.47:112][  0]LogConfig: Setting CVar [[r.DOF.Gather.PostfilterMethod:1          ; Median3x3 postfilering method]]
[2020.01.19-05.40.47:112][  0]LogConfig: Setting CVar [[r.DOF.Gather.EnableBokehSettings:0       ; no bokeh simulation when gathering]]
[2020.01.19-05.40.47:112][  0]LogConfig: Setting CVar [[r.DOF.Gather.RingCount:4                 ; medium number of samples when gathering]]
[2020.01.19-05.40.47:112][  0]LogConfig: Setting CVar [[r.DOF.Scatter.ForegroundCompositing:1    ; additive foreground scattering]]
[2020.01.19-05.40.47:112][  0]LogConfig: Setting CVar [[r.DOF.Scatter.BackgroundCompositing:2    ; additive background scattering]]
[2020.01.19-05.40.47:112][  0]LogConfig: Setting CVar [[r.DOF.Scatter.EnableBokehSettings:1      ; bokeh simulation when scattering]]
[2020.01.19-05.40.47:112][  0]LogConfig: Setting CVar [[r.DOF.Scatter.MaxSpriteRatio:0.1         ; only a maximum of 10% of scattered bokeh]]
[2020.01.19-05.40.47:112][  0]LogConfig: Setting CVar [[r.DOF.Recombine.Quality:1                ; cheap slight out of focus]]
[2020.01.19-05.40.47:112][  0]LogConfig: Setting CVar [[r.DOF.Recombine.EnableBokehSettings:0    ; no bokeh simulation on slight out of focus]]
[2020.01.19-05.40.47:112][  0]LogConfig: Setting CVar [[r.DOF.TemporalAAQuality:1                ; more stable temporal accumulation]]
[2020.01.19-05.40.47:112][  0]LogConfig: Setting CVar [[r.DOF.Kernel.MaxForegroundRadius:0.025]]
[2020.01.19-05.40.47:112][  0]LogConfig: Setting CVar [[r.DOF.Kernel.MaxBackgroundRadius:0.025]]
[2020.01.19-05.40.47:112][  0]LogConfig: Applying CVar settings from Section [TextureQuality@3] File [D:/lesupermomo/git2/Modern_Gladiator/ModernGladiator/Saved/Config/Windows/Scalability.ini]
[2020.01.19-05.40.47:112][  0]LogConfig: Setting CVar [[r.Streaming.MipBias:0]]
[2020.01.19-05.40.47:112][  0]LogConfig: Setting CVar [[r.Streaming.AmortizeCPUToGPUCopy:0]]
[2020.01.19-05.40.47:112][  0]LogConfig: Setting CVar [[r.Streaming.MaxNumTexturesToStreamPerFrame:0]]
[2020.01.19-05.40.47:112][  0]LogConfig: Setting CVar [[r.Streaming.Boost:1]]
[2020.01.19-05.40.47:112][  0]LogConfig: Setting CVar [[r.MaxAnisotropy:8]]
[2020.01.19-05.40.47:112][  0]LogConfig: Setting CVar [[r.VT.MaxAnisotropy:8]]
[2020.01.19-05.40.47:112][  0]LogConfig: Setting CVar [[r.Streaming.LimitPoolSizeToVRAM:0]]
[2020.01.19-05.40.47:112][  0]LogConfig: Setting CVar [[r.Streaming.PoolSize:1000]]
[2020.01.19-05.40.47:112][  0]LogConfig: Setting CVar [[r.Streaming.MaxEffectiveScreenSize:0]]
[2020.01.19-05.40.47:112][  0]LogConfig: Applying CVar settings from Section [EffectsQuality@3] File [D:/lesupermomo/git2/Modern_Gladiator/ModernGladiator/Saved/Config/Windows/Scalability.ini]
[2020.01.19-05.40.47:112][  0]LogConfig: Setting CVar [[r.TranslucencyLightingVolumeDim:64]]
[2020.01.19-05.40.47:113][  0]LogConfig: Setting CVar [[r.RefractionQuality:2]]
[2020.01.19-05.40.47:113][  0]LogConfig: Setting CVar [[r.SSR.Quality:3]]
[2020.01.19-05.40.47:113][  0]LogConfig: Setting CVar [[r.SSR.HalfResSceneColor:0]]
[2020.01.19-05.40.47:113][  0]LogConfig: Setting CVar [[r.SceneColorFormat:4]]
[2020.01.19-05.40.47:113][  0]LogConfig: Setting CVar [[r.DetailMode:2]]
[2020.01.19-05.40.47:113][  0]LogConfig: Setting CVar [[r.TranslucencyVolumeBlur:1]]
[2020.01.19-05.40.47:113][  0]LogConfig: Setting CVar [[r.MaterialQualityLevel:1 ; High quality]]
[2020.01.19-05.40.47:113][  0]LogConfig: Setting CVar [[r.SSS.Scale:1]]
[2020.01.19-05.40.47:113][  0]LogConfig: Setting CVar [[r.SSS.SampleSet:2]]
[2020.01.19-05.40.47:113][  0]LogConfig: Setting CVar [[r.SSS.Quality:1]]
[2020.01.19-05.40.47:113][  0]LogConfig: Setting CVar [[r.SSS.HalfRes:1]]
[2020.01.19-05.40.47:113][  0]LogConfig: Setting CVar [[r.SSGI.Quality:3]]
[2020.01.19-05.40.47:113][  0]LogConfig: Setting CVar [[r.EmitterSpawnRateScale:1.0]]
[2020.01.19-05.40.47:113][  0]LogConfig: Setting CVar [[r.ParticleLightQuality:2]]
[2020.01.19-05.40.47:113][  0]LogConfig: Setting CVar [[r.SkyAtmosphere.AerialPerspectiveLUT.FastApplyOnOpaque:1 ; Always have FastSkyLUT 1 in this case to avoid wrong sky]]
[2020.01.19-05.40.47:113][  0]LogConfig: Setting CVar [[r.SkyAtmosphere.AerialPerspectiveLUT.SampleCountPerSlice:1]]
[2020.01.19-05.40.47:113][  0]LogConfig: Setting CVar [[r.SkyAtmosphere.AerialPerspectiveLUT.DepthResolution:16.0]]
[2020.01.19-05.40.47:113][  0]LogConfig: Setting CVar [[r.SkyAtmosphere.FastSkyLUT:1]]
[2020.01.19-05.40.47:113][  0]LogConfig: Setting CVar [[r.SkyAtmosphere.FastSkyLUT.SampleCountMin:4.0]]
[2020.01.19-05.40.47:113][  0]LogConfig: Setting CVar [[r.SkyAtmosphere.FastSkyLUT.SampleCountMax:32.0]]
[2020.01.19-05.40.47:113][  0]LogConfig: Setting CVar [[r.SkyAtmosphere.SampleCountMin:4.0]]
[2020.01.19-05.40.47:113][  0]LogConfig: Setting CVar [[r.SkyAtmosphere.SampleCountMax:32.0]]
[2020.01.19-05.40.47:113][  0]LogConfig: Setting CVar [[r.SkyAtmosphere.TransmittanceLUT.UseSmallFormat:0]]
[2020.01.19-05.40.47:113][  0]LogConfig: Setting CVar [[r.SkyAtmosphere.TransmittanceLUT.SampleCount:10.0]]
[2020.01.19-05.40.47:113][  0]LogConfig: Setting CVar [[r.SkyAtmosphere.MultiScatteringLUT.SampleCount:15.0]]
[2020.01.19-05.40.47:113][  0]LogConfig: Applying CVar settings from Section [FoliageQuality@3] File [D:/lesupermomo/git2/Modern_Gladiator/ModernGladiator/Saved/Config/Windows/Scalability.ini]
[2020.01.19-05.40.47:113][  0]LogConfig: Setting CVar [[foliage.DensityScale:1.0]]
[2020.01.19-05.40.47:113][  0]LogConfig: Setting CVar [[grass.DensityScale:1.0]]
[2020.01.19-05.40.47:113][  0]LogConfig: Applying CVar settings from Section [ShadingQuality@3] File [D:/lesupermomo/git2/Modern_Gladiator/ModernGladiator/Saved/Config/Windows/Scalability.ini]
[2020.01.19-05.40.47:113][  0]LogConfig: Setting CVar [[r.HairStrands.SkyLighting.SampleCount:16]]
[2020.01.19-05.40.47:113][  0]LogConfig: Setting CVar [[r.HairStrands.SkyLighting.JitterIntegration:0]]
[2020.01.19-05.40.47:113][  0]LogConfig: Setting CVar [[r.HairStrands.SkyAO.SampleCount:16]]
[2020.01.19-05.40.47:113][  0]LogConfig: Applying CVar settings from Section [Startup] File [../../../Engine/Config/ConsoleVariables.ini]
[2020.01.19-05.40.47:113][  0]LogConfig: Setting CVar [[net.UseAdaptiveNetUpdateFrequency:0]]
[2020.01.19-05.40.47:113][  0]LogConfig: Setting CVar [[p.chaos.AllowCreatePhysxBodies:1]]
[2020.01.19-05.40.47:113][  0]LogConfig: Applying CVar settings from Section [ConsoleVariables] File [D:/lesupermomo/git2/Modern_Gladiator/ModernGladiator/Saved/Config/Windows/Engine.ini]
[2020.01.19-05.40.47:113][  0]LogInit: Computer: DESKTOP-9VH3JGO
[2020.01.19-05.40.47:113][  0]LogInit: User: Admin
[2020.01.19-05.40.47:113][  0]LogInit: CPU Page size=4096, Cores=6
[2020.01.19-05.40.47:113][  0]LogInit: High frequency timer resolution =10.000000 MHz
[2020.01.19-05.40.47:114][  0]LogMemory: Memory total: Physical=15.8GB (16GB approx)
[2020.01.19-05.40.47:114][  0]LogMemory: Platform Memory Stats for Windows
[2020.01.19-05.40.47:114][  0]LogMemory: Process Physical Memory: 107.65 MB used, 107.66 MB peak
[2020.01.19-05.40.47:114][  0]LogMemory: Process Virtual Memory: 103.55 MB used, 103.55 MB peak
[2020.01.19-05.40.47:114][  0]LogMemory: Physical Memory: 8544.70 MB used,  7633.58 MB free, 16178.28 MB total
[2020.01.19-05.40.47:114][  0]LogMemory: Virtual Memory: 5135.54 MB used,  134212592.00 MB free, 134217728.00 MB total
[2020.01.19-05.40.47:117][  0]LogWindows: WindowsPlatformFeatures enabled
[2020.01.19-05.40.47:130][  0]LogInit: Using OS detected language (en-US).
[2020.01.19-05.40.47:130][  0]LogInit: Using OS detected locale (en-US).
[2020.01.19-05.40.47:131][  0]LogTextLocalizationManager: No specific localization for 'en-US' exists, so the 'en' localization will be used.
[2020.01.19-05.40.47:288][  0]LogInit: Setting process to per monitor DPI aware
[2020.01.19-05.40.47:319][  0]LogSlate: New Slate User Created.  User Index 0, Is Virtual User: 0
[2020.01.19-05.40.47:319][  0]LogSlate: Slate User Registered.  User Index 0, Is Virtual User: 0
[2020.01.19-05.40.47:493][  0]LogHMD: Failed to initialize OpenVR with code 110
[2020.01.19-05.40.47:493][  0]LogD3D11RHI: D3D11 min allowed feature level: 11_0
[2020.01.19-05.40.47:493][  0]LogD3D11RHI: D3D11 max allowed feature level: 11_0
[2020.01.19-05.40.47:493][  0]LogD3D11RHI: D3D11 adapters:
[2020.01.19-05.40.47:563][  0]LogD3D11RHI:    0. 'NVIDIA GeForce GTX 1060 with Max-Q Design' (Feature Level 11_0)
[2020.01.19-05.40.47:563][  0]LogD3D11RHI:       6052/0/8089 MB DedicatedVideo/DedicatedSystem/SharedSystem, Outputs:1, VendorId:0x10de
[2020.01.19-05.40.47:586][  0]LogD3D11RHI:    1. 'Intel(R) UHD Graphics 630' (Feature Level 11_0)
[2020.01.19-05.40.47:586][  0]LogD3D11RHI:       128/0/8089 MB DedicatedVideo/DedicatedSystem/SharedSystem, Outputs:0, VendorId:0x8086
[2020.01.19-05.40.47:588][  0]LogD3D11RHI:    2. 'Microsoft Basic Render Driver' (Feature Level 11_0)
[2020.01.19-05.40.47:588][  0]LogD3D11RHI:       0/0/8089 MB DedicatedVideo/DedicatedSystem/SharedSystem, Outputs:0, VendorId:0x1414
[2020.01.19-05.40.47:588][  0]LogD3D11RHI: Chosen D3D11 Adapter: 0
[2020.01.19-05.40.47:628][  0]LogD3D11RHI: Creating new Direct3DDevice
[2020.01.19-05.40.47:628][  0]LogD3D11RHI:     GPU DeviceId: 0x1c20 (for the marketing name, search the web for "GPU Device Id")
[2020.01.19-05.40.47:628][  0]LogWindows: EnumDisplayDevices:
[2020.01.19-05.40.47:628][  0]LogWindows:    0. 'Intel(R) UHD Graphics 630' (P:1 D:1)
[2020.01.19-05.40.47:629][  0]LogWindows:    1. 'Intel(R) UHD Graphics 630' (P:0 D:0)
[2020.01.19-05.40.47:629][  0]LogWindows:    2. 'Intel(R) UHD Graphics 630' (P:0 D:0)
[2020.01.19-05.40.47:630][  0]LogWindows:    3. 'NVIDIA GeForce GTX 1060 with Max-Q Design' (P:0 D:0)
[2020.01.19-05.40.47:630][  0]LogWindows: DebugString: PrimaryIsNotTheChoosenAdapter PrimaryIsNotTheChoosenAdapter PrimaryIsNotTheChoosenAdapter 
[2020.01.19-05.40.47:630][  0]LogD3D11RHI:     Adapter Name: NVIDIA GeForce GTX 1060 with Max-Q Design
[2020.01.19-05.40.47:630][  0]LogD3D11RHI:   Driver Version: 431.23 (internal:26.21.14.3123, unified:431.23)
[2020.01.19-05.40.47:630][  0]LogD3D11RHI:      Driver Date: 6-24-2019
[2020.01.19-05.40.47:630][  0]LogRHI: Texture pool is 4236 MB (70% of 6052 MB)
[2020.01.19-05.40.47:675][  0]LogD3D11RHI: RHI has support for 64 bit atomics
[2020.01.19-05.40.47:676][  0]LogD3D11RHI: Async texture creation enabled
[2020.01.19-05.40.47:687][  0]LogD3D11RHI: GPU Timing Frequency: 1000.000000 (Debug: 2 1)
[2020.01.19-05.40.48:041][  0]LogTargetPlatformManager: Display: Loaded TargetPlatform 'AllDesktop'
[2020.01.19-05.40.48:066][  0]LogTargetPlatformManager: Display: Loaded TargetPlatform 'Android'
[2020.01.19-05.40.48:066][  0]LogTargetPlatformManager: Display: Loaded TargetPlatform 'Android_ASTC'
[2020.01.19-05.40.48:066][  0]LogTargetPlatformManager: Display: Loaded TargetPlatform 'Android_ATC'
[2020.01.19-05.40.48:066][  0]LogTargetPlatformManager: Display: Loaded TargetPlatform 'Android_DXT'
[2020.01.19-05.40.48:066][  0]LogTargetPlatformManager: Display: Loaded TargetPlatform 'Android_ETC1'
[2020.01.19-05.40.48:066][  0]LogTargetPlatformManager: Display: Loaded TargetPlatform 'Android_ETC1a'
[2020.01.19-05.40.48:066][  0]LogTargetPlatformManager: Display: Loaded TargetPlatform 'Android_ETC2'
[2020.01.19-05.40.48:066][  0]LogTargetPlatformManager: Display: Loaded TargetPlatform 'Android_PVRTC'
[2020.01.19-05.40.48:066][  0]LogTargetPlatformManager: Display: Loaded TargetPlatform 'AndroidClient'
[2020.01.19-05.40.48:066][  0]LogTargetPlatformManager: Display: Loaded TargetPlatform 'Android_ASTCClient'
[2020.01.19-05.40.48:066][  0]LogTargetPlatformManager: Display: Loaded TargetPlatform 'Android_ATCClient'
[2020.01.19-05.40.48:066][  0]LogTargetPlatformManager: Display: Loaded TargetPlatform 'Android_DXTClient'
[2020.01.19-05.40.48:066][  0]LogTargetPlatformManager: Display: Loaded TargetPlatform 'Android_ETC1Client'
[2020.01.19-05.40.48:066][  0]LogTargetPlatformManager: Display: Loaded TargetPlatform 'Android_ETC1aClient'
[2020.01.19-05.40.48:066][  0]LogTargetPlatformManager: Display: Loaded TargetPlatform 'Android_ETC2Client'
[2020.01.19-05.40.48:066][  0]LogTargetPlatformManager: Display: Loaded TargetPlatform 'Android_PVRTCClient'
[2020.01.19-05.40.48:066][  0]LogTargetPlatformManager: Display: Loaded TargetPlatform 'Android_Multi'
[2020.01.19-05.40.48:066][  0]LogTargetPlatformManager: Display: Loaded TargetPlatform 'Android_MultiClient'
[2020.01.19-05.40.48:081][  0]LogTargetPlatformManager: Display: Loaded TargetPlatform 'IOSClient'
[2020.01.19-05.40.48:081][  0]LogTargetPlatformManager: Display: Loaded TargetPlatform 'IOS'
[2020.01.19-05.40.48:087][  0]LogTargetPlatformManager: Display: Loaded TargetPlatform 'LinuxNoEditor'
[2020.01.19-05.40.48:092][  0]LogTargetPlatformManager: Display: Loaded TargetPlatform 'LinuxClient'
[2020.01.19-05.40.48:098][  0]LogTargetPlatformManager: Display: Loaded TargetPlatform 'LinuxServer'
[2020.01.19-05.40.48:103][  0]LogTargetPlatformManager: Display: Loaded TargetPlatform 'LinuxAArch64NoEditor'
[2020.01.19-05.40.48:109][  0]LogTargetPlatformManager: Display: Loaded TargetPlatform 'LinuxAArch64Client'
[2020.01.19-05.40.48:114][  0]LogTargetPlatformManager: Display: Loaded TargetPlatform 'LinuxAArch64Server'
[2020.01.19-05.40.48:133][  0]LogTargetPlatformManager: Display: Loaded TargetPlatform 'Lumin'
[2020.01.19-05.40.48:133][  0]LogTargetPlatformManager: Display: Loaded TargetPlatform 'LuminClient'
[2020.01.19-05.40.48:143][  0]LogTargetPlatformManager: Display: Loaded TargetPlatform 'TVOSClient'
[2020.01.19-05.40.48:143][  0]LogTargetPlatformManager: Display: Loaded TargetPlatform 'TVOS'
[2020.01.19-05.40.48:149][  0]LogTargetPlatformManager: Display: Loaded TargetPlatform 'WindowsNoEditor'
[2020.01.19-05.40.48:155][  0]LogTargetPlatformManager: Display: Loaded TargetPlatform 'Windows'
[2020.01.19-05.40.48:161][  0]LogTargetPlatformManager: Display: Loaded TargetPlatform 'WindowsClient'
[2020.01.19-05.40.48:167][  0]LogTargetPlatformManager: Display: Loaded TargetPlatform 'WindowsServer'
[2020.01.19-05.40.48:167][  0]LogTargetPlatformManager: Display: Building Assets For Windows
[2020.01.19-05.40.48:169][  0]LogAudioDebug: Display: Lib vorbis DLL was dynamically loaded.
[2020.01.19-05.40.48:187][  0]LogShaderCompilers: Guid format shader working directory is -22 characters bigger than the processId version (../../../../../../lesupermomo/git2/Modern_Gladiator/ModernGladiator/Intermediate/Shaders/WorkingDirectory/20312/).
[2020.01.19-05.40.48:187][  0]LogShaderCompilers: Cleaned the shader compiler working directory 'C:/Users/Admin/AppData/Local/Temp/UnrealShaderWorkingDir/A6ACB9AD4ABAE720D75B1C98E6555767/'.
[2020.01.19-05.40.48:187][  0]LogXGEController: Cannot use XGE Controller as Incredibuild is not installed on this machine.
[2020.01.19-05.40.48:187][  0]LogShaderCompilers: Cannot use XGE Shader Compiler as Incredibuild is not installed on this machine.
[2020.01.19-05.40.48:187][  0]LogShaderCompilers: Display: Using Local Shader Compiler.
[2020.01.19-05.40.48:799][  0]LogDerivedDataCache: Display: Max Cache Size: 512 MB
[2020.01.19-05.40.48:845][  0]LogDerivedDataCache: Loaded boot cache 0.05s 78MB C:/Users/Admin/AppData/Local/UnrealEngine/4.24/DerivedDataCache/Boot.ddc.
[2020.01.19-05.40.48:845][  0]LogDerivedDataCache: Display: Loaded Boot cache: C:/Users/Admin/AppData/Local/UnrealEngine/4.24/DerivedDataCache/Boot.ddc
[2020.01.19-05.40.48:845][  0]LogDerivedDataCache: FDerivedDataBackendGraph:  Pak pak cache file ../../../../../../lesupermomo/git2/Modern_Gladiator/ModernGladiator/DerivedDataCache/DDC.ddp not found, will not use a pak cache.
[2020.01.19-05.40.48:845][  0]LogDerivedDataCache: Unable to find inner node Pak for hierarchical cache Hierarchy.
[2020.01.19-05.40.48:845][  0]LogDerivedDataCache: FDerivedDataBackendGraph:  CompressedPak pak cache file ../../../../../../lesupermomo/git2/Modern_Gladiator/ModernGladiator/DerivedDataCache/Compressed.ddp not found, will not use a pak cache.
[2020.01.19-05.40.48:845][  0]LogDerivedDataCache: Unable to find inner node CompressedPak for hierarchical cache Hierarchy.
[2020.01.19-05.40.48:853][  0]LogDerivedDataCache: Display: Pak cache opened for reading ../../../Engine/DerivedDataCache/Compressed.ddp.
[2020.01.19-05.40.48:853][  0]LogDerivedDataCache: FDerivedDataBackendGraph:  EnterprisePak pak cache file ../../../Enterprise/DerivedDataCache/Compressed.ddp not found, will not use a pak cache.
[2020.01.19-05.40.48:854][  0]LogDerivedDataCache: Unable to find inner node EnterprisePak for hierarchical cache Hierarchy.
[2020.01.19-05.40.48:855][  0]LogDerivedDataCache: Using Local data cache path C:/Users/Admin/AppData/Local/UnrealEngine/Common/DerivedDataCache: Writable
[2020.01.19-05.40.48:855][  0]LogDerivedDataCache: Shared data cache path not found in *engine.ini, will not use an Shared cache.
[2020.01.19-05.40.48:855][  0]LogDerivedDataCache: Unable to find inner node Shared for hierarchical cache Hierarchy.
[2020.01.19-05.40.48:876][  0]LogMaterial: Verifying Global Shaders for PCD3D_SM5
[2020.01.19-05.40.48:878][  0]LogSlate: Using FreeType 2.10.0
[2020.01.19-05.40.48:879][  0]LogSlate: SlateFontServices - WITH_FREETYPE: 1, WITH_HARFBUZZ: 1
[2020.01.19-05.40.48:926][  0]LogAssetRegistry: FAssetRegistry took 0.0023 seconds to start up
[2020.01.19-05.40.49:157][  0]LogInit: Selected Device Profile: [Windows]
[2020.01.19-05.40.49:288][  0]LogMeshReduction: Using QuadricMeshReduction for automatic static mesh reduction
[2020.01.19-05.40.49:288][  0]LogMeshReduction: Using SimplygonMeshReduction for automatic skeletal mesh reduction
[2020.01.19-05.40.49:288][  0]LogMeshReduction: Using ProxyLODMeshReduction for automatic mesh merging
[2020.01.19-05.40.49:288][  0]LogMeshReduction: No distributed automatic mesh merging module available
[2020.01.19-05.40.49:288][  0]LogMeshMerging: No distributed automatic mesh merging module available
[2020.01.19-05.40.49:298][  0]LogNetVersion: ModernGladiator 1.0.0, NetCL: 10570792, EngineNetVer: 13, GameNetVer: 0 (Checksum: 1229748795)
[2020.01.19-05.40.50:235][  0]LogPackageLocalizationCache: Processed 10 localized package path(s) for 1 prioritized culture(s) in 0.043897 seconds
[2020.01.19-05.40.50:241][  0]LogUObjectArray: 46750 objects as part of root set at end of initial load.
[2020.01.19-05.40.50:241][  0]LogUObjectAllocator: 8137160 out of 0 bytes used by permanent object pool.
[2020.01.19-05.40.50:241][  0]LogUObjectArray: CloseDisregardForGC: 0/0 objects in disregard for GC pool
[2020.01.19-05.40.50:564][  0]LogTcpMessaging: Initializing TcpMessaging bridge
[2020.01.19-05.40.50:566][  0]LogUdpMessaging: Initializing bridge on interface 0.0.0.0:0 to multicast group 230.0.0.1:6666.
[2020.01.19-05.40.50:610][  0]SourceControl: Source control is disabled
[2020.01.19-05.40.50:610][  0]SourceControl: Source control is disabled
[2020.01.19-05.40.50:611][  0]SourceControl: Source control is disabled
[2020.01.19-05.40.50:612][  0]SourceControl: Source control is disabled
[2020.01.19-05.40.50:612][  0]SourceControl: Source control is disabled
[2020.01.19-05.40.50:676][  0]LogAndroidPermission: UAndroidPermissionCallbackProxy::GetInstance
[2020.01.19-05.40.50:683][  0]LogAudioCaptureCore: Display: No Audio Capture implementations found. Audio input will be silent.
[2020.01.19-05.40.50:683][  0]LogAudioCaptureCore: Display: No Audio Capture implementations found. Audio input will be silent.
[2020.01.19-05.40.50:753][  0]LogOcInput: OculusInput pre-init called
[2020.01.19-05.40.50:758][  0]LogWindows: Failed to load 'OVRPlugin.dll' (GetLastError=126)
[2020.01.19-05.40.50:758][  0]LogWindows: File 'OVRPlugin.dll' does not exist
[2020.01.19-05.40.50:815][  0]LogEngine: Initializing Engine...
[2020.01.19-05.40.50:816][  0]LogHMD: Failed to initialize OpenVR with code 110
[2020.01.19-05.40.50:817][  0]LogStats: UGameplayTagsManager::InitializeManager -  0.000 s
[2020.01.19-05.40.51:098][  0]LogInit: Initializing FReadOnlyCVARCache
[2020.01.19-05.40.51:103][  0]LogAIModule: Creating AISystem for world Untitled
[2020.01.19-05.40.51:164][  0]LogAudioMixer: Display: Audio Mixer Platform Settings:
[2020.01.19-05.40.51:164][  0]LogAudioMixer: Display: 	Sample Rate:						  48000
[2020.01.19-05.40.51:164][  0]LogAudioMixer: Display: 	Callback Buffer Frame Size Requested: 1024
[2020.01.19-05.40.51:164][  0]LogAudioMixer: Display: 	Callback Buffer Frame Size To Use:	  1024
[2020.01.19-05.40.51:164][  0]LogAudioMixer: Display: 	Number of buffers to queue:			  2
[2020.01.19-05.40.51:164][  0]LogAudioMixer: Display: 	Max Channels (voices):				  32
[2020.01.19-05.40.51:164][  0]LogAudioMixer: Display: 	Number of Async Source Workers:		  0
[2020.01.19-05.40.51:164][  0]LogAudio: Display: AudioDevice MaxSources: 32
[2020.01.19-05.40.51:164][  0]LogAudio: Display: Using built-in audio occlusion.
[2020.01.19-05.40.51:165][  0]LogAudioMixer: Display: Initializing audio mixer.
[2020.01.19-05.40.51:190][  0]LogAudioMixer: Display: Audio Device Output Speaker Info:
[2020.01.19-05.40.51:190][  0]LogAudioMixer: Display: Name: Speakers/Headphones (Realtek(R) Audio)
[2020.01.19-05.40.51:190][  0]LogAudioMixer: Display: Is Default: Yes
[2020.01.19-05.40.51:190][  0]LogAudioMixer: Display: Sample Rate: 48000
[2020.01.19-05.40.51:190][  0]LogAudioMixer: Display: Channel Count Used: 2
[2020.01.19-05.40.51:190][  0]LogAudioMixer: Display: Device Channel Count: 2
[2020.01.19-05.40.51:190][  0]LogAudioMixer: Display: Channel Order:
[2020.01.19-05.40.51:190][  0]LogAudioMixer: Display: 0: FrontLeft
[2020.01.19-05.40.51:190][  0]LogAudioMixer: Display: 1: FrontRight
[2020.01.19-05.40.51:783][  0]LogAudioMixer: Display: Using Audio Device Speakers/Headphones (Realtek(R) Audio)
[2020.01.19-05.40.51:788][  0]LogInit: FAudioDevice initialized.
[2020.01.19-05.40.51:788][  0]LogNetVersion: Set ProjectVersion to 1.0.0.0. Version Checksum will be recalculated on next use.
[2020.01.19-05.40.51:921][  0]LogDerivedDataCache: Saved boot cache 0.13s 78MB C:/Users/Admin/AppData/Local/UnrealEngine/4.24/DerivedDataCache/Boot.ddc.
[2020.01.19-05.40.51:922][  0]LogInit: Texture streaming: Enabled
[2020.01.19-05.40.51:931][  0]LogEngineSessionManager: EngineSessionManager initialized
[2020.01.19-05.40.51:931][  0]LogEditorSessionSummary: Verbose: Initializing EditorSessionSummaryWriter for editor session tracking
[2020.01.19-05.40.51:935][  0]LogEditorSessionSummary: EditorSessionSummaryWriter initialized
[2020.01.19-05.40.51:970][  0]LogInit: Transaction tracking system initialized
[2020.01.19-05.40.51:978][  0]BlueprintLog: New page: Editor Load
[2020.01.19-05.40.52:001][  0]LocalizationService: Localization service is disabled
[2020.01.19-05.40.52:227][  0]LogFileCache: Scanning file cache for directory 'D:/lesupermomo/git2/Modern_Gladiator/ModernGladiator/Content/' took 0.00s
[2020.01.19-05.40.52:227][  0]LogCook: Display: Max memory allowance for cook 16384mb min free memory 0mb
[2020.01.19-05.40.52:227][  0]LogCook: Display: Mobile HDR setting 1
[2020.01.19-05.40.52:789][  0]SourceControl: Source control is disabled
[2020.01.19-05.40.52:789][  0]Cmd: MAP LOAD FILE="../../../../../../lesupermomo/git2/Modern_Gladiator/ModernGladiator/Content/Maps/Main.umap" TEMPLATE=0 SHOWPROGRESS=1 FEATURELEVEL=3
[2020.01.19-05.40.52:789][  0]LightingResults: New page: Lighting Build
[2020.01.19-05.40.52:790][  0]LogWorld: UWorld::CleanupWorld for Untitled, bSessionEnded=true, bCleanupResources=true
[2020.01.19-05.40.52:790][  0]LogSlate: InvalidateAllWidgets triggered.  All widgets were invalidated
[2020.01.19-05.40.52:790][  0]MapCheck: New page: Map Check
[2020.01.19-05.40.52:790][  0]LightingResults: New page: Lighting Build
[2020.01.19-05.40.52:818][  0]LogUObjectHash: Compacting FUObjectHashTables data took   1.40ms
[2020.01.19-05.40.52:894][  0]LogAIModule: Creating AISystem for world Main
[2020.01.19-05.40.52:896][  0]LogEditorServer: Finished looking for orphan Actors (0.000 secs)
[2020.01.19-05.40.52:924][  0]LogUObjectHash: Compacting FUObjectHashTables data took   1.69ms
[2020.01.19-05.40.52:924][  0]Cmd: MAP CHECKDEP NOCLEARLOG
[2020.01.19-05.40.52:924][  0]MapCheck: Map check complete: 0 Error(s), 0 Warning(s), took 0.072ms to complete.
[2020.01.19-05.40.52:924][  0]LogFileHelpers: Loading map 'Main' took 0.136
[2020.01.19-05.40.53:062][  0]LogSlate: Updating window title bar state: overlay mode, drag disabled, window buttons hidden, title bar hidden
[2020.01.19-05.40.53:068][  0]LogSlate: Updating window title bar state: overlay mode, drag disabled, window buttons hidden, title bar hidden
[2020.01.19-05.40.53:073][  0]LogSlate: Updating window title bar state: overlay mode, drag disabled, window buttons hidden, title bar hidden
[2020.01.19-05.40.53:079][  0]LogSlate: Updating window title bar state: overlay mode, drag disabled, window buttons hidden, title bar hidden
[2020.01.19-05.40.53:083][  0]LogCollectionManager: Loaded 0 collections in 0.000779 seconds
[2020.01.19-05.40.53:094][  0]LogFileCache: Scanning file cache for directory 'D:/lesupermomo/git2/Modern_Gladiator/ModernGladiator/Saved/Collections/' took 0.00s
[2020.01.19-05.40.53:094][  0]LogFileCache: Scanning file cache for directory 'D:/lesupermomo/git2/Modern_Gladiator/ModernGladiator/Content/Developers/Admin/Collections/' took 0.00s
[2020.01.19-05.40.53:094][  0]LogFileCache: Scanning file cache for directory 'D:/lesupermomo/git2/Modern_Gladiator/ModernGladiator/Content/Collections/' took 0.00s
[2020.01.19-05.40.53:094][  0]LogContentBrowser: Native class hierarchy populated in 0.0071 seconds. Added 3017 classes and 721 folders.
[2020.01.19-05.40.53:096][  0]LogContentBrowser: Native class hierarchy updated for 'WidgetCarousel' in 0.0003 seconds. Added 0 classes and 0 folders.
[2020.01.19-05.40.53:146][  0]LogContentBrowser: Native class hierarchy updated for 'AddContentDialog' in 0.0003 seconds. Added 0 classes and 0 folders.
[2020.01.19-05.40.53:149][  0]LogContentBrowser: Native class hierarchy updated for 'SceneOutliner' in 0.0003 seconds. Added 2 classes and 3 folders.
[2020.01.19-05.40.53:248][  0]LogSlate: Took 0.000176 seconds to synchronously load lazily loaded font '../../../Engine/Content/Slate/Fonts/Roboto-Regular.ttf' (155K)
[2020.01.19-05.40.53:250][  0]LogSlate: Took 0.000173 seconds to synchronously load lazily loaded font '../../../Engine/Content/Slate/Fonts/Roboto-Bold.ttf' (160K)
[2020.01.19-05.40.53:254][  0]LogSlate: Took 0.000176 seconds to synchronously load lazily loaded font '../../../Engine/Content/Editor/Slate/Fonts/FontAwesome.ttf' (139K)
[2020.01.19-05.40.53:316][  0]LogRenderer: Reallocating scene render targets to support 964x432 Format 10 NumSamples 1 (Frame:1).
[2020.01.19-05.40.53:453][  0]LogContentBrowser: Native class hierarchy updated for 'HierarchicalLODOutliner' in 0.0003 seconds. Added 0 classes and 0 folders.
[2020.01.19-05.40.53:453][  0]LogLoad: (Engine Initialization) Total time: 7.70 seconds
[2020.01.19-05.40.53:453][  0]LogLoad: (Engine Initialization) Total Blueprint compile time: 0.00 seconds
[2020.01.19-05.40.53:497][  0]LogAssetRegistry: Asset discovery search completed in 4.5714 seconds
[2020.01.19-05.40.53:500][  0]LogCollectionManager: Fixed up redirectors for 0 collections in 0.000007 seconds (updated 0 objects)
[2020.01.19-05.40.53:502][  0]LogContentStreaming: Texture pool size now 1000 MB
[2020.01.19-05.40.53:657][  0]LogSlate: Took 0.000125 seconds to synchronously load lazily loaded font '../../../Engine/Content/Slate/Fonts/Roboto-Light.ttf' (167K)
[2020.01.19-05.41.14:429][231]LogSlate: Took 0.000127 seconds to synchronously load lazily loaded font '../../../Engine/Content/Slate/Fonts/Roboto-Light.ttf' (167K)
[2020.01.19-05.41.14:459][231]LogAssetEditorSubsystem: Opening Asset editor for StaticMesh /Game/Assets/Meshes/SM_Cube.SM_Cube
[2020.01.19-05.41.14:970][231]LogRenderer: Reallocating scene render targets to support 1144x704 Format 10 NumSamples 1 (Frame:1).
[2020.01.19-05.41.14:970][231]LogSlate: Took 0.058820 seconds to synchronously load lazily loaded font '../../../Engine/Content/Slate/Fonts/Roboto-Italic.ttf' (157K)
[2020.01.19-05.41.26:146][881]LogAssetEditorSubsystem: Opening Asset editor for Blueprint /Game/Blueprints/BP_Character.BP_Character
[2020.01.19-05.41.26:427][881]LogContentBrowser: Native class hierarchy updated for 'BlueprintGraph' in 0.0006 seconds. Added 121 classes and 0 folders.
[2020.01.19-05.41.27:315][881]LogSlate: Took 0.000208 seconds to synchronously load lazily loaded font '../../../Engine/Content/Slate/Fonts/Roboto-BoldCondensed.ttf' (158K)
[2020.01.19-05.41.52:070][338]LogAssetEditorSubsystem: Opening Asset editor for Class /Script/ModernGladiator.MyCharacter
[2020.01.19-05.57.41:940][121]LogHotReload: New module detected: UE4Editor-ModernGladiator-0021.dll
[2020.01.19-05.57.43:311][126]LogHotReload: Starting Hot-Reload from IDE
[2020.01.19-05.57.43:388][126]LogUObjectHash: Compacting FUObjectHashTables data took   2.98ms
[2020.01.19-05.57.43:404][126]LogClass: Could not find existing class MyCharacter in package /Script/ModernGladiator for HotReload, assuming new class
[2020.01.19-05.57.43:404][126]LogClass: Function TraceForward is new.
[2020.01.19-05.57.43:413][126]LogHotReload: Re-instancing MyCharacter after hot-reload.
[2020.01.19-05.57.43:711][126]LogContentBrowser: Native class hierarchy updated for 'ModernGladiator' in 0.0004 seconds. Added 2 classes and 4 folders.
[2020.01.19-05.57.43:715][126]Display: HotReload successful (0 functions remapped  0 scriptstructs remapped)
[2020.01.19-05.57.43:795][126]LogUObjectHash: Compacting FUObjectHashTables data took   2.64ms
[2020.01.19-05.57.43:809][126]LogContentBrowser: Native class hierarchy populated in 0.0072 seconds. Added 3019 classes and 724 folders.
[2020.01.19-05.57.43:860][126]Display: HotReload took  0.5s.
[2020.01.19-06.01.47:397][ 43]LogTemp: Repeating last play command: Selected Viewport
[2020.01.19-06.01.47:415][ 43]LogPlayLevel: PlayLevel: No blueprints needed recompiling
[2020.01.19-06.01.47:428][ 43]PIE: New page: PIE session: Main (Jan 18, 2020, 8:01:47 PM)
[2020.01.19-06.01.47:429][ 43]LogOnline: OSS: Creating online subsystem instance for: NULL
[2020.01.19-06.01.47:451][ 43]LogOnline: OSS: TryLoadSubsystemAndSetDefault: Loaded subsystem for module [NULL]
[2020.01.19-06.01.47:451][ 43]LogPlayLevel: Creating play world package: /Game/Maps/UEDPIE_0_Main
[2020.01.19-06.01.47:454][ 43]LogPlayLevel: PIE: StaticDuplicateObject took: (0.002549s)
[2020.01.19-06.01.47:458][ 43]LogAIModule: Creating AISystem for world Main
[2020.01.19-06.01.47:458][ 43]LogPlayLevel: PIE: World Init took: (0.003603s)
[2020.01.19-06.01.47:458][ 43]LogPlayLevel: PIE: Created PIE world by copying editor world from /Game/Maps/Main.Main to /Game/Maps/UEDPIE_0_Main.Main (0.006351s)
[2020.01.19-06.01.47:511][ 43]LogUObjectHash: Compacting FUObjectHashTables data took   3.43ms
[2020.01.19-06.01.47:512][ 43]LogAudioMixer: Display: Audio Mixer Platform Settings:
[2020.01.19-06.01.47:512][ 43]LogAudioMixer: Display: 	Sample Rate:						  48000
[2020.01.19-06.01.47:512][ 43]LogAudioMixer: Display: 	Callback Buffer Frame Size Requested: 1024
[2020.01.19-06.01.47:512][ 43]LogAudioMixer: Display: 	Callback Buffer Frame Size To Use:	  1024
[2020.01.19-06.01.47:512][ 43]LogAudioMixer: Display: 	Number of buffers to queue:			  2
[2020.01.19-06.01.47:512][ 43]LogAudioMixer: Display: 	Max Channels (voices):				  32
[2020.01.19-06.01.47:512][ 43]LogAudioMixer: Display: 	Number of Async Source Workers:		  0
[2020.01.19-06.01.47:513][ 43]LogAudio: Display: AudioDevice MaxSources: 32
[2020.01.19-06.01.47:513][ 43]LogAudio: Display: Using built-in audio occlusion.
[2020.01.19-06.01.47:513][ 43]LogAudioMixer: Display: Initializing audio mixer.
[2020.01.19-06.01.47:526][ 43]LogAudioMixer: Display: Audio Device Output Speaker Info:
[2020.01.19-06.01.47:526][ 43]LogAudioMixer: Display: Name: Speakers/Headphones (Realtek(R) Audio)
[2020.01.19-06.01.47:526][ 43]LogAudioMixer: Display: Is Default: Yes
[2020.01.19-06.01.47:526][ 43]LogAudioMixer: Display: Sample Rate: 48000
[2020.01.19-06.01.47:526][ 43]LogAudioMixer: Display: Channel Count Used: 2
[2020.01.19-06.01.47:526][ 43]LogAudioMixer: Display: Device Channel Count: 2
[2020.01.19-06.01.47:526][ 43]LogAudioMixer: Display: Channel Order:
[2020.01.19-06.01.47:526][ 43]LogAudioMixer: Display: 0: FrontLeft
[2020.01.19-06.01.47:526][ 43]LogAudioMixer: Display: 1: FrontRight
[2020.01.19-06.01.47:631][ 43]LogAudioMixer: Display: Using Audio Device Speakers/Headphones (Realtek(R) Audio)
[2020.01.19-06.01.47:633][ 43]LogInit: FAudioDevice initialized.
[2020.01.19-06.01.47:655][ 43]LogLoad: Game class is 'BP_GameModeBase_C'
[2020.01.19-06.01.47:656][ 43]LogWorld: Bringing World /Game/Maps/UEDPIE_0_Main.Main up for play (max tick rate 60) at 2020.01.19-01.01.47
[2020.01.19-06.01.47:657][ 43]LogWorld: Bringing up level for play took: 0.000707
[2020.01.19-06.01.47:657][ 43]LogOnline: OSS: Creating online subsystem instance for: :Context_6
[2020.01.19-06.01.47:703][ 43]LogContentBrowser: Native class hierarchy updated for 'MovieSceneCapture' in 0.0004 seconds. Added 20 classes and 0 folders.
[2020.01.19-06.01.47:704][ 43]PIE: Play in editor start time for /Game/Maps/UEDPIE_0_Main 1.154
[2020.01.19-06.01.53:467][364]LogAudioMixer: Display: No commands were queued while flushing the source manager.
[2020.01.19-06.01.53:467][364]LogAudioMixer: Display: No commands were queued while flushing the source manager.
[2020.01.19-06.01.53:467][364]LogSlate: Updating window title bar state: overlay mode, drag disabled, window buttons hidden, title bar hidden
[2020.01.19-06.01.53:467][364]LogWorld: BeginTearingDown for /Game/Maps/UEDPIE_0_Main
[2020.01.19-06.01.53:467][364]LogAudioMixer: Display: No commands were queued while flushing the source manager.
[2020.01.19-06.01.53:467][364]LogWorld: UWorld::CleanupWorld for Main, bSessionEnded=true, bCleanupResources=true
[2020.01.19-06.01.53:467][364]LogSlate: InvalidateAllWidgets triggered.  All widgets were invalidated
[2020.01.19-06.01.53:476][364]LogPlayLevel: Display: Shutting down PIE online subsystems
[2020.01.19-06.01.53:481][364]LogSlate: InvalidateAllWidgets triggered.  All widgets were invalidated
[2020.01.19-06.01.53:518][364]LogAudioMixer: Display: No commands were queued while flushing the source manager.
[2020.01.19-06.01.53:522][364]LogSlate: Updating window title bar state: overlay mode, drag disabled, window buttons hidden, title bar hidden
[2020.01.19-06.01.53:558][364]LogUObjectHash: Compacting FUObjectHashTables data took   4.21ms
[2020.01.19-06.01.53:575][365]LogPlayLevel: Display: Destroying online subsystem :Context_6
[2020.01.19-06.02.31:687][246]LogSlate: Window 'BP_Character' being destroyed
[2020.01.19-06.02.31:695][247]LogRenderer: Reallocating scene render targets to support 1428x880 Format 10 NumSamples 1 (Frame:6412).
[2020.01.19-06.02.35:127][450]MapCheck: New page: Map Check
[2020.01.19-06.02.35:143][450]Cmd: MAP REBUILD ALLVISIBLE
[2020.01.19-06.02.35:143][450]LogEditorServer: Rebuildmap Clear paths rebuilt
[2020.01.19-06.02.35:214][450]LogWorld: UWorld::CleanupWorld for Main, bSessionEnded=true, bCleanupResources=false
[2020.01.19-06.02.35:274][450]LogUObjectHash: Compacting FUObjectHashTables data took   3.26ms
[2020.01.19-06.02.35:285][450]LogMaterial: Display: Missing cached shader map for material DebugViewMode MaterialTexCoordScale, compiling. 
[2020.01.19-06.02.35:300][450]LogShaderCompilers: Display: Worker (1/9): shaders left to compile 2
[2020.01.19-06.02.35:300][450]LogShaderCompilers: Display: Worker (2/9): shaders left to compile 1
[2020.01.19-06.02.35:300][450]LogMaterial: Display: Missing cached shader map for material DebugViewMode MaterialTexCoordScale, compiling. 
[2020.01.19-06.02.35:311][450]LogMaterial: Display: Missing cached shader map for material DebugViewMode MaterialTexCoordScale, compiling. 
[2020.01.19-06.02.35:820][450]LogShaderCompilers: Display: Worker (3/9): shaders left to compile 4
[2020.01.19-06.02.35:820][450]LogShaderCompilers: Display: Worker (4/9): shaders left to compile 3
[2020.01.19-06.02.35:820][450]LogShaderCompilers: Display: Worker (5/9): shaders left to compile 2
[2020.01.19-06.02.35:820][450]LogShaderCompilers: Display: Worker (6/9): shaders left to compile 1
[2020.01.19-06.02.35:820][450]TextureStreamingBuild: Display: Compiling optional shaders took 0.544 seconds.
[2020.01.19-06.02.35:834][450]LogLevel: Display: Export Material TexCoord Scales took 0.013 seconds.
[2020.01.19-06.02.35:843][450]TextureStreamingBuild: Display: Build Texture Streaming took 0.010 seconds.
[2020.01.19-06.02.35:896][450]LogUObjectHash: Compacting FUObjectHashTables data took   0.94ms
[2020.01.19-06.02.35:899][450]LightingResults: New page: Lighting Build - Jan 18, 2020, 8:02:35 PM
[2020.01.19-06.02.36:072][450]LogSwarmInterface: [OpenConnection] Registering TCP channel ...
[2020.01.19-06.02.36:208][450]LogSwarmInterface: [OpenConnection] Connecting to agent ...
[2020.01.19-06.02.36:227][450]LogSwarmInterface: [TryOpenConnection] Testing the Agent
[2020.01.19-06.02.36:763][450]LogSwarmInterface: [TryOpenConnection] Opening Connection to Agent
[2020.01.19-06.02.36:763][450]LogSwarmInterface: [TryOpenConnection] Local Process ID is 20312
[2020.01.19-06.02.43:563][450]LogStaticLightingSystem: Warning: No importance volume found, so the scene bounding box was used.  You can optimize your scene's quality and lighting build times by adding importance volumes.
[2020.01.19-06.02.43:563][450]LogStaticLightingSystem: Running Lightmass w/ ImmediateImport mode ENABLED
[2020.01.19-06.02.43:563][450]LogStaticLightingSystem: Running Lightmass w/ ImmediateProcess mode ENABLED
[2020.01.19-06.02.43:563][450]LogStaticLightingSystem: Running Lightmass w/ Sorting mode ENABLED
[2020.01.19-06.02.43:563][450]LogStaticLightingSystem: Running Lightmass w/ Mapping paddings ENABLED
[2020.01.19-06.02.43:563][450]LogStaticLightingSystem: Running Lightmass w/ Mapping debug paddings DISABLED
[2020.01.19-06.02.43:740][450]Cmd: MAP CHECK DONTDISPLAYDIALOG
[2020.01.19-06.02.43:740][450]MapCheck: New page: Main - Jan 18, 2020, 8:02:43 PM
[2020.01.19-06.02.43:740][450]MapCheck: Map check complete: 0 Error(s), 0 Warning(s), took 0.28ms to complete.
[2020.01.19-06.02.43:742][450]LogEditorBuildUtils: Build time 0:08
[2020.01.19-06.02.44:102][451]LogMaterial: Display: Missing cached shader map for material FLightmassMaterialRenderer BasicShapeMaterial, compiling. 
[2020.01.19-06.02.44:117][451]LogMaterial: Display: Missing cached shader map for material FLightmassMaterialRenderer BasicShapeMaterial, compiling. 
[2020.01.19-06.02.44:173][451]LogShaderCompilers: Display: Worker (1/9): shaders left to compile 2
[2020.01.19-06.02.44:173][451]LogShaderCompilers: Display: Worker (2/9): shaders left to compile 1
[2020.01.19-06.02.44:173][451]LogShaderCompilers: Display: Worker (3/9): shaders left to compile 2
[2020.01.19-06.02.44:173][451]LogShaderCompilers: Display: Worker (4/9): shaders left to compile 1
[2020.01.19-06.02.44:726][456]LogUObjectHash: Compacting FUObjectHashTables data took   3.42ms
[2020.01.19-06.02.46:505][522]Job is a success!
[2020.01.19-06.02.46:726][523]LogVolumetricLightmapImport: Imported Volumetric Lightmap in 0.022s
[2020.01.19-06.02.46:726][523]LogVolumetricLightmapImport:      Indirection Texture 16x16x16 = 0.0Mb
[2020.01.19-06.02.46:726][523]LogVolumetricLightmapImport:      BrickData (all levels) 0.4Mb
[2020.01.19-06.02.46:726][523]LogVolumetricLightmapImport:      Bricks at depth
[2020.01.19-06.02.46:726][523]LogVolumetricLightmapImport:          0: 1.3% covering 100.0% of volume
[2020.01.19-06.02.46:726][523]LogVolumetricLightmapImport:          1: 5.0% covering 6.3% of volume
[2020.01.19-06.02.46:726][523]LogVolumetricLightmapImport:          2: 93.8% covering 1.8% of volume
[2020.01.19-06.02.46:726][523]LogVolumetricLightmapImport:      Bricks in each level
[2020.01.19-06.02.46:726][523]LogVolumetricLightmapImport:          Main 			 80 bricks 	 100.0% (Persistent Level)
[2020.01.19-06.02.46:801][523]LogTexture: Display: Building textures: HQ_Lightmap1_1 (AutoDXT, 512X512)
[2020.01.19-06.02.46:802][523]LogTexture: Display: Building textures: LQ_Lightmap_1_1 (DXT1, 512X512)
[2020.01.19-06.02.46:802][523]LogTexture: Display: Building textures: LQ_Lightmap_1_2 (DXT1, 64X64)
[2020.01.19-06.02.46:802][523]LogTexture: Display: Building textures: HQ_Lightmap1_2 (AutoDXT, 64X64)
[2020.01.19-06.02.46:802][523]LogTexture: Display: Building textures: ShadowMapTexture2D_1 (G8, 32X32)
[2020.01.19-06.02.46:802][523]LogTexture: Display: Building textures: ShadowMapTexture2D_0 (G8, 512X128)
[2020.01.19-06.02.46:802][523]Lightmass on DESKTOP-9VH3JGO: 1.19 sec total, 112 ms importing, 4 ms setup, 138 ms photons, 878 ms processing, 0 ms extra exporting [12/12 mappings]. Threads: 9.64 sec total, 882 ms processing.
[2020.01.19-06.02.46:802][523]LogStaticLightingSystem: Main_BuiltData storing lightmap data for 12 meshes in 3 LightmapResourceClusters (4.0 Meshes per cluster).
[2020.01.19-06.02.46:848][523]LogUObjectHash: Compacting FUObjectHashTables data took   2.46ms
[2020.01.19-06.02.46:942][523]LogStaticLightingSystem: Illumination: 10.9 sec (35 ms encoding lightmaps, 14 ms encoding shadowmaps)
[2020.01.19-06.02.46:942][523]LogStaticLightingSystem: Lightmap texture memory:  0.5 MB (0.5 MB streaming, 0.0 MB non-streaming), 4 textures
[2020.01.19-06.02.46:942][523]LogStaticLightingSystem: Shadowmap texture memory: 0.1 MB (0.1 MB streaming, 0.0 MB non-streaming), 2 textures
[2020.01.19-06.02.47:576][523]DumpUnbuiltLightIteractions
[2020.01.19-06.02.47:576][523]Lights with unbuilt interactions: 0
[2020.01.19-06.02.47:576][523]
[2020.01.19-06.02.47:576][523]Primitives with unbuilt interactions: 0
[2020.01.19-06.02.47:687][524]Cmd: MAP CHECK NOTIFYRESULTS
[2020.01.19-06.02.47:687][524]MapCheck: New page: Main - Jan 18, 2020, 8:02:47 PM
[2020.01.19-06.02.47:687][524]MapCheck: Map check complete: 0 Error(s), 0 Warning(s), took 0.221ms to complete.
[2020.01.19-06.02.48:355][564]LogTemp: Repeating last play command: Selected Viewport
[2020.01.19-06.02.48:369][564]LogPlayLevel: PlayLevel: No blueprints needed recompiling
[2020.01.19-06.02.48:369][564]PIE: New page: PIE session: Main (Jan 18, 2020, 8:02:48 PM)
[2020.01.19-06.02.48:369][564]LogPlayLevel: Creating play world package: /Game/Maps/UEDPIE_0_Main
[2020.01.19-06.02.48:371][564]LogPlayLevel: PIE: StaticDuplicateObject took: (0.002041s)
[2020.01.19-06.02.48:372][564]LogAIModule: Creating AISystem for world Main
[2020.01.19-06.02.48:372][564]LogPlayLevel: PIE: World Init took: (0.000959s)
[2020.01.19-06.02.48:372][564]LogPlayLevel: PIE: Created PIE world by copying editor world from /Game/Maps/Main.Main to /Game/Maps/UEDPIE_0_Main.Main (0.003111s)
[2020.01.19-06.02.48:399][564]LogUObjectHash: Compacting FUObjectHashTables data took   2.70ms
[2020.01.19-06.02.48:400][564]LogAudioMixer: Display: Audio Mixer Platform Settings:
[2020.01.19-06.02.48:400][564]LogAudioMixer: Display: 	Sample Rate:						  48000
[2020.01.19-06.02.48:400][564]LogAudioMixer: Display: 	Callback Buffer Frame Size Requested: 1024
[2020.01.19-06.02.48:400][564]LogAudioMixer: Display: 	Callback Buffer Frame Size To Use:	  1024
[2020.01.19-06.02.48:400][564]LogAudioMixer: Display: 	Number of buffers to queue:			  2
[2020.01.19-06.02.48:400][564]LogAudioMixer: Display: 	Max Channels (voices):				  32
[2020.01.19-06.02.48:400][564]LogAudioMixer: Display: 	Number of Async Source Workers:		  0
[2020.01.19-06.02.48:400][564]LogAudio: Display: AudioDevice MaxSources: 32
[2020.01.19-06.02.48:400][564]LogAudio: Display: Using built-in audio occlusion.
[2020.01.19-06.02.48:400][564]LogAudioMixer: Display: Initializing audio mixer.
[2020.01.19-06.02.48:412][564]LogAudioMixer: Display: Audio Device Output Speaker Info:
[2020.01.19-06.02.48:412][564]LogAudioMixer: Display: Name: Speakers/Headphones (Realtek(R) Audio)
[2020.01.19-06.02.48:412][564]LogAudioMixer: Display: Is Default: Yes
[2020.01.19-06.02.48:412][564]LogAudioMixer: Display: Sample Rate: 48000
[2020.01.19-06.02.48:412][564]LogAudioMixer: Display: Channel Count Used: 2
[2020.01.19-06.02.48:412][564]LogAudioMixer: Display: Device Channel Count: 2
[2020.01.19-06.02.48:412][564]LogAudioMixer: Display: Channel Order:
[2020.01.19-06.02.48:412][564]LogAudioMixer: Display: 0: FrontLeft
[2020.01.19-06.02.48:412][564]LogAudioMixer: Display: 1: FrontRight
[2020.01.19-06.02.48:497][564]LogAudioMixer: Display: Using Audio Device Speakers/Headphones (Realtek(R) Audio)
[2020.01.19-06.02.48:498][564]LogInit: FAudioDevice initialized.
[2020.01.19-06.02.48:508][564]LogLoad: Game class is 'BP_GameModeBase_C'
[2020.01.19-06.02.48:509][564]LogWorld: Bringing World /Game/Maps/UEDPIE_0_Main.Main up for play (max tick rate 60) at 2020.01.19-01.02.48
[2020.01.19-06.02.48:509][564]LogWorld: Bringing up level for play took: 0.000600
[2020.01.19-06.02.48:509][564]LogOnline: OSS: Creating online subsystem instance for: :Context_7
[2020.01.19-06.02.48:512][564]PIE: Play in editor start time for /Game/Maps/UEDPIE_0_Main -0.038
[2020.01.19-06.03.37:456][499]LogAudioMixer: Display: No commands were queued while flushing the source manager.
[2020.01.19-06.03.37:456][499]LogAudioMixer: Display: No commands were queued while flushing the source manager.
[2020.01.19-06.03.37:456][499]LogSlate: Updating window title bar state: overlay mode, drag disabled, window buttons hidden, title bar hidden
[2020.01.19-06.03.37:456][499]LogWorld: BeginTearingDown for /Game/Maps/UEDPIE_0_Main
[2020.01.19-06.03.37:456][499]LogAudioMixer: Display: No commands were queued while flushing the source manager.
[2020.01.19-06.03.37:456][499]LogWorld: UWorld::CleanupWorld for Main, bSessionEnded=true, bCleanupResources=true
[2020.01.19-06.03.37:456][499]LogSlate: InvalidateAllWidgets triggered.  All widgets were invalidated
[2020.01.19-06.03.37:464][499]LogPlayLevel: Display: Shutting down PIE online subsystems
[2020.01.19-06.03.37:468][499]LogSlate: InvalidateAllWidgets triggered.  All widgets were invalidated
[2020.01.19-06.03.37:500][499]LogAudioMixer: Display: No commands were queued while flushing the source manager.
[2020.01.19-06.03.37:504][499]LogSlate: Updating window title bar state: overlay mode, drag disabled, window buttons hidden, title bar hidden
[2020.01.19-06.03.37:508][499]LogUObjectHash: Compacting FUObjectHashTables data took   2.54ms
[2020.01.19-06.03.37:565][501]LogPlayLevel: Display: Destroying online subsystem :Context_7
[2020.01.19-06.04.07:452][825]LogUObjectHash: Compacting FUObjectHashTables data took   0.88ms
[2020.01.19-06.04.07:474][825]LogSavePackage: Moving '../../../../../../lesupermomo/git2/Modern_Gladiator/ModernGladiator/Saved/Main_Auto1598D2BC44E6022B193CB23BAA7B4AF06.tmp' to '../../../../../../lesupermomo/git2/Modern_Gladiator/ModernGladiator/Saved/Autosaves/Game/Maps/Main_Auto1.umap'
[2020.01.19-06.04.07:477][825]LogFileHelpers: Editor autosave (incl. sublevels) for '/Game/Maps/Main' took 0.058
[2020.01.19-06.04.07:477][825]LogFileHelpers: Editor autosave (incl. sublevels) for all levels took 0.058
[2020.01.19-06.14.08:136][617]LogUObjectHash: Compacting FUObjectHashTables data took   1.09ms
[2020.01.19-06.14.08:137][617]LogFileHelpers: Editor autosave (incl. sublevels) for '/Game/Maps/Main' took 0.031
[2020.01.19-06.24.08:803][408]LogUObjectHash: Compacting FUObjectHashTables data took   1.08ms
[2020.01.19-06.24.08:804][408]LogFileHelpers: Editor autosave (incl. sublevels) for '/Game/Maps/Main' took 0.035
[2020.01.19-06.31.10:670][782]LogSlate: WidgetSwitcher ('None') active index changed to -1
[2020.01.19-06.31.10:670][782]LogSlate: WidgetSwitcher ('None') active index changed to 0
[2020.01.19-06.31.13:579][934]LogSlate: Window 'Add C++ Class' being destroyed
[2020.01.19-06.31.31:831][181]LogSlate: WidgetSwitcher ('None') active index changed to -1
[2020.01.19-06.31.31:831][181]LogSlate: WidgetSwitcher ('None') active index changed to 0
[2020.01.19-06.31.55:999][562]LogSlate: WidgetSwitcher ('None') active index changed to 1
[2020.01.19-06.33.16:158][957]Candidate modules for hot reload:
[2020.01.19-06.33.16:158][957]  ModernGladiator
[2020.01.19-06.33.16:158][957]Launching UnrealBuildTool... [D:/Program Files/Epic Games/UE_4.24/Engine/Binaries/DotNET/UnrealBuildTool.exe  -ModuleWithSuffix=ModernGladiator,4064 Win64 Development -TargetType=Editor -Project="D:/lesupermomo/git2/Modern_Gladiator/ModernGladiator/ModernGladiator.uproject" "D:/lesupermomo/git2/Modern_Gladiator/ModernGladiator/ModernGladiator.uproject"  -IgnoreJunk]
[2020.01.19-06.33.28:863][957]CompilerResultsLog: New page: Compilation - Jan 18, 2020, 8:33:28 PM
[2020.01.19-06.33.28:863][957]CompilerResultsLog: Using 'git status' to determine working set for adaptive non-unity build (D:\lesupermomo\git2\Modern_Gladiator).
[2020.01.19-06.33.28:863][957]CompilerResultsLog: Invalidating makefile for ModernGladiatorEditor (directory added)
[2020.01.19-06.33.28:863][957]CompilerResultsLog: Parsing headers for ModernGladiatorEditor
[2020.01.19-06.33.28:863][957]CompilerResultsLog:   Running UnrealHeaderTool "D:\lesupermomo\git2\Modern_Gladiator\ModernGladiator\ModernGladiator.uproject" "D:\lesupermomo\git2\Modern_Gladiator\ModernGladiator\Intermediate\Build\Win64\ModernGladiatorEditor\Development\ModernGladiatorEditor.uhtmanifest" -LogCmds="loginit warning, logexit warning, logdatabase error" -Unattended -WarningsAsErrors -installed
[2020.01.19-06.33.28:863][957]CompilerResultsLog: Reflection code generated for ModernGladiatorEditor in 6.5188013 seconds
[2020.01.19-06.33.28:863][957]CompilerResultsLog: Building ModernGladiatorEditor...
[2020.01.19-06.33.28:863][957]CompilerResultsLog: Using Visual Studio 2019 14.24.28315 toolchain (C:\Program Files (x86)\Microsoft Visual Studio\2019\Community\VC\Tools\MSVC\14.24.28314) and Windows 10.0.18362.0 SDK (D:\Program Files (x86)\Windows Kits\10).
[2020.01.19-06.33.28:863][957]CompilerResultsLog: [Upgrade]
[2020.01.19-06.33.28:863][957]CompilerResultsLog: [Upgrade] Using backward-compatible build settings. The latest version of UE4 sets the following values by default, which may require code changes:
[2020.01.19-06.33.28:863][957]CompilerResultsLog: [Upgrade]     bLegacyPublicIncludePaths = false                 => Omits subfolders from public include paths to reduce compiler command line length. (Previously: true).
[2020.01.19-06.33.28:863][957]CompilerResultsLog: [Upgrade]     ShadowVariableWarningLevel = WarningLevel.Error   => Treats shadowed variable warnings as errors. (Previously: WarningLevel.Warning).
[2020.01.19-06.33.28:863][957]CompilerResultsLog: [Upgrade]     PCHUsage = PCHUsageMode.UseExplicitOrSharedPCHs   => Set in build.cs files to enables IWYU-style PCH model. See https://docs.unrealengine.com/en-US/Programming/BuildTools/UnrealBuildTool/IWYU/index.html. (Previously: PCHUsageMode.UseSharedPCHs).
[2020.01.19-06.33.28:863][957]CompilerResultsLog: [Upgrade] Suppress this message by setting 'DefaultBuildSettings = BuildSettingsVersion.V2;' in ModernGladiatorEditor.Target.cs, and explicitly overriding settings that differ from the new defaults.
[2020.01.19-06.33.28:863][957]CompilerResultsLog: [Upgrade]
[2020.01.19-06.33.28:863][957]CompilerResultsLog: Building 11 actions with 12 processes...
[2020.01.19-06.33.28:863][957]CompilerResultsLog:   [1/11] InteractInterface.cpp
[2020.01.19-06.33.28:863][957]CompilerResultsLog:   [2/11] ModernGladiator.cpp
[2020.01.19-06.33.28:863][957]CompilerResultsLog:   [3/11] ModernGladiator.init.gen.cpp
[2020.01.19-06.33.28:863][957]CompilerResultsLog:   [4/11] ModernGladiatorGameModeBase.cpp
[2020.01.19-06.33.28:863][957]CompilerResultsLog:   [5/11] InteractInterface.gen.cpp
[2020.01.19-06.33.28:863][957]CompilerResultsLog:   [6/11] MyCharacter.gen.cpp
[2020.01.19-06.33.28:863][957]CompilerResultsLog:   [7/11] ModernGladiatorGameModeBase.gen.cpp
[2020.01.19-06.33.28:863][957]CompilerResultsLog:   [8/11] MyCharacter.cpp
[2020.01.19-06.33.28:863][957]CompilerResultsLog:   D:\lesupermomo\git2\Modern_Gladiator\ModernGladiator\Source\ModernGladiator\Private\Characters\MyCharacter.cpp(27): warning C4996: 'UObject::CreateAbstractDefaultSubobject': CreateAbstract did not work as intended and has been deprecated in favor of CreateDefaultObject Please update your code to the new API before upgrading to the next release, otherwise your project will no longer compile.
[2020.01.19-06.33.28:863][957]CompilerResultsLog:   D:\Program Files\Epic Games\UE_4.24\Engine\Source\Runtime\CoreUObject\Public\UObject/Object.h(145): note: see declaration of 'UObject::CreateAbstractDefaultSubobject'
[2020.01.19-06.33.28:863][957]CompilerResultsLog:   [9/11] UE4Editor-ModernGladiator-4064.lib
[2020.01.19-06.33.28:863][957]CompilerResultsLog:      Creating library D:\lesupermomo\git2\Modern_Gladiator\ModernGladiator\Intermediate\Build\Win64\UE4Editor\Development\ModernGladiator\UE4Editor-ModernGladiator-4064.lib and object D:\lesupermomo\git2\Modern_Gladiator\ModernGladiator\Intermediate\Build\Win64\UE4Editor\Development\ModernGladiator\UE4Editor-ModernGladiator-4064.exp
[2020.01.19-06.33.28:863][957]CompilerResultsLog:   [10/11] UE4Editor-ModernGladiator-4064.dll
[2020.01.19-06.33.28:863][957]CompilerResultsLog:      Creating library D:\lesupermomo\git2\Modern_Gladiator\ModernGladiator\Intermediate\Build\Win64\UE4Editor\Development\ModernGladiator\UE4Editor-ModernGladiator-4064.suppressed.lib and object D:\lesupermomo\git2\Modern_Gladiator\ModernGladiator\Intermediate\Build\Win64\UE4Editor\Development\ModernGladiator\UE4Editor-ModernGladiator-4064.suppressed.exp
[2020.01.19-06.33.28:863][957]CompilerResultsLog:   [11/11] ModernGladiatorEditor.target
[2020.01.19-06.33.28:863][957]CompilerResultsLog: Total time in Parallel executor: 3.60 seconds
[2020.01.19-06.33.28:863][957]CompilerResultsLog: Total execution time: 12.47 seconds
[2020.01.19-06.33.28:863][957]LogMainFrame: MainFrame: Module compiling took 12.717 seconds
[2020.01.19-06.33.28:897][957]LogUObjectHash: Compacting FUObjectHashTables data took   1.27ms
[2020.01.19-06.33.28:916][957]LogClass: Could not find existing class InteractInterface in package /Script/ModernGladiator for HotReload, assuming new class
[2020.01.19-06.33.28:926][957]LogContentBrowser: Native class hierarchy updated for 'ModernGladiator' in 0.0004 seconds. Added 3 classes and 5 folders.
[2020.01.19-06.33.28:931][957]Display: HotReload successful (1 functions remapped  0 scriptstructs remapped)
[2020.01.19-06.33.29:044][957]LogUObjectHash: Compacting FUObjectHashTables data took   2.08ms
[2020.01.19-06.33.29:063][957]LogContentBrowser: Native class hierarchy populated in 0.0099 seconds. Added 3020 classes and 725 folders.
[2020.01.19-06.33.29:063][957]Display: HotReload took 12.9s.
[2020.01.19-06.33.29:078][957]Warning: HotReload operation took 12.9s.
[2020.01.19-06.33.29:358][957]LogSlate: Window 'Add C++ Class' being destroyed
[2020.01.19-06.33.29:631][957]LogHotReload: New module detected: UE4Editor-ModernGladiator-4064.dll
[2020.01.19-06.33.29:706][958]LogHotReload: Starting Hot-Reload from IDE
[2020.01.19-06.33.29:806][958]LogUObjectHash: Compacting FUObjectHashTables data took   3.78ms
[2020.01.19-06.33.29:813][958]LogContentBrowser: Native class hierarchy updated for 'ModernGladiator' in 0.0005 seconds. Added 3 classes and 5 folders.
[2020.01.19-06.33.29:818][958]Display: HotReload successful (0 functions remapped  0 scriptstructs remapped)
[2020.01.19-06.33.29:871][958]LogUObjectHash: Compacting FUObjectHashTables data took   2.30ms
[2020.01.19-06.33.29:886][958]LogContentBrowser: Native class hierarchy populated in 0.0077 seconds. Added 3020 classes and 725 folders.
[2020.01.19-06.33.29:898][958]Display: HotReload took  0.2s.
[2020.01.19-06.34.23:786][118]LogUObjectHash: Compacting FUObjectHashTables data took   3.48ms
[2020.01.19-06.34.23:787][118]LogFileHelpers: Editor autosave (incl. sublevels) for '/Game/Maps/Main' took 0.062
[2020.01.19-06.37.11:855][620]LogHotReload: New module detected: UE4Editor-ModernGladiator-0023.dll
[2020.01.19-06.37.13:215][625]LogHotReload: Starting Hot-Reload from IDE
[2020.01.19-06.37.13:291][625]LogUObjectHash: Compacting FUObjectHashTables data took   0.89ms
[2020.01.19-06.37.13:307][625]LogClass: Could not find existing class InteractInterface in package /Script/ModernGladiator for HotReload, assuming new class
[2020.01.19-06.37.13:307][625]LogClass: Function EndFocus is new.
[2020.01.19-06.37.13:307][625]LogClass: Function OnInteract is new.
[2020.01.19-06.37.13:307][625]LogClass: Function StartFocus is new.
[2020.01.19-06.37.13:316][625]LogHotReload: Re-instancing InteractInterface after hot-reload.
[2020.01.19-06.37.13:472][625]LogContentBrowser: Native class hierarchy updated for 'ModernGladiator' in 0.0004 seconds. Added 3 classes and 5 folders.
[2020.01.19-06.37.13:476][625]Display: HotReload successful (1 functions remapped  0 scriptstructs remapped)
[2020.01.19-06.37.13:560][625]LogUObjectHash: Compacting FUObjectHashTables data took   1.67ms
[2020.01.19-06.37.13:576][625]LogContentBrowser: Native class hierarchy populated in 0.0094 seconds. Added 3020 classes and 725 folders.
[2020.01.19-06.37.13:586][625]Display: HotReload took  0.4s.
[2020.01.19-06.38.44:007][528]LogSlate: Prevented a slow task dialog from being summoned while a context menu was open
[2020.01.19-06.44.24:955][946]LogUObjectHash: Compacting FUObjectHashTables data took   4.91ms
[2020.01.19-06.44.24:957][946]LogFileHelpers: Editor autosave (incl. sublevels) for '/Game/Maps/Main' took 0.082
[2020.01.19-06.44.24:958][946]OBJ SavePackage: Generating thumbnails for [1] asset(s) in package [/Game/Blueprints/BP_Character] ([1] browsable assets)...
[2020.01.19-06.44.24:985][946]OBJ SavePackage:     Rendered thumbnail for [Blueprint /Game/Blueprints/BP_Character.BP_Character]
[2020.01.19-06.44.24:985][946]OBJ SavePackage: Finished generating thumbnails for package [/Game/Blueprints/BP_Character]
[2020.01.19-06.44.25:010][946]LogSavePackage: Moving '../../../../../../lesupermomo/git2/Modern_Gladiator/ModernGladiator/Saved/BP_Character_Auto201E4949349FF61D5CF919584F3505B44.tmp' to '../../../../../../lesupermomo/git2/Modern_Gladiator/ModernGladiator/Saved/Autosaves/Game/Blueprints/BP_Character_Auto2.uasset'
[2020.01.19-06.44.25:011][946]LogFileHelpers: Auto-saving content packages took 0.054
[2020.01.19-06.49.00:652][577]LogHotReload: New module detected: UE4Editor-ModernGladiator-0024.dll
[2020.01.19-06.49.01:683][581]LogHotReload: Starting Hot-Reload from IDE
[2020.01.19-06.49.01:776][581]LogUObjectHash: Compacting FUObjectHashTables data took   3.14ms
[2020.01.19-06.49.01:803][581]LogContentBrowser: Native class hierarchy updated for 'ModernGladiator' in 0.0004 seconds. Added 3 classes and 5 folders.
[2020.01.19-06.49.01:807][581]Display: HotReload successful (4 functions remapped  0 scriptstructs remapped)
[2020.01.19-06.49.01:915][581]LogUObjectHash: Compacting FUObjectHashTables data took   1.69ms
[2020.01.19-06.49.01:929][581]LogContentBrowser: Native class hierarchy populated in 0.0074 seconds. Added 3020 classes and 725 folders.
[2020.01.19-06.49.01:939][581]Display: HotReload took  0.3s.
[2020.01.19-06.51.28:763][259]LogSlate: Window 'Message' being destroyed
[2020.01.19-06.54.25:849][813]LogUObjectHash: Compacting FUObjectHashTables data took   4.98ms
[2020.01.19-06.54.25:851][813]LogFileHelpers: Editor autosave (incl. sublevels) for '/Game/Maps/Main' took 0.078
[2020.01.19-06.54.25:851][813]OBJ SavePackage: Generating thumbnails for [1] asset(s) in package [/Game/Blueprints/BP_Character] ([1] browsable assets)...
[2020.01.19-06.54.25:879][813]OBJ SavePackage:     Rendered thumbnail for [Blueprint /Game/Blueprints/BP_Character.BP_Character]
[2020.01.19-06.54.25:879][813]OBJ SavePackage: Finished generating thumbnails for package [/Game/Blueprints/BP_Character]
[2020.01.19-06.54.25:898][813]LogSavePackage: Moving '../../../../../../lesupermomo/git2/Modern_Gladiator/ModernGladiator/Saved/BP_Character_Auto39C6FF2DB45E503E916C1EA9ADA83ED1B.tmp' to '../../../../../../lesupermomo/git2/Modern_Gladiator/ModernGladiator/Saved/Autosaves/Game/Blueprints/BP_Character_Auto3.uasset'
[2020.01.19-06.54.25:899][813]LogFileHelpers: Auto-saving content packages took 0.048
[2020.01.19-07.01.21:811][ 55]LogHotReload: New module detected: UE4Editor-ModernGladiator-0025.dll
[2020.01.19-07.01.22:842][ 59]LogHotReload: Starting Hot-Reload from IDE
[2020.01.19-07.01.22:944][ 59]LogUObjectHash: Compacting FUObjectHashTables data took   3.62ms
[2020.01.19-07.01.22:957][ 59]LogClass: Could not find existing class InteractInterface in package /Script/ModernGladiator for HotReload, assuming new class
[2020.01.19-07.01.22:960][ 59]LogClass: Could not find existing class MyCharacter in package /Script/ModernGladiator for HotReload, assuming new class
[2020.01.19-07.01.22:960][ 59]LogClass: Function TraceForward is new.
[2020.01.19-07.01.22:966][ 59]LogHotReload: Re-instancing InteractInterface after hot-reload.
[2020.01.19-07.01.23:146][ 59]LogHotReload: Re-instancing MyCharacter after hot-reload.
[2020.01.19-07.01.23:500][ 59]LogContentBrowser: Native class hierarchy updated for 'ModernGladiator' in 0.0004 seconds. Added 3 classes and 5 folders.
[2020.01.19-07.01.23:504][ 59]Display: HotReload successful (0 functions remapped  0 scriptstructs remapped)
[2020.01.19-07.01.23:603][ 59]LogUObjectHash: Compacting FUObjectHashTables data took   3.66ms
[2020.01.19-07.01.23:616][ 59]LogContentBrowser: Native class hierarchy populated in 0.0072 seconds. Added 3020 classes and 725 folders.
[2020.01.19-07.01.23:627][ 59]Display: HotReload took  0.8s.
[2020.01.19-07.02.06:239][726]Cmd: OBJ SAVEPACKAGE PACKAGE="/Game/Maps/Main" FILE="../../../../../../lesupermomo/git2/Modern_Gladiator/ModernGladiator/Content/Maps/Main.umap" SILENT=true AUTOSAVING=false KEEPDIRTY=false
[2020.01.19-07.02.06:312][726]LogUObjectHash: Compacting FUObjectHashTables data took   3.85ms
[2020.01.19-07.02.06:332][726]LogSavePackage: Moving '../../../../../../lesupermomo/git2/Modern_Gladiator/ModernGladiator/Saved/Main1C4904464745A65BF39B089B97569CC2.tmp' to '../../../../../../lesupermomo/git2/Modern_Gladiator/ModernGladiator/Content/Maps/Main.umap'
[2020.01.19-07.02.06:353][726]Cmd: OBJ SAVEPACKAGE PACKAGE="/Game/Maps/Main_BuiltData" FILE="../../../../../../lesupermomo/git2/Modern_Gladiator/ModernGladiator/Content/Maps/Main_BuiltData.uasset" SILENT=true
[2020.01.19-07.02.06:486][726]LogSavePackage: Moving '../../../../../../lesupermomo/git2/Modern_Gladiator/ModernGladiator/Saved/Main_BuiltData0D38616A41A2556519FBA7B8DAFA2B0F.tmp' to '../../../../../../lesupermomo/git2/Modern_Gladiator/ModernGladiator/Content/Maps/Main_BuiltData.uasset'
[2020.01.19-07.02.06:507][726]AssetCheck: New page: Asset Save: multiple assets
[2020.01.19-07.02.06:507][726]LogContentValidation: Display: Validating World /Game/Maps/Main.Main
[2020.01.19-07.02.06:507][726]LogContentValidation: Display: Validating MapBuildDataRegistry /Game/Maps/Main_BuiltData.Main_BuiltData
[2020.01.19-07.02.08:002][803]MapCheck: New page: Map Check
[2020.01.19-07.02.08:023][803]Cmd: MAP REBUILD ALLVISIBLE
[2020.01.19-07.02.08:023][803]LogEditorServer: Rebuildmap Clear paths rebuilt
[2020.01.19-07.02.08:088][803]LogWorld: UWorld::CleanupWorld for Main, bSessionEnded=true, bCleanupResources=false
[2020.01.19-07.02.08:149][803]LogUObjectHash: Compacting FUObjectHashTables data took   3.42ms
[2020.01.19-07.02.08:157][803]LogMaterial: Display: Missing cached shader map for material DebugViewMode MaterialTexCoordScale, compiling. 
[2020.01.19-07.02.08:169][803]LogShaderCompilers: Display: Worker (1/9): shaders left to compile 2
[2020.01.19-07.02.08:169][803]LogShaderCompilers: Display: Worker (2/9): shaders left to compile 1
[2020.01.19-07.02.08:169][803]LogMaterial: Display: Missing cached shader map for material DebugViewMode MaterialTexCoordScale, compiling. 
[2020.01.19-07.02.08:181][803]LogMaterial: Display: Missing cached shader map for material DebugViewMode MaterialTexCoordScale, compiling. 
[2020.01.19-07.02.08:629][803]LogShaderCompilers: Display: Worker (3/9): shaders left to compile 4
[2020.01.19-07.02.08:629][803]LogShaderCompilers: Display: Worker (4/9): shaders left to compile 3
[2020.01.19-07.02.08:629][803]LogShaderCompilers: Display: Worker (5/9): shaders left to compile 2
[2020.01.19-07.02.08:629][803]LogShaderCompilers: Display: Worker (6/9): shaders left to compile 1
[2020.01.19-07.02.08:629][803]TextureStreamingBuild: Display: Compiling optional shaders took 0.479 seconds.
[2020.01.19-07.02.08:636][803]LogLevel: Display: Export Material TexCoord Scales took 0.007 seconds.
[2020.01.19-07.02.08:646][803]TextureStreamingBuild: Display: Build Texture Streaming took 0.009 seconds.
[2020.01.19-07.02.08:701][803]LogUObjectHash: Compacting FUObjectHashTables data took   0.88ms
[2020.01.19-07.02.08:703][803]LightingResults: New page: Lighting Build - Jan 18, 2020, 9:02:08 PM
[2020.01.19-07.02.08:712][803]LogSwarmInterface: [OpenConnection] Registering TCP channel ...
[2020.01.19-07.02.08:716][803]LogSwarmInterface: [OpenConnection] Connecting to agent ...
[2020.01.19-07.02.08:717][803]LogSwarmInterface: [TryOpenConnection] Testing the Agent
[2020.01.19-07.02.08:718][803]LogSwarmInterface: [TryOpenConnection] Opening Connection to Agent
[2020.01.19-07.02.08:719][803]LogSwarmInterface: [TryOpenConnection] Local Process ID is 20312
[2020.01.19-07.02.13:369][803]LogStaticLightingSystem: Warning: No importance volume found, so the scene bounding box was used.  You can optimize your scene's quality and lighting build times by adding importance volumes.
[2020.01.19-07.02.13:369][803]LogStaticLightingSystem: Running Lightmass w/ ImmediateImport mode ENABLED
[2020.01.19-07.02.13:369][803]LogStaticLightingSystem: Running Lightmass w/ ImmediateProcess mode ENABLED
[2020.01.19-07.02.13:369][803]LogStaticLightingSystem: Running Lightmass w/ Sorting mode ENABLED
[2020.01.19-07.02.13:369][803]LogStaticLightingSystem: Running Lightmass w/ Mapping paddings ENABLED
[2020.01.19-07.02.13:369][803]LogStaticLightingSystem: Running Lightmass w/ Mapping debug paddings DISABLED
[2020.01.19-07.02.13:553][803]Cmd: MAP CHECK DONTDISPLAYDIALOG
[2020.01.19-07.02.13:553][803]MapCheck: New page: Main - Jan 18, 2020, 9:02:13 PM
[2020.01.19-07.02.13:553][803]MapCheck: Map check complete: 0 Error(s), 0 Warning(s), took 0.247ms to complete.
[2020.01.19-07.02.13:555][803]LogEditorBuildUtils: Build time 0:05
[2020.01.19-07.02.13:950][806]LogUObjectHash: Compacting FUObjectHashTables data took   2.66ms
[2020.01.19-07.02.15:583][849]Job is a success!
[2020.01.19-07.02.15:827][850]LogVolumetricLightmapImport: Imported Volumetric Lightmap in 0.020s
[2020.01.19-07.02.15:827][850]LogVolumetricLightmapImport:      Indirection Texture 16x16x16 = 0.0Mb
[2020.01.19-07.02.15:827][850]LogVolumetricLightmapImport:      BrickData (all levels) 0.4Mb
[2020.01.19-07.02.15:827][850]LogVolumetricLightmapImport:      Bricks at depth
[2020.01.19-07.02.15:827][850]LogVolumetricLightmapImport:          0: 1.3% covering 100.0% of volume
[2020.01.19-07.02.15:827][850]LogVolumetricLightmapImport:          1: 5.0% covering 6.3% of volume
[2020.01.19-07.02.15:827][850]LogVolumetricLightmapImport:          2: 93.8% covering 1.8% of volume
[2020.01.19-07.02.15:827][850]LogVolumetricLightmapImport:      Bricks in each level
[2020.01.19-07.02.15:827][850]LogVolumetricLightmapImport:          Main 			 80 bricks 	 100.0% (Persistent Level)
[2020.01.19-07.02.15:895][850]LogTexture: Display: Building textures: LQ_Lightmap_0_1 (DXT1, 512X512)
[2020.01.19-07.02.15:895][850]LogTexture: Display: Building textures: HQ_Lightmap0_1 (AutoDXT, 512X512)
[2020.01.19-07.02.15:895][850]LogTexture: Display: Building textures: LQ_Lightmap_0_2 (DXT1, 64X64)
[2020.01.19-07.02.15:895][850]LogTexture: Display: Building textures: HQ_Lightmap0_2 (AutoDXT, 64X64)
[2020.01.19-07.02.15:895][850]LogTexture: Display: Building textures: ShadowMapTexture2D_3 (G8, 32X32)
[2020.01.19-07.02.15:895][850]LogTexture: Display: Building textures: ShadowMapTexture2D_2 (G8, 512X128)
[2020.01.19-07.02.15:895][850]LogStaticLightingSystem: Main_BuiltData storing lightmap data for 12 meshes in 3 LightmapResourceClusters (4.0 Meshes per cluster).
[2020.01.19-07.02.15:932][850]Lightmass on DESKTOP-9VH3JGO: 1.13 sec total, 104 ms importing, 5 ms setup, 126 ms photons, 881 ms processing, 0 ms extra exporting [12/12 mappings]. Threads: 9.67 sec total, 802 ms processing.
[2020.01.19-07.02.15:935][850]LogUObjectHash: Compacting FUObjectHashTables data took   2.24ms
[2020.01.19-07.02.16:001][850]LogStaticLightingSystem: Illumination: 7.19 sec (45 ms encoding lightmaps, 13 ms encoding shadowmaps)
[2020.01.19-07.02.16:001][850]LogStaticLightingSystem: Lightmap texture memory:  0.5 MB (0.5 MB streaming, 0.0 MB non-streaming), 4 textures
[2020.01.19-07.02.16:001][850]LogStaticLightingSystem: Shadowmap texture memory: 0.1 MB (0.1 MB streaming, 0.0 MB non-streaming), 2 textures
[2020.01.19-07.02.16:383][850]DumpUnbuiltLightIteractions
[2020.01.19-07.02.16:383][850]Lights with unbuilt interactions: 0
[2020.01.19-07.02.16:383][850]
[2020.01.19-07.02.16:383][850]Primitives with unbuilt interactions: 0
[2020.01.19-07.02.16:582][851]Cmd: MAP CHECK NOTIFYRESULTS
[2020.01.19-07.02.16:582][851]MapCheck: New page: Main - Jan 18, 2020, 9:02:16 PM
[2020.01.19-07.02.16:582][851]MapCheck: Map check complete: 0 Error(s), 0 Warning(s), took 0.222ms to complete.
[2020.01.19-07.02.21:345][129]BlueprintLog: New page: Compile BP_Character
[2020.01.19-07.02.21:551][129]LogUObjectHash: Compacting FUObjectHashTables data took   3.24ms
[2020.01.19-07.02.22:913][204]BlueprintLog: New page: Compile BP_Character
[2020.01.19-07.02.23:117][204]LogUObjectHash: Compacting FUObjectHashTables data took   3.19ms
