  Using 'git status' to determine working set for adaptive non-unity build (D:\lesupermomo\git2\Modern_Gladiator).
  Parsing headers for ModernGladiatorEditor
    Running UnrealHeaderTool "D:\lesupermomo\git2\Modern_Gladiator\ModernGladiator\ModernGladiator.uproject" "D:\lesupermomo\git2\Modern_Gladiator\ModernGladiator\Intermediate\Build\Win64\ModernGladiatorEditor\Development\ModernGladiatorEditor.uhtmanifest" -LogCmds="loginit warning, logexit warning, logdatabase error" -Unattended -WarningsAsErrors -installed
  Reflection code generated for ModernGladiatorEditor in 5.258121 seconds
  Building ModernGladiatorEditor...
  Using Visual Studio 2019 14.24.28315 toolchain (C:\Program Files (x86)\Microsoft Visual Studio\2019\Community\VC\Tools\MSVC\14.24.28314) and Windows 10.0.18362.0 SDK (D:\Program Files (x86)\Windows Kits\10).
  [Upgrade]
  [Upgrade] Using backward-compatible build settings. The latest version of UE4 sets the following values by default, which may require code changes:
  [Upgrade]     bLegacyPublicIncludePaths = false                 => Omits subfolders from public include paths to reduce compiler command line length. (Previously: true).
  [Upgrade]     ShadowVariableWarningLevel = WarningLevel.Error   => Treats shadowed variable warnings as errors. (Previously: WarningLevel.Warning).
  [Upgrade]     PCHUsage = PCHUsageMode.UseExplicitOrSharedPCHs   => Set in build.cs files to enables IWYU-style PCH model. See https://docs.unrealengine.com/en-US/Programming/BuildTools/UnrealBuildTool/IWYU/index.html. (Previously: PCHUsageMode.UseSharedPCHs).
  [Upgrade] Suppress this message by setting 'DefaultBuildSettings = BuildSettingsVersion.V2;' in ModernGladiatorEditor.Target.cs, and explicitly overriding settings that differ from the new defaults.
  [Upgrade]
  Building 8 actions with 12 processes...
    [1/8] InteractInterface.cpp
    [2/8] ModernGladiator.init.gen.cpp
    [3/8] InteractInterface.gen.cpp
    [4/8] MyCharacter.gen.cpp
    [5/8] MyCharacter.cpp
D:\lesupermomo\git2\Modern_Gladiator\ModernGladiator\Source\ModernGladiator\Private\Characters\MyCharacter.cpp(27): warning C4996: 'UObject::CreateAbstractDefaultSubobject': CreateAbstract did not work as intended and has been deprecated in favor of CreateDefaultObject Please update your code to the new API before upgrading to the next release, otherwise your project will no longer compile.
    D:\Program Files\Epic Games\UE_4.24\Engine\Source\Runtime\CoreUObject\Public\UObject/Object.h(145): note: see declaration of 'UObject::CreateAbstractDefaultSubobject'
    [6/8] UE4Editor-ModernGladiator-0025.lib
       Creating library D:\lesupermomo\git2\Modern_Gladiator\ModernGladiator\Intermediate\Build\Win64\UE4Editor\Development\ModernGladiator\UE4Editor-ModernGladiator-0025.lib and object D:\lesupermomo\git2\Modern_Gladiator\ModernGladiator\Intermediate\Build\Win64\UE4Editor\Development\ModernGladiator\UE4Editor-ModernGladiator-0025.exp
    [7/8] UE4Editor-ModernGladiator-0025.dll
       Creating library D:\lesupermomo\git2\Modern_Gladiator\ModernGladiator\Intermediate\Build\Win64\UE4Editor\Development\ModernGladiator\UE4Editor-ModernGladiator-0025.suppressed.lib and object D:\lesupermomo\git2\Modern_Gladiator\ModernGladiator\Intermediate\Build\Win64\UE4Editor\Development\ModernGladiator\UE4Editor-ModernGladiator-0025.suppressed.exp
    [8/8] ModernGladiatorEditor.target
  Total time in Parallel executor: 2.31 seconds
  Total execution time: 8.43 seconds
